    raise MaxRetryError(_pool, url, reason) from reason  # type: ignore[arg-type]
urllib3.exceptions.MaxRetryError: HTTPSConnectionPool(host='api.telegram.org', port=443): Max retries exceeded with url: /bot8002951108:AAEeUXPdNKVPc7_wdAiFGAgXyV0InsJMDhk/sendMessage?chat_id=7880397584&text=Error+processing+link%3A+Page.click%3A+Timeout+30000ms+exceeded.%0ACall+log%3A%0Awaiting+for+locator%28%22.chevron-down%22%29%0A (Caused by SSLError(SSLCertVerificationError(1, '[SSL: CERTIFICATE_VERIFY_FAILED] certificate verify failed: self signed certificate (_ssl.c:1129)')))

During handling of the above exception, another exception occurred:

Traceback (most recent call last):
  File "D:\Python\BsVinh\Chess\Chess Analysis Sever\Chrome Server Deep PGN\.\main.py", line 749, in run
    send_telegram_bot(f"Error processing link: {e}")
  File "D:\Python\BsVinh\Chess\Chess Analysis Sever\Chrome Server Deep PGN\.\main.py", line 1058, in send_telegram_bot
    response = requests.get(url, params=params)
  File "C:\Users\robeb\AppData\Local\Packages\PythonSoftwareFoundation.Python.3.9_qbz5n2kfra8p0\LocalCache\local-packages\Python39\site-packages\requests\api.py", line 73, in get
    return request("get", url, params=params, **kwargs)
  File "C:\Users\robeb\AppData\Local\Packages\PythonSoftwareFoundation.Python.3.9_qbz5n2kfra8p0\LocalCache\local-packages\Python39\site-packages\requests\api.py", line 59, in request
    return session.request(method=method, url=url, **kwargs)
  File "C:\Users\robeb\AppData\Local\Packages\PythonSoftwareFoundation.Python.3.9_qbz5n2kfra8p0\LocalCache\local-packages\Python39\site-packages\requests\sessions.py", line 589, in request
    resp = self.send(prep, **send_kwargs)
  File "C:\Users\robeb\AppData\Local\Packages\PythonSoftwareFoundation.Python.3.9_qbz5n2kfra8p0\LocalCache\local-packages\Python39\site-packages\requests\sessions.py", line 703, in send
    r = adapter.send(request, **kwargs)
  File "C:\Users\robeb\AppData\Local\Packages\PythonSoftwareFoundation.Python.3.9_qbz5n2kfra8p0\LocalCache\local-packages\Python39\site-packages\requests\adapters.py", line 698, in send
    raise SSLError(e, request=request)
requests.exceptions.SSLError: HTTPSConnectionPool(host='api.telegram.org', port=443): Max retries exceeded with url: /bot8002951108:AAEeUXPdNKVPc7_wdAiFGAgXyV0InsJMDhk/sendMessage?chat_id=7880397584&text=Error+processing+link%3A+Page.click%3A+Timeout+30000ms+exceeded.%0ACall+log%3A%0Awaiting+for+locator%28%22.chevron-down%22%29%0A (Caused by SSLError(SSLCertVerificationError(1, '[SSL: CERTIFICATE_VERIFY_FAILED] certificate verify failed: self signed certificate (_ssl.c:1129)')))

During handling of the above exception, another exception occurred:

Traceback (most recent call last):
  File "C:\Users\robeb\AppData\Local\Packages\PythonSoftwareFoundation.Python.3.9_qbz5n2kfra8p0\LocalCache\local-packages\Python39\site-packages\urllib3\connectionpool.py", line 466, in _make_request
    self._validate_conn(conn)
  File "C:\Users\robeb\AppData\Local\Packages\PythonSoftwareFoundation.Python.3.9_qbz5n2kfra8p0\LocalCache\local-packages\Python39\site-packages\urllib3\connectionpool.py", line 1095, in _validate_conn
    conn.connect()
  File "C:\Users\robeb\AppData\Local\Packages\PythonSoftwareFoundation.Python.3.9_qbz5n2kfra8p0\LocalCache\local-packages\Python39\site-packages\urllib3\connection.py", line 730, in connect
    sock_and_verified = _ssl_wrap_socket_and_match_hostname(
  File "C:\Users\robeb\AppData\Local\Packages\PythonSoftwareFoundation.Python.3.9_qbz5n2kfra8p0\LocalCache\local-packages\Python39\site-packages\urllib3\connection.py", line 909, in _ssl_wrap_socket_and_match_hostname
    ssl_sock = ssl_wrap_socket(
  File "C:\Users\robeb\AppData\Local\Packages\PythonSoftwareFoundation.Python.3.9_qbz5n2kfra8p0\LocalCache\local-packages\Python39\site-packages\urllib3\util\ssl_.py", line 469, in ssl_wrap_socket
    ssl_sock = _ssl_wrap_socket_impl(sock, context, tls_in_tls, server_hostname)
  File "C:\Users\robeb\AppData\Local\Packages\PythonSoftwareFoundation.Python.3.9_qbz5n2kfra8p0\LocalCache\local-packages\Python39\site-packages\urllib3\util\ssl_.py", line 513, in _ssl_wrap_socket_impl
    return ssl_context.wrap_socket(sock, server_hostname=server_hostname)
  File "C:\Program Files\WindowsApps\PythonSoftwareFoundation.Python.3.9_3.9.3568.0_x64__qbz5n2kfra8p0\lib\ssl.py", line 501, in wrap_socket
    return self.sslsocket_class._create(
  File "C:\Program Files\WindowsApps\PythonSoftwareFoundation.Python.3.9_3.9.3568.0_x64__qbz5n2kfra8p0\lib\ssl.py", line 1041, in _create
    self.do_handshake()
  File "C:\Program Files\WindowsApps\PythonSoftwareFoundation.Python.3.9_3.9.3568.0_x64__qbz5n2kfra8p0\lib\ssl.py", line 1310, in do_handshake
    self._sslobj.do_handshake()
ssl.SSLCertVerificationError: [SSL: CERTIFICATE_VERIFY_FAILED] certificate verify failed: self signed certificate (_ssl.c:1129)

During handling of the above exception, another exception occurred:

Traceback (most recent call last):
  File "C:\Users\robeb\AppData\Local\Packages\PythonSoftwareFoundation.Python.3.9_qbz5n2kfra8p0\LocalCache\local-packages\Python39\site-packages\urllib3\connectionpool.py", line 789, in urlopen
    response = self._make_request(
  File "C:\Users\robeb\AppData\Local\Packages\PythonSoftwareFoundation.Python.3.9_qbz5n2kfra8p0\LocalCache\local-packages\Python39\site-packages\urllib3\connectionpool.py", line 490, in _make_request
    raise new_e
urllib3.exceptions.SSLError: [SSL: CERTIFICATE_VERIFY_FAILED] certificate verify failed: self signed certificate (_ssl.c:1129)

The above exception was the direct cause of the following exception:

Traceback (most recent call last):
  File "C:\Users\robeb\AppData\Local\Packages\PythonSoftwareFoundation.Python.3.9_qbz5n2kfra8p0\LocalCache\local-packages\Python39\site-packages\requests\adapters.py", line 667, in send
    resp = conn.urlopen(
  File "C:\Users\robeb\AppData\Local\Packages\PythonSoftwareFoundation.Python.3.9_qbz5n2kfra8p0\LocalCache\local-packages\Python39\site-packages\urllib3\connectionpool.py", line 843, in urlopen
    retries = retries.increment(
  File "C:\Users\robeb\AppData\Local\Packages\PythonSoftwareFoundation.Python.3.9_qbz5n2kfra8p0\LocalCache\local-packages\Python39\site-packages\urllib3\util\retry.py", line 519, in increment
    raise MaxRetryError(_pool, url, reason) from reason  # type: ignore[arg-type]
urllib3.exceptions.MaxRetryError: HTTPSConnectionPool(host='api.telegram.org', port=443): Max retries exceeded with url: /bot8002951108:AAEeUXPdNKVPc7_wdAiFGAgXyV0InsJMDhk/sendMessage?chat_id=7880397584&text=Error+in+run+function+for+link+%3A+HTTPSConnectionPool%28host%3D%27api.telegram.org%27%2C+port%3D443%29%3A+Max+retries+exceeded+with+url%3A+%2Fbot8002951108%3AAAEeUXPdNKVPc7_wdAiFGAgXyV0InsJMDhk%2FsendMessage%3Fchat_id%3D7880397584%26text%3DError%2Bprocessing%2Blink%253A%2BPage.click%253A%2BTimeout%2B30000ms%2Bexceeded.%250ACall%2Blog%253A%250Awaiting%2Bfor%2Blocator%2528%2522.chevron-down%2522%2529%250A+%28Caused+by+SSLError%28SSLCertVerificationError%281%2C+%27%5BSSL%3A+CERTIFICATE_VERIFY_FAILED%5D+certificate+verify+failed%3A+self+signed+certificate+%28_ssl.c%3A1129%29%27%29%29%29 (Caused by SSLError(SSLCertVerificationError(1, '[SSL: CERTIFICATE_VERIFY_FAILED] certificate verify failed: self signed certificate (_ssl.c:1129)')))

During handling of the above exception, another exception occurred:

Traceback (most recent call last):
  File "D:\Python\BsVinh\Chess\Chess Analysis Sever\Chrome Server Deep PGN\.\main.py", line 1024, in process_link
    value = asyncio.run(run(link))
  File "C:\Program Files\WindowsApps\PythonSoftwareFoundation.Python.3.9_3.9.3568.0_x64__qbz5n2kfra8p0\lib\asyncio\runners.py", line 44, in run
    return loop.run_until_complete(main)
  File "C:\Program Files\WindowsApps\PythonSoftwareFoundation.Python.3.9_3.9.3568.0_x64__qbz5n2kfra8p0\lib\asyncio\base_events.py", line 647, in run_until_complete
    return future.result()
  File "D:\Python\BsVinh\Chess\Chess Analysis Sever\Chrome Server Deep PGN\.\main.py", line 1011, in run
    send_telegram_bot(f"Error in run function for link : {e}")
  File "D:\Python\BsVinh\Chess\Chess Analysis Sever\Chrome Server Deep PGN\.\main.py", line 1058, in send_telegram_bot
    response = requests.get(url, params=params)
  File "C:\Users\robeb\AppData\Local\Packages\PythonSoftwareFoundation.Python.3.9_qbz5n2kfra8p0\LocalCache\local-packages\Python39\site-packages\requests\api.py", line 73, in get
    return request("get", url, params=params, **kwargs)
  File "C:\Users\robeb\AppData\Local\Packages\PythonSoftwareFoundation.Python.3.9_qbz5n2kfra8p0\LocalCache\local-packages\Python39\site-packages\requests\api.py", line 59, in request
    return session.request(method=method, url=url, **kwargs)
  File "C:\Users\robeb\AppData\Local\Packages\PythonSoftwareFoundation.Python.3.9_qbz5n2kfra8p0\LocalCache\local-packages\Python39\site-packages\requests\sessions.py", line 589, in request
    resp = self.send(prep, **send_kwargs)
  File "C:\Users\robeb\AppData\Local\Packages\PythonSoftwareFoundation.Python.3.9_qbz5n2kfra8p0\LocalCache\local-packages\Python39\site-packages\requests\sessions.py", line 703, in send
    r = adapter.send(request, **kwargs)
  File "C:\Users\robeb\AppData\Local\Packages\PythonSoftwareFoundation.Python.3.9_qbz5n2kfra8p0\LocalCache\local-packages\Python39\site-packages\requests\adapters.py", line 698, in send
    raise SSLError(e, request=request)
requests.exceptions.SSLError: HTTPSConnectionPool(host='api.telegram.org', port=443): Max retries exceeded with url: /bot8002951108:AAEeUXPdNKVPc7_wdAiFGAgXyV0InsJMDhk/sendMessage?chat_id=7880397584&text=Error+in+run+function+for+link+%3A+HTTPSConnectionPool%28host%3D%27api.telegram.org%27%2C+port%3D443%29%3A+Max+retries+exceeded+with+url%3A+%2Fbot8002951108%3AAAEeUXPdNKVPc7_wdAiFGAgXyV0InsJMDhk%2FsendMessage%3Fchat_id%3D7880397584%26text%3DError%2Bprocessing%2Blink%253A%2BPage.click%253A%2BTimeout%2B30000ms%2Bexceeded.%250ACall%2Blog%253A%250Awaiting%2Bfor%2Blocator%2528%2522.chevron-down%2522%2529%250A+%28Caused+by+SSLError%28SSLCertVerificationError%281%2C+%27%5BSSL%3A+CERTIFICATE_VERIFY_FAILED%5D+certificate+verify+failed%3A+self+signed+certificate+%28_ssl.c%3A1129%29%27%29%29%29 (Caused by SSLError(SSLCertVerificationError(1, '[SSL: CERTIFICATE_VERIFY_FAILED] certificate verify failed: self signed certificate (_ssl.c:1129)')))

During handling of the above exception, another exception occurred:

Traceback (most recent call last):
  File "C:\Users\robeb\AppData\Local\Packages\PythonSoftwareFoundation.Python.3.9_qbz5n2kfra8p0\LocalCache\local-packages\Python39\site-packages\urllib3\connectionpool.py", line 466, in _make_request
    self._validate_conn(conn)
  File "C:\Users\robeb\AppData\Local\Packages\PythonSoftwareFoundation.Python.3.9_qbz5n2kfra8p0\LocalCache\local-packages\Python39\site-packages\urllib3\connectionpool.py", line 1095, in _validate_conn
    conn.connect()
  File "C:\Users\robeb\AppData\Local\Packages\PythonSoftwareFoundation.Python.3.9_qbz5n2kfra8p0\LocalCache\local-packages\Python39\site-packages\urllib3\connection.py", line 730, in connect
    sock_and_verified = _ssl_wrap_socket_and_match_hostname(
  File "C:\Users\robeb\AppData\Local\Packages\PythonSoftwareFoundation.Python.3.9_qbz5n2kfra8p0\LocalCache\local-packages\Python39\site-packages\urllib3\connection.py", line 909, in _ssl_wrap_socket_and_match_hostname
    ssl_sock = ssl_wrap_socket(
  File "C:\Users\robeb\AppData\Local\Packages\PythonSoftwareFoundation.Python.3.9_qbz5n2kfra8p0\LocalCache\local-packages\Python39\site-packages\urllib3\util\ssl_.py", line 469, in ssl_wrap_socket
    ssl_sock = _ssl_wrap_socket_impl(sock, context, tls_in_tls, server_hostname)
  File "C:\Users\robeb\AppData\Local\Packages\PythonSoftwareFoundation.Python.3.9_qbz5n2kfra8p0\LocalCache\local-packages\Python39\site-packages\urllib3\util\ssl_.py", line 513, in _ssl_wrap_socket_impl
    return ssl_context.wrap_socket(sock, server_hostname=server_hostname)
  File "C:\Program Files\WindowsApps\PythonSoftwareFoundation.Python.3.9_3.9.3568.0_x64__qbz5n2kfra8p0\lib\ssl.py", line 501, in wrap_socket
    return self.sslsocket_class._create(
  File "C:\Program Files\WindowsApps\PythonSoftwareFoundation.Python.3.9_3.9.3568.0_x64__qbz5n2kfra8p0\lib\ssl.py", line 1041, in _create
    self.do_handshake()
  File "C:\Program Files\WindowsApps\PythonSoftwareFoundation.Python.3.9_3.9.3568.0_x64__qbz5n2kfra8p0\lib\ssl.py", line 1310, in do_handshake
    self._sslobj.do_handshake()
ssl.SSLCertVerificationError: [SSL: CERTIFICATE_VERIFY_FAILED] certificate verify failed: self signed certificate (_ssl.c:1129)

During handling of the above exception, another exception occurred:

Traceback (most recent call last):
  File "C:\Users\robeb\AppData\Local\Packages\PythonSoftwareFoundation.Python.3.9_qbz5n2kfra8p0\LocalCache\local-packages\Python39\site-packages\urllib3\connectionpool.py", line 789, in urlopen
    response = self._make_request(
  File "C:\Users\robeb\AppData\Local\Packages\PythonSoftwareFoundation.Python.3.9_qbz5n2kfra8p0\LocalCache\local-packages\Python39\site-packages\urllib3\connectionpool.py", line 490, in _make_request
    raise new_e
urllib3.exceptions.SSLError: [SSL: CERTIFICATE_VERIFY_FAILED] certificate verify failed: self signed certificate (_ssl.c:1129)

The above exception was the direct cause of the following exception:

Traceback (most recent call last):
  File "C:\Users\robeb\AppData\Local\Packages\PythonSoftwareFoundation.Python.3.9_qbz5n2kfra8p0\LocalCache\local-packages\Python39\site-packages\requests\adapters.py", line 667, in send
    resp = conn.urlopen(
  File "C:\Users\robeb\AppData\Local\Packages\PythonSoftwareFoundation.Python.3.9_qbz5n2kfra8p0\LocalCache\local-packages\Python39\site-packages\urllib3\connectionpool.py", line 843, in urlopen
    retries = retries.increment(
  File "C:\Users\robeb\AppData\Local\Packages\PythonSoftwareFoundation.Python.3.9_qbz5n2kfra8p0\LocalCache\local-packages\Python39\site-packages\urllib3\util\retry.py", line 519, in increment
    raise MaxRetryError(_pool, url, reason) from reason  # type: ignore[arg-type]
urllib3.exceptions.MaxRetryError: HTTPSConnectionPool(host='api.telegram.org', port=443): Max retries exceeded with url: /bot8002951108:AAEeUXPdNKVPc7_wdAiFGAgXyV0InsJMDhk/sendMessage?chat_id=7880397584&text=Error+processing+link%3A+HTTPSConnectionPool%28host%3D%27api.telegram.org%27%2C+port%3D443%29%3A+Max+retries+exceeded+with+url%3A+%2Fbot8002951108%3AAAEeUXPdNKVPc7_wdAiFGAgXyV0InsJMDhk%2FsendMessage%3Fchat_id%3D7880397584%26text%3DError%2Bin%2Brun%2Bfunction%2Bfor%2Blink%2B%253A%2BHTTPSConnectionPool%2528host%253D%2527api.telegram.org%2527%252C%2Bport%253D443%2529%253A%2BMax%2Bretries%2Bexceeded%2Bwith%2Burl%253A%2B%252Fbot8002951108%253AAAEeUXPdNKVPc7_wdAiFGAgXyV0InsJMDhk%252FsendMessage%253Fchat_id%253D7880397584%2526text%253DError%252Bprocessing%252Blink%25253A%252BPage.click%25253A%252BTimeout%252B30000ms%252Bexceeded.%25250ACall%252Blog%25253A%25250Awaiting%252Bfor%252Blocator%252528%252522.chevron-down%252522%252529%25250A%2B%2528Caused%2Bby%2BSSLError%2528SSLCertVerificationError%25281%252C%2B%2527%255BSSL%253A%2BCERTIFICATE_VERIFY_FAILED%255D%2Bcertificate%2Bverify%2Bfailed%253A%2Bself%2Bsigned%2Bcertificate%2B%2528_ssl.c%253A1129%2529%2527%2529%2529%2529+%28Caused+by+SSLError%28SSLCertVerificationError%281%2C+%27%5BSSL%3A+CERTIFICATE_VERIFY_FAILED%5D+certificate+verify+failed%3A+self+signed+certificate+%28_ssl.c%3A1129%29%27%29%29%29 (Caused by SSLError(SSLCertVerificationError(1, '[SSL: CERTIFICATE_VERIFY_FAILED] certificate verify failed: self signed certificate (_ssl.c:1129)')))

During handling of the above exception, another exception occurred:

Traceback (most recent call last):
  File "C:\Users\robeb\AppData\Local\Packages\PythonSoftwareFoundation.Python.3.9_qbz5n2kfra8p0\LocalCache\local-packages\Python39\site-packages\flask\app.py", line 1473, in wsgi_app
    response = self.full_dispatch_request()
  File "C:\Users\robeb\AppData\Local\Packages\PythonSoftwareFoundation.Python.3.9_qbz5n2kfra8p0\LocalCache\local-packages\Python39\site-packages\flask\app.py", line 882, in full_dispatch_request
    rv = self.handle_user_exception(e)
  File "C:\Users\robeb\AppData\Local\Packages\PythonSoftwareFoundation.Python.3.9_qbz5n2kfra8p0\LocalCache\local-packages\Python39\site-packages\flask_cors\extension.py", line 194, in wrapped_function
    return cors_after_request(app.make_response(f(*args, **kwargs)))
  File "C:\Users\robeb\AppData\Local\Packages\PythonSoftwareFoundation.Python.3.9_qbz5n2kfra8p0\LocalCache\local-packages\Python39\site-packages\flask\app.py", line 880, in full_dispatch_request
    rv = self.dispatch_request()
  File "C:\Users\robeb\AppData\Local\Packages\PythonSoftwareFoundation.Python.3.9_qbz5n2kfra8p0\LocalCache\local-packages\Python39\site-packages\flask\app.py", line 865, in dispatch_request
    return self.ensure_sync(self.view_functions[rule.endpoint])(**view_args)  # type: ignore[no-any-return]
  File "D:\Python\BsVinh\Chess\Chess Analysis Sever\Chrome Server Deep PGN\.\main.py", line 1116, in receive_pgn
    result = process_link(message)
  File "D:\Python\BsVinh\Chess\Chess Analysis Sever\Chrome Server Deep PGN\.\main.py", line 1028, in process_link
    send_telegram_bot(f"Error processing link: {e}")
  File "D:\Python\BsVinh\Chess\Chess Analysis Sever\Chrome Server Deep PGN\.\main.py", line 1058, in send_telegram_bot
    response = requests.get(url, params=params)
  File "C:\Users\robeb\AppData\Local\Packages\PythonSoftwareFoundation.Python.3.9_qbz5n2kfra8p0\LocalCache\local-packages\Python39\site-packages\requests\api.py", line 73, in get
    return request("get", url, params=params, **kwargs)
  File "C:\Users\robeb\AppData\Local\Packages\PythonSoftwareFoundation.Python.3.9_qbz5n2kfra8p0\LocalCache\local-packages\Python39\site-packages\requests\api.py", line 59, in request
    return session.request(method=method, url=url, **kwargs)
  File "C:\Users\robeb\AppData\Local\Packages\PythonSoftwareFoundation.Python.3.9_qbz5n2kfra8p0\LocalCache\local-packages\Python39\site-packages\requests\sessions.py", line 589, in request
    resp = self.send(prep, **send_kwargs)
  File "C:\Users\robeb\AppData\Local\Packages\PythonSoftwareFoundation.Python.3.9_qbz5n2kfra8p0\LocalCache\local-packages\Python39\site-packages\requests\sessions.py", line 703, in send
    r = adapter.send(request, **kwargs)
  File "C:\Users\robeb\AppData\Local\Packages\PythonSoftwareFoundation.Python.3.9_qbz5n2kfra8p0\LocalCache\local-packages\Python39\site-packages\requests\adapters.py", line 698, in send
    raise SSLError(e, request=request)
requests.exceptions.SSLError: HTTPSConnectionPool(host='api.telegram.org', port=443): Max retries exceeded with url: /bot8002951108:AAEeUXPdNKVPc7_wdAiFGAgXyV0InsJMDhk/sendMessage?chat_id=7880397584&text=Error+processing+link%3A+HTTPSConnectionPool%28host%3D%27api.telegram.org%27%2C+port%3D443%29%3A+Max+retries+exceeded+with+url%3A+%2Fbot8002951108%3AAAEeUXPdNKVPc7_wdAiFGAgXyV0InsJMDhk%2FsendMessage%3Fchat_id%3D7880397584%26text%3DError%2Bin%2Brun%2Bfunction%2Bfor%2Blink%2B%253A%2BHTTPSConnectionPool%2528host%253D%2527api.telegram.org%2527%252C%2Bport%253D443%2529%253A%2BMax%2Bretries%2Bexceeded%2Bwith%2Burl%253A%2B%252Fbot8002951108%253AAAEeUXPdNKVPc7_wdAiFGAgXyV0InsJMDhk%252FsendMessage%253Fchat_id%253D7880397584%2526text%253DError%252Bprocessing%252Blink%25253A%252BPage.click%25253A%252BTimeout%252B30000ms%252Bexceeded.%25250ACall%252Blog%25253A%25250Awaiting%252Bfor%252Blocator%252528%252522.chevron-down%252522%252529%25250A%2B%2528Caused%2Bby%2BSSLError%2528SSLCertVerificationError%25281%252C%2B%2527%255BSSL%253A%2BCERTIFICATE_VERIFY_FAILED%255D%2Bcertificate%2Bverify%2Bfailed%253A%2Bself%2Bsigned%2Bcertificate%2B%2528_ssl.c%253A1129%2529%2527%2529%2529%2529+%28Caused+by+SSLError%28SSLCertVerificationError%281%2C+%27%5BSSL%3A+CERTIFICATE_VERIFY_FAILED%5D+certificate+verify+failed%3A+self+signed+certificate+%28_ssl.c%3A1129%29%27%29%29%29 (Caused by SSLError(SSLCertVerificationError(1, '[SSL: CERTIFICATE_VERIFY_FAILED] certificate verify failed: self signed certificate (_ssl.c:1129)')))
2025-05-25 01:59:28,662 - WARNING - Error processing link https://www.chess.com/analysis/game/live/142336823949?tab=review: Page.wait_for_selector: Timeout 30000ms exceeded.
Call log:
waiting for locator("button.cc-button-component.cc-button-primary.cc-button-xx-large") to be visible
  -   locator resolved to 2 elements. Proceeding with the first one: <button type="button" class="cc-button-component cc-button-primary cc-button-xx-large cc-bg-primary cc-button-full"></button>
  -   locator resolved to 2 elements. Proceeding with the first one: <button type="button" class="cc-button-component cc-button-primary cc-button-xx-large cc-bg-primary cc-button-full"></button>
  -   locator resolved to 2 elements. Proceeding with the first one: <button type="button" class="cc-button-component cc-button-primary cc-button-xx-large cc-bg-primary cc-button-full"></button>
  -   locator resolved to 2 elements. Proceeding with the first one: <button type="button" class="cc-button-component cc-button-primary cc-button-xx-large cc-bg-primary cc-button-full"></button>
  -   locator resolved to 2 elements. Proceeding with the first one: <button type="button" class="cc-button-component cc-button-primary cc-button-xx-large cc-bg-primary cc-button-full"></button>
  -   locator resolved to 2 elements. Proceeding with the first one: <button type="button" class="cc-button-component cc-button-primary cc-button-xx-large cc-bg-primary cc-button-full"></button>
  -   locator resolved to 2 elements. Proceeding with the first one: <button type="button" class="cc-button-component cc-button-primary cc-button-xx-large cc-bg-primary cc-button-full"></button>
  -   locator resolved to 2 elements. Proceeding with the first one: <button type="button" class="cc-button-component cc-button-primary cc-button-xx-large cc-bg-primary cc-button-full"></button>
  -   locator resolved to 2 elements. Proceeding with the first one: <button type="button" class="cc-button-component cc-button-primary cc-button-xx-large cc-bg-primary cc-button-full"></button>
  -   locator resolved to 2 elements. Proceeding with the first one: <button type="button" class="cc-button-component cc-button-primary cc-button-xx-large cc-bg-primary cc-button-full"></button>
  -   locator resolved to 2 elements. Proceeding with the first one: <button type="button" class="cc-button-component cc-button-primary cc-button-xx-large cc-bg-primary cc-button-full"></button>
  -   locator resolved to 2 elements. Proceeding with the first one: <button type="button" class="cc-button-component cc-button-primary cc-button-xx-large cc-bg-primary cc-button-full"></button>
  -   locator resolved to 2 elements. Proceeding with the first one: <button type="button" class="cc-button-component cc-button-primary cc-button-xx-large cc-bg-primary cc-button-full"></button>
  -   locator resolved to 2 elements. Proceeding with the first one: <button type="button" class="cc-button-component cc-button-primary cc-button-xx-large cc-bg-primary cc-button-full"></button>
  -   locator resolved to 2 elements. Proceeding with the first one: <button type="button" class="cc-button-component cc-button-primary cc-button-xx-large cc-bg-primary cc-button-full"></button>
  -   locator resolved to 2 elements. Proceeding with the first one: <button type="button" class="cc-button-component cc-button-primary cc-button-xx-large cc-bg-primary cc-button-full"></button>
  -   locator resolved to 2 elements. Proceeding with the first one: <button type="button" class="cc-button-component cc-button-primary cc-button-xx-large cc-bg-primary cc-button-full"></button>
  -   locator resolved to 2 elements. Proceeding with the first one: <button type="button" class="cc-button-component cc-button-primary cc-button-xx-large cc-bg-primary cc-button-full"></button>
  -   locator resolved to 2 elements. Proceeding with the first one: <button type="button" class="cc-button-component cc-button-primary cc-button-xx-large cc-bg-primary cc-button-full"></button>
  -   locator resolved to 2 elements. Proceeding with the first one: <button type="button" class="cc-button-component cc-button-primary cc-button-xx-large cc-bg-primary cc-button-full"></button>
  -   locator resolved to 2 elements. Proceeding with the first one: <button type="button" class="cc-button-component cc-button-primary cc-button-xx-large cc-bg-primary cc-button-full"></button>
  -   locator resolved to 2 elements. Proceeding with the first one: <button type="button" class="cc-button-component cc-button-primary cc-button-xx-large cc-bg-primary cc-button-full"></button>
  -   locator resolved to 2 elements. Proceeding with the first one: <button type="button" class="cc-button-component cc-button-primary cc-button-xx-large cc-bg-primary cc-button-full"></button>
  -   locator resolved to 2 elements. Proceeding with the first one: <button type="button" class="cc-button-component cc-button-primary cc-button-xx-large cc-bg-primary cc-button-full"></button>
  -   locator resolved to 2 elements. Proceeding with the first one: <button type="button" class="cc-button-component cc-button-primary cc-button-xx-large cc-bg-primary cc-button-full"></button>
  -   locator resolved to 2 elements. Proceeding with the first one: <button type="button" class="cc-button-component cc-button-primary cc-button-xx-large cc-bg-primary cc-button-full"></button>
  -   locator resolved to 2 elements. Proceeding with the first one: <button type="button" class="cc-button-component cc-button-primary cc-button-xx-large cc-bg-primary cc-button-full"></button>
  -   locator resolved to 2 elements. Proceeding with the first one: <button type="button" class="cc-button-component cc-button-primary cc-button-xx-large cc-bg-primary cc-button-full"></button>
  -   locator resolved to 2 elements. Proceeding with the first one: <button type="button" class="cc-button-component cc-button-primary cc-button-xx-large cc-bg-primary cc-button-full"></button>
  -   locator resolved to 2 elements. Proceeding with the first one: <button type="button" class="cc-button-component cc-button-primary cc-button-xx-large cc-bg-primary cc-button-full"></button>
  -   locator resolved to 2 elements. Proceeding with the first one: <button type="button" class="cc-button-component cc-button-primary cc-button-xx-large cc-bg-primary cc-button-full"></button>
  -   locator resolved to 2 elements. Proceeding with the first one: <button type="button" class="cc-button-component cc-button-primary cc-button-xx-large cc-bg-primary cc-button-full"></button>
  -   locator resolved to 2 elements. Proceeding with the first one: <button type="button" class="cc-button-component cc-button-primary cc-button-xx-large cc-bg-primary cc-button-full"></button>
  -   locator resolved to 2 elements. Proceeding with the first one: <button type="button" class="cc-button-component cc-button-primary cc-button-xx-large cc-bg-primary cc-button-full"></button>
  -   locator resolved to 2 elements. Proceeding with the first one: <button type="button" class="cc-button-component cc-button-primary cc-button-xx-large cc-bg-primary cc-button-full"></button>
  -   locator resolved to 2 elements. Proceeding with the first one: <button type="button" class="cc-button-component cc-button-primary cc-button-xx-large cc-bg-primary cc-button-full"></button>
  -   locator resolved to 2 elements. Proceeding with the first one: <button type="button" class="cc-button-component cc-button-primary cc-button-xx-large cc-bg-primary cc-button-full"></button>
  -   locator resolved to 2 elements. Proceeding with the first one: <button type="button" class="cc-button-component cc-button-primary cc-button-xx-large cc-bg-primary cc-button-full"></button>
  -   locator resolved to 2 elements. Proceeding with the first one: <button type="button" class="cc-button-component cc-button-primary cc-button-xx-large cc-bg-primary cc-button-full"></button>
  -   locator resolved to 2 elements. Proceeding with the first one: <button type="button" class="cc-button-component cc-button-primary cc-button-xx-large cc-bg-primary cc-button-full"></button>
  -   locator resolved to 2 elements. Proceeding with the first one: <button type="button" class="cc-button-component cc-button-primary cc-button-xx-large cc-bg-primary cc-button-full"></button>
  -   locator resolved to 2 elements. Proceeding with the first one: <button type="button" class="cc-button-component cc-button-primary cc-button-xx-large cc-bg-primary cc-button-full"></button>
  -   locator resolved to 2 elements. Proceeding with the first one: <button type="button" class="cc-button-component cc-button-primary cc-button-xx-large cc-bg-primary cc-button-full"></button>
  -   locator resolved to 2 elements. Proceeding with the first one: <button type="button" class="cc-button-component cc-button-primary cc-button-xx-large cc-bg-primary cc-button-full"></button>
  -   locator resolved to 2 elements. Proceeding with the first one: <button type="button" class="cc-button-component cc-button-primary cc-button-xx-large cc-bg-primary cc-button-full"></button>
  -   locator resolved to 2 elements. Proceeding with the first one: <button type="button" class="cc-button-component cc-button-primary cc-button-xx-large cc-bg-primary cc-button-full"></button>
  -   locator resolved to 2 elements. Proceeding with the first one: <button type="button" class="cc-button-component cc-button-primary cc-button-xx-large cc-bg-primary cc-button-full"></button>
  -   locator resolved to 2 elements. Proceeding with the first one: <button type="button" class="cc-button-component cc-button-primary cc-button-xx-large cc-bg-primary cc-button-full"></button>
  -   locator resolved to 2 elements. Proceeding with the first one: <button type="button" class="cc-button-component cc-button-primary cc-button-xx-large cc-bg-primary cc-button-full"></button>
  -   locator resolved to 2 elements. Proceeding with the first one: <button type="button" class="cc-button-component cc-button-primary cc-button-xx-large cc-bg-primary cc-button-full"></button>
  -   locator resolved to 2 elements. Proceeding with the first one: <button type="button" class="cc-button-component cc-button-primary cc-button-xx-large cc-bg-primary cc-button-full"></button>
  -   locator resolved to 2 elements. Proceeding with the first one: <button type="button" class="cc-button-component cc-button-primary cc-button-xx-large cc-bg-primary cc-button-full"></button>
  -   locator resolved to 2 elements. Proceeding with the first one: <button type="button" class="cc-button-component cc-button-primary cc-button-xx-large cc-bg-primary cc-button-full"></button>
  -   locator resolved to 2 elements. Proceeding with the first one: <button type="button" class="cc-button-component cc-button-primary cc-button-xx-large cc-bg-primary cc-button-full"></button>

2025-05-25 01:59:28,854 - ERROR - Error in run function for link https://www.chess.com/game/live/142336823949: HTTPSConnectionPool(host='api.telegram.org', port=443): Max retries exceeded with url: /bot8002951108:AAEeUXPdNKVPc7_wdAiFGAgXyV0InsJMDhk/sendMessage?chat_id=7880397584&text=Error+processing+link%3A+Page.wait_for_selector%3A+Timeout+30000ms+exceeded.%0ACall+log%3A%0Awaiting+for+locator%28%22button.cc-button-component.cc-button-primary.cc-button-xx-large%22%29+to+be+visible%0A++-+++locator+resolved+to+2+elements.+Proceeding+with+the+first+one%3A+%3Cbutton+type%3D%22button%22+class%3D%22cc-button-component+cc-button-primary+cc-button-xx-large+cc-bg-primary+cc-button-full%22%3E%E2%80%A6%3C%2Fbutton%3E%0A++-+++locator+resolved+to+2+elements.+Proceeding+with+the+first+one%3A+%3Cbutton+type%3D%22button%22+class%3D%22cc-button-component+cc-button-primary+cc-button-xx-large+cc-bg-primary+cc-button-full%22%3E%E2%80%A6%3C%2Fbutton%3E%0A++-+++locator+resolved+to+2+elements.+Proceeding+with+the+first+one%3A+%3Cbutton+type%3D%22button%22+class%3D%22cc-button-component+cc-button-primary+cc-button-xx-large+cc-bg-primary+cc-button-full%22%3E%E2%80%A6%3C%2Fbutton%3E%0A++-+++locator+resolved+to+2+elements.+Proceeding+with+the+first+one%3A+%3Cbutton+type%3D%22button%22+class%3D%22cc-button-component+cc-button-primary+cc-button-xx-large+cc-bg-primary+cc-button-full%22%3E%E2%80%A6%3C%2Fbutton%3E%0A++-+++locator+resolved+to+2+elements.+Proceeding+with+the+first+one%3A+%3Cbutton+type%3D%22button%22+class%3D%22cc-button-component+cc-button-primary+cc-button-xx-large+cc-bg-primary+cc-button-full%22%3E%E2%80%A6%3C%2Fbutton%3E%0A++-+++locator+resolved+to+2+elements.+Proceeding+with+the+first+one%3A+%3Cbutton+type%3D%22button%22+class%3D%22cc-button-component+cc-button-primary+cc-button-xx-large+cc-bg-primary+cc-button-full%22%3E%E2%80%A6%3C%2Fbutton%3E%0A++-+++locator+resolved+to+2+elements.+Proceeding+with+the+first+one%3A+%3Cbutton+type%3D%22button%22+class%3D%22cc-button-component+cc-button-primary+cc-button-xx-large+cc-bg-primary+cc-button-full%22%3E%E2%80%A6%3C%2Fbutton%3E%0A++-+++locator+resolved+to+2+elements.+Proceeding+with+the+first+one%3A+%3Cbutton+type%3D%22button%22+class%3D%22cc-button-component+cc-button-primary+cc-button-xx-large+cc-bg-primary+cc-button-full%22%3E%E2%80%A6%3C%2Fbutton%3E%0A++-+++locator+resolved+to+2+elements.+Proceeding+with+the+first+one%3A+%3Cbutton+type%3D%22button%22+class%3D%22cc-button-component+cc-button-primary+cc-button-xx-large+cc-bg-primary+cc-button-full%22%3E%E2%80%A6%3C%2Fbutton%3E%0A++-+++locator+resolved+to+2+elements.+Proceeding+with+the+first+one%3A+%3Cbutton+type%3D%22button%22+class%3D%22cc-button-component+cc-button-primary+cc-button-xx-large+cc-bg-primary+cc-button-full%22%3E%E2%80%A6%3C%2Fbutton%3E%0A++-+++locator+resolved+to+2+elements.+Proceeding+with+the+first+one%3A+%3Cbutton+type%3D%22button%22+class%3D%22cc-button-component+cc-button-primary+cc-button-xx-large+cc-bg-primary+cc-button-full%22%3E%E2%80%A6%3C%2Fbutton%3E%0A++-+++locator+resolved+to+2+elements.+Proceeding+with+the+first+one%3A+%3Cbutton+type%3D%22button%22+class%3D%22cc-button-component+cc-button-primary+cc-button-xx-large+cc-bg-primary+cc-button-full%22%3E%E2%80%A6%3C%2Fbutton%3E%0A++-+++locator+resolved+to+2+elements.+Proceeding+with+the+first+one%3A+%3Cbutton+type%3D%22button%22+class%3D%22cc-button-component+cc-button-primary+cc-button-xx-large+cc-bg-primary+cc-button-full%22%3E%E2%80%A6%3C%2Fbutton%3E%0A++-+++locator+resolved+to+2+elements.+Proceeding+with+the+first+one%3A+%3Cbutton+type%3D%22button%22+class%3D%22cc-button-component+cc-button-primary+cc-button-xx-large+cc-bg-primary+cc-button-full%22%3E%E2%80%A6%3C%2Fbutton%3E%0A++-+++locator+resolved+to+2+elements.+Proceeding+with+the+first+one%3A+%3Cbutton+type%3D%22button%22+class%3D%22cc-button-component+cc-button-primary+cc-button-xx-large+cc-bg-primary+cc-button-full%22%3E%E2%80%A6%3C%2Fbutton%3E%0A++-+++locator+resolved+to+2+elements.+Proceeding+with+the+first+one%3A+%3Cbutton+type%3D%22button%22+class%3D%22cc-button-component+cc-button-primary+cc-button-xx-large+cc-bg-primary+cc-button-full%22%3E%E2%80%A6%3C%2Fbutton%3E%0A++-+++locator+resolved+to+2+elements.+Proceeding+with+the+first+one%3A+%3Cbutton+type%3D%22button%22+class%3D%22cc-button-component+cc-button-primary+cc-button-xx-large+cc-bg-primary+cc-button-full%22%3E%E2%80%A6%3C%2Fbutton%3E%0A++-+++locator+resolved+to+2+elements.+Proceeding+with+the+first+one%3A+%3Cbutton+type%3D%22button%22+class%3D%22cc-button-component+cc-button-primary+cc-button-xx-large+cc-bg-primary+cc-button-full%22%3E%E2%80%A6%3C%2Fbutton%3E%0A++-+++locator+resolved+to+2+elements.+Proceeding+with+the+first+one%3A+%3Cbutton+type%3D%22button%22+class%3D%22cc-button-component+cc-button-primary+cc-button-xx-large+cc-bg-primary+cc-button-full%22%3E%E2%80%A6%3C%2Fbutton%3E%0A++-+++locator+resolved+to+2+elements.+Proceeding+with+the+first+one%3A+%3Cbutton+type%3D%22button%22+class%3D%22cc-button-component+cc-button-primary+cc-button-xx-large+cc-bg-primary+cc-button-full%22%3E%E2%80%A6%3C%2Fbutton%3E%0A++-+++locator+resolved+to+2+elements.+Proceeding+with+the+first+one%3A+%3Cbutton+type%3D%22button%22+class%3D%22cc-button-component+cc-button-primary+cc-button-xx-large+cc-bg-primary+cc-button-full%22%3E%E2%80%A6%3C%2Fbutton%3E%0A++-+++locator+resolved+to+2+elements.+Proceeding+with+the+first+one%3A+%3Cbutton+type%3D%22button%22+class%3D%22cc-button-component+cc-button-primary+cc-button-xx-large+cc-bg-primary+cc-button-full%22%3E%E2%80%A6%3C%2Fbutton%3E%0A++-+++locator+resolved+to+2+elements.+Proceeding+with+the+first+one%3A+%3Cbutton+type%3D%22button%22+class%3D%22cc-button-component+cc-button-primary+cc-button-xx-large+cc-bg-primary+cc-button-full%22%3E%E2%80%A6%3C%2Fbutton%3E%0A++-+++locator+resolved+to+2+elements.+Proceeding+with+the+first+one%3A+%3Cbutton+type%3D%22button%22+class%3D%22cc-button-component+cc-button-primary+cc-button-xx-large+cc-bg-primary+cc-button-full%22%3E%E2%80%A6%3C%2Fbutton%3E%0A++-+++locator+resolved+to+2+elements.+Proceeding+with+the+first+one%3A+%3Cbutton+type%3D%22button%22+class%3D%22cc-button-component+cc-button-primary+cc-button-xx-large+cc-bg-primary+cc-button-full%22%3E%E2%80%A6%3C%2Fbutton%3E%0A++-+++locator+resolved+to+2+elements.+Proceeding+with+the+first+one%3A+%3Cbutton+type%3D%22button%22+class%3D%22cc-button-component+cc-button-primary+cc-button-xx-large+cc-bg-primary+cc-button-full%22%3E%E2%80%A6%3C%2Fbutton%3E%0A++-+++locator+resolved+to+2+elements.+Proceeding+with+the+first+one%3A+%3Cbutton+type%3D%22button%22+class%3D%22cc-button-component+cc-button-primary+cc-button-xx-large+cc-bg-primary+cc-button-full%22%3E%E2%80%A6%3C%2Fbutton%3E%0A++-+++locator+resolved+to+2+elements.+Proceeding+with+the+first+one%3A+%3Cbutton+type%3D%22button%22+class%3D%22cc-button-component+cc-button-primary+cc-button-xx-large+cc-bg-primary+cc-button-full%22%3E%E2%80%A6%3C%2Fbutton%3E%0A++-+++locator+resolved+to+2+elements.+Proceeding+with+the+first+one%3A+%3Cbutton+type%3D%22button%22+class%3D%22cc-button-component+cc-button-primary+cc-button-xx-large+cc-bg-primary+cc-button-full%22%3E%E2%80%A6%3C%2Fbutton%3E%0A++-+++locator+resolved+to+2+elements.+Proceeding+with+the+first+one%3A+%3Cbutton+type%3D%22button%22+class%3D%22cc-button-component+cc-button-primary+cc-button-xx-large+cc-bg-primary+cc-button-full%22%3E%E2%80%A6%3C%2Fbutton%3E%0A++-+++locator+resolved+to+2+elements.+Proceeding+with+the+first+one%3A+%3Cbutton+type%3D%22button%22+class%3D%22cc-button-component+cc-button-primary+cc-button-xx-large+cc-bg-primary+cc-button-full%22%3E%E2%80%A6%3C%2Fbutton%3E%0A++-+++locator+resolved+to+2+elements.+Proceeding+with+the+first+one%3A+%3Cbutton+type%3D%22button%22+class%3D%22cc-button-component+cc-button-primary+cc-button-xx-large+cc-bg-primary+cc-button-full%22%3E%E2%80%A6%3C%2Fbutton%3E%0A++-+++locator+resolved+to+2+elements.+Proceeding+with+the+first+one%3A+%3Cbutton+type%3D%22button%22+class%3D%22cc-button-component+cc-button-primary+cc-button-xx-large+cc-bg-primary+cc-button-full%22%3E%E2%80%A6%3C%2Fbutton%3E%0A++-+++locator+resolved+to+2+elements.+Proceeding+with+the+first+one%3A+%3Cbutton+type%3D%22button%22+class%3D%22cc-button-component+cc-button-primary+cc-button-xx-large+cc-bg-primary+cc-button-full%22%3E%E2%80%A6%3C%2Fbutton%3E%0A++-+++locator+resolved+to+2+elements.+Proceeding+with+the+first+one%3A+%3Cbutton+type%3D%22button%22+class%3D%22cc-button-component+cc-button-primary+cc-button-xx-large+cc-bg-primary+cc-button-full%22%3E%E2%80%A6%3C%2Fbutton%3E%0A++-+++locator+resolved+to+2+elements.+Proceeding+with+the+first+one%3A+%3Cbutton+type%3D%22button%22+class%3D%22cc-button-component+cc-button-primary+cc-button-xx-large+cc-bg-primary+cc-button-full%22%3E%E2%80%A6%3C%2Fbutton%3E%0A++-+++locator+resolved+to+2+elements.+Proceeding+with+the+first+one%3A+%3Cbutton+type%3D%22button%22+class%3D%22cc-button-component+cc-button-primary+cc-button-xx-large+cc-bg-primary+cc-button-full%22%3E%E2%80%A6%3C%2Fbutton%3E%0A++-+++locator+resolved+to+2+elements.+Proceeding+with+the+first+one%3A+%3Cbutton+type%3D%22button%22+class%3D%22cc-button-component+cc-button-primary+cc-button-xx-large+cc-bg-primary+cc-button-full%22%3E%E2%80%A6%3C%2Fbutton%3E%0A++-+++locator+resolved+to+2+elements.+Proceeding+with+the+first+one%3A+%3Cbutton+type%3D%22button%22+class%3D%22cc-button-component+cc-button-primary+cc-button-xx-large+cc-bg-primary+cc-button-full%22%3E%E2%80%A6%3C%2Fbutton%3E%0A++-+++locator+resolved+to+2+elements.+Proceeding+with+the+first+one%3A+%3Cbutton+type%3D%22button%22+class%3D%22cc-button-component+cc-button-primary+cc-button-xx-large+cc-bg-primary+cc-button-full%22%3E%E2%80%A6%3C%2Fbutton%3E%0A++-+++locator+resolved+to+2+elements.+Proceeding+with+the+first+one%3A+%3Cbutton+type%3D%22button%22+class%3D%22cc-button-component+cc-button-primary+cc-button-xx-large+cc-bg-primary+cc-button-full%22%3E%E2%80%A6%3C%2Fbutton%3E%0A++-+++locator+resolved+to+2+elements.+Proceeding+with+the+first+one%3A+%3Cbutton+type%3D%22button%22+class%3D%22cc-button-component+cc-button-primary+cc-button-xx-large+cc-bg-primary+cc-button-full%22%3E%E2%80%A6%3C%2Fbutton%3E%0A++-+++locator+resolved+to+2+elements.+Proceeding+with+the+first+one%3A+%3Cbutton+type%3D%22button%22+class%3D%22cc-button-component+cc-button-primary+cc-button-xx-large+cc-bg-primary+cc-button-full%22%3E%E2%80%A6%3C%2Fbutton%3E%0A++-+++locator+resolved+to+2+elements.+Proceeding+with+the+first+one%3A+%3Cbutton+type%3D%22button%22+class%3D%22cc-button-component+cc-button-primary+cc-button-xx-large+cc-bg-primary+cc-button-full%22%3E%E2%80%A6%3C%2Fbutton%3E%0A++-+++locator+resolved+to+2+elements.+Proceeding+with+the+first+one%3A+%3Cbutton+type%3D%22button%22+class%3D%22cc-button-component+cc-button-primary+cc-button-xx-large+cc-bg-primary+cc-button-full%22%3E%E2%80%A6%3C%2Fbutton%3E%0A++-+++locator+resolved+to+2+elements.+Proceeding+with+the+first+one%3A+%3Cbutton+type%3D%22button%22+class%3D%22cc-button-component+cc-button-primary+cc-button-xx-large+cc-bg-primary+cc-button-full%22%3E%E2%80%A6%3C%2Fbutton%3E%0A++-+++locator+resolved+to+2+elements.+Proceeding+with+the+first+one%3A+%3Cbutton+type%3D%22button%22+class%3D%22cc-button-component+cc-button-primary+cc-button-xx-large+cc-bg-primary+cc-button-full%22%3E%E2%80%A6%3C%2Fbutton%3E%0A++-+++locator+resolved+to+2+elements.+Proceeding+with+the+first+one%3A+%3Cbutton+type%3D%22button%22+class%3D%22cc-button-component+cc-button-primary+cc-button-xx-large+cc-bg-primary+cc-button-full%22%3E%E2%80%A6%3C%2Fbutton%3E%0A++-+++locator+resolved+to+2+elements.+Proceeding+with+the+first+one%3A+%3Cbutton+type%3D%22button%22+class%3D%22cc-button-component+cc-button-primary+cc-button-xx-large+cc-bg-primary+cc-button-full%22%3E%E2%80%A6%3C%2Fbutton%3E%0A++-+++locator+resolved+to+2+elements.+Proceeding+with+the+first+one%3A+%3Cbutton+type%3D%22button%22+class%3D%22cc-button-component+cc-button-primary+cc-button-xx-large+cc-bg-primary+cc-button-full%22%3E%E2%80%A6%3C%2Fbutton%3E%0A++-+++locator+resolved+to+2+elements.+Proceeding+with+the+first+one%3A+%3Cbutton+type%3D%22button%22+class%3D%22cc-button-component+cc-button-primary+cc-button-xx-large+cc-bg-primary+cc-button-full%22%3E%E2%80%A6%3C%2Fbutton%3E%0A++-+++locator+resolved+to+2+elements.+Proceeding+with+the+first+one%3A+%3Cbutton+type%3D%22button%22+class%3D%22cc-button-component+cc-button-primary+cc-button-xx-large+cc-bg-primary+cc-button-full%22%3E%E2%80%A6%3C%2Fbutton%3E%0A++-+++locator+resolved+to+2+elements.+Proceeding+with+the+first+one%3A+%3Cbutton+type%3D%22button%22+class%3D%22cc-button-component+cc-button-primary+cc-button-xx-large+cc-bg-primary+cc-button-full%22%3E%E2%80%A6%3C%2Fbutton%3E%0A++-+++locator+resolved+to+2+elements.+Proceeding+with+the+first+one%3A+%3Cbutton+type%3D%22button%22+class%3D%22cc-button-component+cc-button-primary+cc-button-xx-large+cc-bg-primary+cc-button-full%22%3E%E2%80%A6%3C%2Fbutton%3E%0A (Caused by SSLError(SSLCertVerificationError(1, '[SSL: CERTIFICATE_VERIFY_FAILED] certificate verify failed: self signed certificate (_ssl.c:1129)')))
2025-05-25 01:59:28,883 - ERROR - Error processing https://www.chess.com/game/live/142336823949: HTTPSConnectionPool(host='api.telegram.org', port=443): Max retries exceeded with url: /bot8002951108:AAEeUXPdNKVPc7_wdAiFGAgXyV0InsJMDhk/sendMessage?chat_id=7880397584&text=Error+in+run+function+for+link+%3A+HTTPSConnectionPool%28host%3D%27api.telegram.org%27%2C+port%3D443%29%3A+Max+retries+exceeded+with+url%3A+%2Fbot8002951108%3AAAEeUXPdNKVPc7_wdAiFGAgXyV0InsJMDhk%2FsendMessage%3Fchat_id%3D7880397584%26text%3DError%2Bprocessing%2Blink%253A%2BPage.wait_for_selector%253A%2BTimeout%2B30000ms%2Bexceeded.%250ACall%2Blog%253A%250Awaiting%2Bfor%2Blocator%2528%2522button.cc-button-component.cc-button-primary.cc-button-xx-large%2522%2529%2Bto%2Bbe%2Bvisible%250A%2B%2B-%2B%2B%2Blocator%2Bresolved%2Bto%2B2%2Belements.%2BProceeding%2Bwith%2Bthe%2Bfirst%2Bone%253A%2B%253Cbutton%2Btype%253D%2522button%2522%2Bclass%253D%2522cc-button-component%2Bcc-button-primary%2Bcc-button-xx-large%2Bcc-bg-primary%2Bcc-button-full%2522%253E%25E2%2580%25A6%253C%252Fbutton%253E%250A%2B%2B-%2B%2B%2Blocator%2Bresolved%2Bto%2B2%2Belements.%2BProceeding%2Bwith%2Bthe%2Bfirst%2Bone%253A%2B%253Cbutton%2Btype%253D%2522button%2522%2Bclass%253D%2522cc-button-component%2Bcc-button-primary%2Bcc-button-xx-large%2Bcc-bg-primary%2Bcc-button-full%2522%253E%25E2%2580%25A6%253C%252Fbutton%253E%250A%2B%2B-%2B%2B%2Blocator%2Bresolved%2Bto%2B2%2Belements.%2BProceeding%2Bwith%2Bthe%2Bfirst%2Bone%253A%2B%253Cbutton%2Btype%253D%2522button%2522%2Bclass%253D%2522cc-button-component%2Bcc-button-primary%2Bcc-button-xx-large%2Bcc-bg-primary%2Bcc-button-full%2522%253E%25E2%2580%25A6%253C%252Fbutton%253E%250A%2B%2B-%2B%2B%2Blocator%2Bresolved%2Bto%2B2%2Belements.%2BProceeding%2Bwith%2Bthe%2Bfirst%2Bone%253A%2B%253Cbutton%2Btype%253D%2522button%2522%2Bclass%253D%2522cc-button-component%2Bcc-button-primary%2Bcc-button-xx-large%2Bcc-bg-primary%2Bcc-button-full%2522%253E%25E2%2580%25A6%253C%252Fbutton%253E%250A%2B%2B-%2B%2B%2Blocator%2Bresolved%2Bto%2B2%2Belements.%2BProceeding%2Bwith%2Bthe%2Bfirst%2Bone%253A%2B%253Cbutton%2Btype%253D%2522button%2522%2Bclass%253D%2522cc-button-component%2Bcc-button-primary%2Bcc-button-xx-large%2Bcc-bg-primary%2Bcc-button-full%2522%253E%25E2%2580%25A6%253C%252Fbutton%253E%250A%2B%2B-%2B%2B%2Blocator%2Bresolved%2Bto%2B2%2Belements.%2BProceeding%2Bwith%2Bthe%2Bfirst%2Bone%253A%2B%253Cbutton%2Btype%253D%2522button%2522%2Bclass%253D%2522cc-button-component%2Bcc-button-primary%2Bcc-button-xx-large%2Bcc-bg-primary%2Bcc-button-full%2522%253E%25E2%2580%25A6%253C%252Fbutton%253E%250A%2B%2B-%2B%2B%2Blocator%2Bresolved%2Bto%2B2%2Belements.%2BProceeding%2Bwith%2Bthe%2Bfirst%2Bone%253A%2B%253Cbutton%2Btype%253D%2522button%2522%2Bclass%253D%2522cc-button-component%2Bcc-button-primary%2Bcc-button-xx-large%2Bcc-bg-primary%2Bcc-button-full%2522%253E%25E2%2580%25A6%253C%252Fbutton%253E%250A%2B%2B-%2B%2B%2Blocator%2Bresolved%2Bto%2B2%2Belements.%2BProceeding%2Bwith%2Bthe%2Bfirst%2Bone%253A%2B%253Cbutton%2Btype%253D%2522button%2522%2Bclass%253D%2522cc-button-component%2Bcc-button-primary%2Bcc-button-xx-large%2Bcc-bg-primary%2Bcc-button-full%2522%253E%25E2%2580%25A6%253C%252Fbutton%253E%250A%2B%2B-%2B%2B%2Blocator%2Bresolved%2Bto%2B2%2Belements.%2BProceeding%2Bwith%2Bthe%2Bfirst%2Bone%253A%2B%253Cbutton%2Btype%253D%2522button%2522%2Bclass%253D%2522cc-button-component%2Bcc-button-primary%2Bcc-button-xx-large%2Bcc-bg-primary%2Bcc-button-full%2522%253E%25E2%2580%25A6%253C%252Fbutton%253E%250A%2B%2B-%2B%2B%2Blocator%2Bresolved%2Bto%2B2%2Belements.%2BProceeding%2Bwith%2Bthe%2Bfirst%2Bone%253A%2B%253Cbutton%2Btype%253D%2522button%2522%2Bclass%253D%2522cc-button-component%2Bcc-button-primary%2Bcc-button-xx-large%2Bcc-bg-primary%2Bcc-button-full%2522%253E%25E2%2580%25A6%253C%252Fbutton%253E%250A%2B%2B-%2B%2B%2Blocator%2Bresolved%2Bto%2B2%2Belements.%2BProceeding%2Bwith%2Bthe%2Bfirst%2Bone%253A%2B%253Cbutton%2Btype%253D%2522button%2522%2Bclass%253D%2522cc-button-component%2Bcc-button-primary%2Bcc-button-xx-large%2Bcc-bg-primary%2Bcc-button-full%2522%253E%25E2%2580%25A6%253C%252Fbutton%253E%250A%2B%2B-%2B%2B%2Blocator%2Bresolved%2Bto%2B2%2Belements.%2BProceeding%2Bwith%2Bthe%2Bfirst%2Bone%253A%2B%253Cbutton%2Btype%253D%2522button%2522%2Bclass%253D%2522cc-button-component%2Bcc-button-primary%2Bcc-button-xx-large%2Bcc-bg-primary%2Bcc-button-full%2522%253E%25E2%2580%25A6%253C%252Fbutton%253E%250A%2B%2B-%2B%2B%2Blocator%2Bresolved%2Bto%2B2%2Belements.%2BProceeding%2Bwith%2Bthe%2Bfirst%2Bone%253A%2B%253Cbutton%2Btype%253D%2522button%2522%2Bclass%253D%2522cc-button-component%2Bcc-button-primary%2Bcc-button-xx-large%2Bcc-bg-primary%2Bcc-button-full%2522%253E%25E2%2580%25A6%253C%252Fbutton%253E%250A%2B%2B-%2B%2B%2Blocator%2Bresolved%2Bto%2B2%2Belements.%2BProceeding%2Bwith%2Bthe%2Bfirst%2Bone%253A%2B%253Cbutton%2Btype%253D%2522button%2522%2Bclass%253D%2522cc-button-component%2Bcc-button-primary%2Bcc-button-xx-large%2Bcc-bg-primary%2Bcc-button-full%2522%253E%25E2%2580%25A6%253C%252Fbutton%253E%250A%2B%2B-%2B%2B%2Blocator%2Bresolved%2Bto%2B2%2Belements.%2BProceeding%2Bwith%2Bthe%2Bfirst%2Bone%253A%2B%253Cbutton%2Btype%253D%2522button%2522%2Bclass%253D%2522cc-button-component%2Bcc-button-primary%2Bcc-button-xx-large%2Bcc-bg-primary%2Bcc-button-full%2522%253E%25E2%2580%25A6%253C%252Fbutton%253E%250A%2B%2B-%2B%2B%2Blocator%2Bresolved%2Bto%2B2%2Belements.%2BProceeding%2Bwith%2Bthe%2Bfirst%2Bone%253A%2B%253Cbutton%2Btype%253D%2522button%2522%2Bclass%253D%2522cc-button-component%2Bcc-button-primary%2Bcc-button-xx-large%2Bcc-bg-primary%2Bcc-button-full%2522%253E%25E2%2580%25A6%253C%252Fbutton%253E%250A%2B%2B-%2B%2B%2Blocator%2Bresolved%2Bto%2B2%2Belements.%2BProceeding%2Bwith%2Bthe%2Bfirst%2Bone%253A%2B%253Cbutton%2Btype%253D%2522button%2522%2Bclass%253D%2522cc-button-component%2Bcc-button-primary%2Bcc-button-xx-large%2Bcc-bg-primary%2Bcc-button-full%2522%253E%25E2%2580%25A6%253C%252Fbutton%253E%250A%2B%2B-%2B%2B%2Blocator%2Bresolved%2Bto%2B2%2Belements.%2BProceeding%2Bwith%2Bthe%2Bfirst%2Bone%253A%2B%253Cbutton%2Btype%253D%2522button%2522%2Bclass%253D%2522cc-button-component%2Bcc-button-primary%2Bcc-button-xx-large%2Bcc-bg-primary%2Bcc-button-full%2522%253E%25E2%2580%25A6%253C%252Fbutton%253E%250A%2B%2B-%2B%2B%2Blocator%2Bresolved%2Bto%2B2%2Belements.%2BProceeding%2Bwith%2Bthe%2Bfirst%2Bone%253A%2B%253Cbutton%2Btype%253D%2522button%2522%2Bclass%253D%2522cc-button-component%2Bcc-button-primary%2Bcc-button-xx-large%2Bcc-bg-primary%2Bcc-button-full%2522%253E%25E2%2580%25A6%253C%252Fbutton%253E%250A%2B%2B-%2B%2B%2Blocator%2Bresolved%2Bto%2B2%2Belements.%2BProceeding%2Bwith%2Bthe%2Bfirst%2Bone%253A%2B%253Cbutton%2Btype%253D%2522button%2522%2Bclass%253D%2522cc-button-component%2Bcc-button-primary%2Bcc-button-xx-large%2Bcc-bg-primary%2Bcc-button-full%2522%253E%25E2%2580%25A6%253C%252Fbutton%253E%250A%2B%2B-%2B%2B%2Blocator%2Bresolved%2Bto%2B2%2Belements.%2BProceeding%2Bwith%2Bthe%2Bfirst%2Bone%253A%2B%253Cbutton%2Btype%253D%2522button%2522%2Bclass%253D%2522cc-button-component%2Bcc-button-primary%2Bcc-button-xx-large%2Bcc-bg-primary%2Bcc-button-full%2522%253E%25E2%2580%25A6%253C%252Fbutton%253E%250A%2B%2B-%2B%2B%2Blocator%2Bresolved%2Bto%2B2%2Belements.%2BProceeding%2Bwith%2Bthe%2Bfirst%2Bone%253A%2B%253Cbutton%2Btype%253D%2522button%2522%2Bclass%253D%2522cc-button-component%2Bcc-button-primary%2Bcc-button-xx-large%2Bcc-bg-primary%2Bcc-button-full%2522%253E%25E2%2580%25A6%253C%252Fbutton%253E%250A%2B%2B-%2B%2B%2Blocator%2Bresolved%2Bto%2B2%2Belements.%2BProceeding%2Bwith%2Bthe%2Bfirst%2Bone%253A%2B%253Cbutton%2Btype%253D%2522button%2522%2Bclass%253D%2522cc-button-component%2Bcc-button-primary%2Bcc-button-xx-large%2Bcc-bg-primary%2Bcc-button-full%2522%253E%25E2%2580%25A6%253C%252Fbutton%253E%250A%2B%2B-%2B%2B%2Blocator%2Bresolved%2Bto%2B2%2Belements.%2BProceeding%2Bwith%2Bthe%2Bfirst%2Bone%253A%2B%253Cbutton%2Btype%253D%2522button%2522%2Bclass%253D%2522cc-button-component%2Bcc-button-primary%2Bcc-button-xx-large%2Bcc-bg-primary%2Bcc-button-full%2522%253E%25E2%2580%25A6%253C%252Fbutton%253E%250A%2B%2B-%2B%2B%2Blocator%2Bresolved%2Bto%2B2%2Belements.%2BProceeding%2Bwith%2Bthe%2Bfirst%2Bone%253A%2B%253Cbutton%2Btype%253D%2522button%2522%2Bclass%253D%2522cc-button-component%2Bcc-button-primary%2Bcc-button-xx-large%2Bcc-bg-primary%2Bcc-button-full%2522%253E%25E2%2580%25A6%253C%252Fbutton%253E%250A%2B%2B-%2B%2B%2Blocator%2Bresolved%2Bto%2B2%2Belements.%2BProceeding%2Bwith%2Bthe%2Bfirst%2Bone%253A%2B%253Cbutton%2Btype%253D%2522button%2522%2Bclass%253D%2522cc-button-component%2Bcc-button-primary%2Bcc-button-xx-large%2Bcc-bg-primary%2Bcc-button-full%2522%253E%25E2%2580%25A6%253C%252Fbutton%253E%250A%2B%2B-%2B%2B%2Blocator%2Bresolved%2Bto%2B2%2Belements.%2BProceeding%2Bwith%2Bthe%2Bfirst%2Bone%253A%2B%253Cbutton%2Btype%253D%2522button%2522%2Bclass%253D%2522cc-button-component%2Bcc-button-primary%2Bcc-button-xx-large%2Bcc-bg-primary%2Bcc-button-full%2522%253E%25E2%2580%25A6%253C%252Fbutton%253E%250A%2B%2B-%2B%2B%2Blocator%2Bresolved%2Bto%2B2%2Belements.%2BProceeding%2Bwith%2Bthe%2Bfirst%2Bone%253A%2B%253Cbutton%2Btype%253D%2522button%2522%2Bclass%253D%2522cc-button-component%2Bcc-button-primary%2Bcc-button-xx-large%2Bcc-bg-primary%2Bcc-button-full%2522%253E%25E2%2580%25A6%253C%252Fbutton%253E%250A%2B%2B-%2B%2B%2Blocator%2Bresolved%2Bto%2B2%2Belements.%2BProceeding%2Bwith%2Bthe%2Bfirst%2Bone%253A%2B%253Cbutton%2Btype%253D%2522button%2522%2Bclass%253D%2522cc-button-component%2Bcc-button-primary%2Bcc-button-xx-large%2Bcc-bg-primary%2Bcc-button-full%2522%253E%25E2%2580%25A6%253C%252Fbutton%253E%250A%2B%2B-%2B%2B%2Blocator%2Bresolved%2Bto%2B2%2Belements.%2BProceeding%2Bwith%2Bthe%2Bfirst%2Bone%253A%2B%253Cbutton%2Btype%253D%2522button%2522%2Bclass%253D%2522cc-button-component%2Bcc-button-primary%2Bcc-button-xx-large%2Bcc-bg-primary%2Bcc-button-full%2522%253E%25E2%2580%25A6%253C%252Fbutton%253E%250A%2B%2B-%2B%2B%2Blocator%2Bresolved%2Bto%2B2%2Belements.%2BProceeding%2Bwith%2Bthe%2Bfirst%2Bone%253A%2B%253Cbutton%2Btype%253D%2522button%2522%2Bclass%253D%2522cc-button-component%2Bcc-button-primary%2Bcc-button-xx-large%2Bcc-bg-primary%2Bcc-button-full%2522%253E%25E2%2580%25A6%253C%252Fbutton%253E%250A%2B%2B-%2B%2B%2Blocator%2Bresolved%2Bto%2B2%2Belements.%2BProceeding%2Bwith%2Bthe%2Bfirst%2Bone%253A%2B%253Cbutton%2Btype%253D%2522button%2522%2Bclass%253D%2522cc-button-component%2Bcc-button-primary%2Bcc-button-xx-large%2Bcc-bg-primary%2Bcc-button-full%2522%253E%25E2%2580%25A6%253C%252Fbutton%253E%250A%2B%2B-%2B%2B%2Blocator%2Bresolved%2Bto%2B2%2Belements.%2BProceeding%2Bwith%2Bthe%2Bfirst%2Bone%253A%2B%253Cbutton%2Btype%253D%2522button%2522%2Bclass%253D%2522cc-button-component%2Bcc-button-primary%2Bcc-button-xx-large%2Bcc-bg-primary%2Bcc-button-full%2522%253E%25E2%2580%25A6%253C%252Fbutton%253E%250A%2B%2B-%2B%2B%2Blocator%2Bresolved%2Bto%2B2%2Belements.%2BProceeding%2Bwith%2Bthe%2Bfirst%2Bone%253A%2B%253Cbutton%2Btype%253D%2522button%2522%2Bclass%253D%2522cc-button-component%2Bcc-button-primary%2Bcc-button-xx-large%2Bcc-bg-primary%2Bcc-button-full%2522%253E%25E2%2580%25A6%253C%252Fbutton%253E%250A%2B%2B-%2B%2B%2Blocator%2Bresolved%2Bto%2B2%2Belements.%2BProceeding%2Bwith%2Bthe%2Bfirst%2Bone%253A%2B%253Cbutton%2Btype%253D%2522button%2522%2Bclass%253D%2522cc-button-component%2Bcc-button-primary%2Bcc-button-xx-large%2Bcc-bg-primary%2Bcc-button-full%2522%253E%25E2%2580%25A6%253C%252Fbutton%253E%250A%2B%2B-%2B%2B%2Blocator%2Bresolved%2Bto%2B2%2Belements.%2BProceeding%2Bwith%2Bthe%2Bfirst%2Bone%253A%2B%253Cbutton%2Btype%253D%2522button%2522%2Bclass%253D%2522cc-button-component%2Bcc-button-primary%2Bcc-button-xx-large%2Bcc-bg-primary%2Bcc-button-full%2522%253E%25E2%2580%25A6%253C%252Fbutton%253E%250A%2B%2B-%2B%2B%2Blocator%2Bresolved%2Bto%2B2%2Belements.%2BProceeding%2Bwith%2Bthe%2Bfirst%2Bone%253A%2B%253Cbutton%2Btype%253D%2522button%2522%2Bclass%253D%2522cc-button-component%2Bcc-button-primary%2Bcc-button-xx-large%2Bcc-bg-primary%2Bcc-button-full%2522%253E%25E2%2580%25A6%253C%252Fbutton%253E%250A%2B%2B-%2B%2B%2Blocator%2Bresolved%2Bto%2B2%2Belements.%2BProceeding%2Bwith%2Bthe%2Bfirst%2Bone%253A%2B%253Cbutton%2Btype%253D%2522button%2522%2Bclass%253D%2522cc-button-component%2Bcc-button-primary%2Bcc-button-xx-large%2Bcc-bg-primary%2Bcc-button-full%2522%253E%25E2%2580%25A6%253C%252Fbutton%253E%250A%2B%2B-%2B%2B%2Blocator%2Bresolved%2Bto%2B2%2Belements.%2BProceeding%2Bwith%2Bthe%2Bfirst%2Bone%253A%2B%253Cbutton%2Btype%253D%2522button%2522%2Bclass%253D%2522cc-button-component%2Bcc-button-primary%2Bcc-button-xx-large%2Bcc-bg-primary%2Bcc-button-full%2522%253E%25E2%2580%25A6%253C%252Fbutton%253E%250A%2B%2B-%2B%2B%2Blocator%2Bresolved%2Bto%2B2%2Belements.%2BProceeding%2Bwith%2Bthe%2Bfirst%2Bone%253A%2B%253Cbutton%2Btype%253D%2522button%2522%2Bclass%253D%2522cc-button-component%2Bcc-button-primary%2Bcc-button-xx-large%2Bcc-bg-primary%2Bcc-button-full%2522%253E%25E2%2580%25A6%253C%252Fbutton%253E%250A%2B%2B-%2B%2B%2Blocator%2Bresolved%2Bto%2B2%2Belements.%2BProceeding%2Bwith%2Bthe%2Bfirst%2Bone%253A%2B%253Cbutton%2Btype%253D%2522button%2522%2Bclass%253D%2522cc-button-component%2Bcc-button-primary%2Bcc-button-xx-large%2Bcc-bg-primary%2Bcc-button-full%2522%253E%25E2%2580%25A6%253C%252Fbutton%253E%250A%2B%2B-%2B%2B%2Blocator%2Bresolved%2Bto%2B2%2Belements.%2BProceeding%2Bwith%2Bthe%2Bfirst%2Bone%253A%2B%253Cbutton%2Btype%253D%2522button%2522%2Bclass%253D%2522cc-button-component%2Bcc-button-primary%2Bcc-button-xx-large%2Bcc-bg-primary%2Bcc-button-full%2522%253E%25E2%2580%25A6%253C%252Fbutton%253E%250A%2B%2B-%2B%2B%2Blocator%2Bresolved%2Bto%2B2%2Belements.%2BProceeding%2Bwith%2Bthe%2Bfirst%2Bone%253A%2B%253Cbutton%2Btype%253D%2522button%2522%2Bclass%253D%2522cc-button-component%2Bcc-button-primary%2Bcc-button-xx-large%2Bcc-bg-primary%2Bcc-button-full%2522%253E%25E2%2580%25A6%253C%252Fbutton%253E%250A%2B%2B-%2B%2B%2Blocator%2Bresolved%2Bto%2B2%2Belements.%2BProceeding%2Bwith%2Bthe%2Bfirst%2Bone%253A%2B%253Cbutton%2Btype%253D%2522button%2522%2Bclass%253D%2522cc-button-component%2Bcc-button-primary%2Bcc-button-xx-large%2Bcc-bg-primary%2Bcc-button-full%2522%253E%25E2%2580%25A6%253C%252Fbutton%253E%250A%2B%2B-%2B%2B%2Blocator%2Bresolved%2Bto%2B2%2Belements.%2BProceeding%2Bwith%2Bthe%2Bfirst%2Bone%253A%2B%253Cbutton%2Btype%253D%2522button%2522%2Bclass%253D%2522cc-button-component%2Bcc-button-primary%2Bcc-button-xx-large%2Bcc-bg-primary%2Bcc-button-full%2522%253E%25E2%2580%25A6%253C%252Fbutton%253E%250A%2B%2B-%2B%2B%2Blocator%2Bresolved%2Bto%2B2%2Belements.%2BProceeding%2Bwith%2Bthe%2Bfirst%2Bone%253A%2B%253Cbutton%2Btype%253D%2522button%2522%2Bclass%253D%2522cc-button-component%2Bcc-button-primary%2Bcc-button-xx-large%2Bcc-bg-primary%2Bcc-button-full%2522%253E%25E2%2580%25A6%253C%252Fbutton%253E%250A%2B%2B-%2B%2B%2Blocator%2Bresolved%2Bto%2B2%2Belements.%2BProceeding%2Bwith%2Bthe%2Bfirst%2Bone%253A%2B%253Cbutton%2Btype%253D%2522button%2522%2Bclass%253D%2522cc-button-component%2Bcc-button-primary%2Bcc-button-xx-large%2Bcc-bg-primary%2Bcc-button-full%2522%253E%25E2%2580%25A6%253C%252Fbutton%253E%250A%2B%2B-%2B%2B%2Blocator%2Bresolved%2Bto%2B2%2Belements.%2BProceeding%2Bwith%2Bthe%2Bfirst%2Bone%253A%2B%253Cbutton%2Btype%253D%2522button%2522%2Bclass%253D%2522cc-button-component%2Bcc-button-primary%2Bcc-button-xx-large%2Bcc-bg-primary%2Bcc-button-full%2522%253E%25E2%2580%25A6%253C%252Fbutton%253E%250A%2B%2B-%2B%2B%2Blocator%2Bresolved%2Bto%2B2%2Belements.%2BProceeding%2Bwith%2Bthe%2Bfirst%2Bone%253A%2B%253Cbutton%2Btype%253D%2522button%2522%2Bclass%253D%2522cc-button-component%2Bcc-button-primary%2Bcc-button-xx-large%2Bcc-bg-primary%2Bcc-button-full%2522%253E%25E2%2580%25A6%253C%252Fbutton%253E%250A%2B%2B-%2B%2B%2Blocator%2Bresolved%2Bto%2B2%2Belements.%2BProceeding%2Bwith%2Bthe%2Bfirst%2Bone%253A%2B%253Cbutton%2Btype%253D%2522button%2522%2Bclass%253D%2522cc-button-component%2Bcc-button-primary%2Bcc-button-xx-large%2Bcc-bg-primary%2Bcc-button-full%2522%253E%25E2%2580%25A6%253C%252Fbutton%253E%250A%2B%2B-%2B%2B%2Blocator%2Bresolved%2Bto%2B2%2Belements.%2BProceeding%2Bwith%2Bthe%2Bfirst%2Bone%253A%2B%253Cbutton%2Btype%253D%2522button%2522%2Bclass%253D%2522cc-button-component%2Bcc-button-primary%2Bcc-button-xx-large%2Bcc-bg-primary%2Bcc-button-full%2522%253E%25E2%2580%25A6%253C%252Fbutton%253E%250A%2B%2B-%2B%2B%2Blocator%2Bresolved%2Bto%2B2%2Belements.%2BProceeding%2Bwith%2Bthe%2Bfirst%2Bone%253A%2B%253Cbutton%2Btype%253D%2522button%2522%2Bclass%253D%2522cc-button-component%2Bcc-button-primary%2Bcc-button-xx-large%2Bcc-bg-primary%2Bcc-button-full%2522%253E%25E2%2580%25A6%253C%252Fbutton%253E%250A%2B%2B-%2B%2B%2Blocator%2Bresolved%2Bto%2B2%2Belements.%2BProceeding%2Bwith%2Bthe%2Bfirst%2Bone%253A%2B%253Cbutton%2Btype%253D%2522button%2522%2Bclass%253D%2522cc-button-component%2Bcc-button-primary%2Bcc-button-xx-large%2Bcc-bg-primary%2Bcc-button-full%2522%253E%25E2%2580%25A6%253C%252Fbutton%253E%250A%2B%2B-%2B%2B%2Blocator%2Bresolved%2Bto%2B2%2Belements.%2BProceeding%2Bwith%2Bthe%2Bfirst%2Bone%253A%2B%253Cbutton%2Btype%253D%2522button%2522%2Bclass%253D%2522cc-button-component%2Bcc-button-primary%2Bcc-button-xx-large%2Bcc-bg-primary%2Bcc-button-full%2522%253E%25E2%2580%25A6%253C%252Fbutton%253E%250A+%28Caused+by+SSLError%28SSLCertVerificationError%281%2C+%27%5BSSL%3A+CERTIFICATE_VERIFY_FAILED%5D+certificate+verify+failed%3A+self+signed+certificate+%28_ssl.c%3A1129%29%27%29%29%29 (Caused by SSLError(SSLCertVerificationError(1, '[SSL: CERTIFICATE_VERIFY_FAILED] certificate verify failed: self signed certificate (_ssl.c:1129)')))
2025-05-25 01:59:28,899 - ERROR - Exception on /message [POST]
Traceback (most recent call last):
  File "D:\Python\BsVinh\Chess\Chess Analysis Sever\Chrome Server Deep PGN\.\main.py", line 992, in run
    await page.wait_for_selector('button.cc-button-component.cc-button-primary.cc-button-xx-large')
  File "C:\Users\robeb\AppData\Local\Packages\PythonSoftwareFoundation.Python.3.9_qbz5n2kfra8p0\LocalCache\local-packages\Python39\site-packages\playwright\async_api\_generated.py", line 7999, in wait_for_selector
    await self._impl_obj.wait_for_selector(
  File "C:\Users\robeb\AppData\Local\Packages\PythonSoftwareFoundation.Python.3.9_qbz5n2kfra8p0\LocalCache\local-packages\Python39\site-packages\playwright\_impl\_page.py", line 397, in wait_for_selector
    return await self._main_frame.wait_for_selector(**locals_to_params(locals()))
  File "C:\Users\robeb\AppData\Local\Packages\PythonSoftwareFoundation.Python.3.9_qbz5n2kfra8p0\LocalCache\local-packages\Python39\site-packages\playwright\_impl\_frame.py", line 323, in wait_for_selector
    await self._channel.send("waitForSelector", locals_to_params(locals()))
  File "C:\Users\robeb\AppData\Local\Packages\PythonSoftwareFoundation.Python.3.9_qbz5n2kfra8p0\LocalCache\local-packages\Python39\site-packages\playwright\_impl\_connection.py", line 59, in send
    return await self._connection.wrap_api_call(
  File "C:\Users\robeb\AppData\Local\Packages\PythonSoftwareFoundation.Python.3.9_qbz5n2kfra8p0\LocalCache\local-packages\Python39\site-packages\playwright\_impl\_connection.py", line 514, in wrap_api_call
    raise rewrite_error(error, f"{parsed_st['apiName']}: {error}") from None
playwright._impl._errors.TimeoutError: Page.wait_for_selector: Timeout 30000ms exceeded.
Call log:
waiting for locator("button.cc-button-component.cc-button-primary.cc-button-xx-large") to be visible
  -   locator resolved to 2 elements. Proceeding with the first one: <button type="button" class="cc-button-component cc-button-primary cc-button-xx-large cc-bg-primary cc-button-full"></button>
  -   locator resolved to 2 elements. Proceeding with the first one: <button type="button" class="cc-button-component cc-button-primary cc-button-xx-large cc-bg-primary cc-button-full"></button>
  -   locator resolved to 2 elements. Proceeding with the first one: <button type="button" class="cc-button-component cc-button-primary cc-button-xx-large cc-bg-primary cc-button-full"></button>
  -   locator resolved to 2 elements. Proceeding with the first one: <button type="button" class="cc-button-component cc-button-primary cc-button-xx-large cc-bg-primary cc-button-full"></button>
  -   locator resolved to 2 elements. Proceeding with the first one: <button type="button" class="cc-button-component cc-button-primary cc-button-xx-large cc-bg-primary cc-button-full"></button>
  -   locator resolved to 2 elements. Proceeding with the first one: <button type="button" class="cc-button-component cc-button-primary cc-button-xx-large cc-bg-primary cc-button-full"></button>
  -   locator resolved to 2 elements. Proceeding with the first one: <button type="button" class="cc-button-component cc-button-primary cc-button-xx-large cc-bg-primary cc-button-full"></button>
  -   locator resolved to 2 elements. Proceeding with the first one: <button type="button" class="cc-button-component cc-button-primary cc-button-xx-large cc-bg-primary cc-button-full"></button>
  -   locator resolved to 2 elements. Proceeding with the first one: <button type="button" class="cc-button-component cc-button-primary cc-button-xx-large cc-bg-primary cc-button-full"></button>
  -   locator resolved to 2 elements. Proceeding with the first one: <button type="button" class="cc-button-component cc-button-primary cc-button-xx-large cc-bg-primary cc-button-full"></button>
  -   locator resolved to 2 elements. Proceeding with the first one: <button type="button" class="cc-button-component cc-button-primary cc-button-xx-large cc-bg-primary cc-button-full"></button>
  -   locator resolved to 2 elements. Proceeding with the first one: <button type="button" class="cc-button-component cc-button-primary cc-button-xx-large cc-bg-primary cc-button-full"></button>
  -   locator resolved to 2 elements. Proceeding with the first one: <button type="button" class="cc-button-component cc-button-primary cc-button-xx-large cc-bg-primary cc-button-full"></button>
  -   locator resolved to 2 elements. Proceeding with the first one: <button type="button" class="cc-button-component cc-button-primary cc-button-xx-large cc-bg-primary cc-button-full"></button>
  -   locator resolved to 2 elements. Proceeding with the first one: <button type="button" class="cc-button-component cc-button-primary cc-button-xx-large cc-bg-primary cc-button-full"></button>
  -   locator resolved to 2 elements. Proceeding with the first one: <button type="button" class="cc-button-component cc-button-primary cc-button-xx-large cc-bg-primary cc-button-full"></button>
  -   locator resolved to 2 elements. Proceeding with the first one: <button type="button" class="cc-button-component cc-button-primary cc-button-xx-large cc-bg-primary cc-button-full"></button>
  -   locator resolved to 2 elements. Proceeding with the first one: <button type="button" class="cc-button-component cc-button-primary cc-button-xx-large cc-bg-primary cc-button-full"></button>
  -   locator resolved to 2 elements. Proceeding with the first one: <button type="button" class="cc-button-component cc-button-primary cc-button-xx-large cc-bg-primary cc-button-full"></button>
  -   locator resolved to 2 elements. Proceeding with the first one: <button type="button" class="cc-button-component cc-button-primary cc-button-xx-large cc-bg-primary cc-button-full"></button>
  -   locator resolved to 2 elements. Proceeding with the first one: <button type="button" class="cc-button-component cc-button-primary cc-button-xx-large cc-bg-primary cc-button-full"></button>
  -   locator resolved to 2 elements. Proceeding with the first one: <button type="button" class="cc-button-component cc-button-primary cc-button-xx-large cc-bg-primary cc-button-full"></button>
  -   locator resolved to 2 elements. Proceeding with the first one: <button type="button" class="cc-button-component cc-button-primary cc-button-xx-large cc-bg-primary cc-button-full"></button>
  -   locator resolved to 2 elements. Proceeding with the first one: <button type="button" class="cc-button-component cc-button-primary cc-button-xx-large cc-bg-primary cc-button-full"></button>
  -   locator resolved to 2 elements. Proceeding with the first one: <button type="button" class="cc-button-component cc-button-primary cc-button-xx-large cc-bg-primary cc-button-full"></button>
  -   locator resolved to 2 elements. Proceeding with the first one: <button type="button" class="cc-button-component cc-button-primary cc-button-xx-large cc-bg-primary cc-button-full"></button>
  -   locator resolved to 2 elements. Proceeding with the first one: <button type="button" class="cc-button-component cc-button-primary cc-button-xx-large cc-bg-primary cc-button-full"></button>
  -   locator resolved to 2 elements. Proceeding with the first one: <button type="button" class="cc-button-component cc-button-primary cc-button-xx-large cc-bg-primary cc-button-full"></button>
  -   locator resolved to 2 elements. Proceeding with the first one: <button type="button" class="cc-button-component cc-button-primary cc-button-xx-large cc-bg-primary cc-button-full"></button>
  -   locator resolved to 2 elements. Proceeding with the first one: <button type="button" class="cc-button-component cc-button-primary cc-button-xx-large cc-bg-primary cc-button-full"></button>
  -   locator resolved to 2 elements. Proceeding with the first one: <button type="button" class="cc-button-component cc-button-primary cc-button-xx-large cc-bg-primary cc-button-full"></button>
  -   locator resolved to 2 elements. Proceeding with the first one: <button type="button" class="cc-button-component cc-button-primary cc-button-xx-large cc-bg-primary cc-button-full"></button>
  -   locator resolved to 2 elements. Proceeding with the first one: <button type="button" class="cc-button-component cc-button-primary cc-button-xx-large cc-bg-primary cc-button-full"></button>
  -   locator resolved to 2 elements. Proceeding with the first one: <button type="button" class="cc-button-component cc-button-primary cc-button-xx-large cc-bg-primary cc-button-full"></button>
  -   locator resolved to 2 elements. Proceeding with the first one: <button type="button" class="cc-button-component cc-button-primary cc-button-xx-large cc-bg-primary cc-button-full"></button>
  -   locator resolved to 2 elements. Proceeding with the first one: <button type="button" class="cc-button-component cc-button-primary cc-button-xx-large cc-bg-primary cc-button-full"></button>
  -   locator resolved to 2 elements. Proceeding with the first one: <button type="button" class="cc-button-component cc-button-primary cc-button-xx-large cc-bg-primary cc-button-full"></button>
  -   locator resolved to 2 elements. Proceeding with the first one: <button type="button" class="cc-button-component cc-button-primary cc-button-xx-large cc-bg-primary cc-button-full"></button>
  -   locator resolved to 2 elements. Proceeding with the first one: <button type="button" class="cc-button-component cc-button-primary cc-button-xx-large cc-bg-primary cc-button-full"></button>
  -   locator resolved to 2 elements. Proceeding with the first one: <button type="button" class="cc-button-component cc-button-primary cc-button-xx-large cc-bg-primary cc-button-full"></button>
  -   locator resolved to 2 elements. Proceeding with the first one: <button type="button" class="cc-button-component cc-button-primary cc-button-xx-large cc-bg-primary cc-button-full"></button>
  -   locator resolved to 2 elements. Proceeding with the first one: <button type="button" class="cc-button-component cc-button-primary cc-button-xx-large cc-bg-primary cc-button-full"></button>
  -   locator resolved to 2 elements. Proceeding with the first one: <button type="button" class="cc-button-component cc-button-primary cc-button-xx-large cc-bg-primary cc-button-full"></button>
  -   locator resolved to 2 elements. Proceeding with the first one: <button type="button" class="cc-button-component cc-button-primary cc-button-xx-large cc-bg-primary cc-button-full"></button>
  -   locator resolved to 2 elements. Proceeding with the first one: <button type="button" class="cc-button-component cc-button-primary cc-button-xx-large cc-bg-primary cc-button-full"></button>
  -   locator resolved to 2 elements. Proceeding with the first one: <button type="button" class="cc-button-component cc-button-primary cc-button-xx-large cc-bg-primary cc-button-full"></button>
  -   locator resolved to 2 elements. Proceeding with the first one: <button type="button" class="cc-button-component cc-button-primary cc-button-xx-large cc-bg-primary cc-button-full"></button>
  -   locator resolved to 2 elements. Proceeding with the first one: <button type="button" class="cc-button-component cc-button-primary cc-button-xx-large cc-bg-primary cc-button-full"></button>
  -   locator resolved to 2 elements. Proceeding with the first one: <button type="button" class="cc-button-component cc-button-primary cc-button-xx-large cc-bg-primary cc-button-full"></button>
  -   locator resolved to 2 elements. Proceeding with the first one: <button type="button" class="cc-button-component cc-button-primary cc-button-xx-large cc-bg-primary cc-button-full"></button>
  -   locator resolved to 2 elements. Proceeding with the first one: <button type="button" class="cc-button-component cc-button-primary cc-button-xx-large cc-bg-primary cc-button-full"></button>
  -   locator resolved to 2 elements. Proceeding with the first one: <button type="button" class="cc-button-component cc-button-primary cc-button-xx-large cc-bg-primary cc-button-full"></button>
  -   locator resolved to 2 elements. Proceeding with the first one: <button type="button" class="cc-button-component cc-button-primary cc-button-xx-large cc-bg-primary cc-button-full"></button>
  -   locator resolved to 2 elements. Proceeding with the first one: <button type="button" class="cc-button-component cc-button-primary cc-button-xx-large cc-bg-primary cc-button-full"></button>


During handling of the above exception, another exception occurred:

Traceback (most recent call last):
  File "C:\Users\robeb\AppData\Local\Packages\PythonSoftwareFoundation.Python.3.9_qbz5n2kfra8p0\LocalCache\local-packages\Python39\site-packages\urllib3\connectionpool.py", line 466, in _make_request
    self._validate_conn(conn)
  File "C:\Users\robeb\AppData\Local\Packages\PythonSoftwareFoundation.Python.3.9_qbz5n2kfra8p0\LocalCache\local-packages\Python39\site-packages\urllib3\connectionpool.py", line 1095, in _validate_conn
    conn.connect()
  File "C:\Users\robeb\AppData\Local\Packages\PythonSoftwareFoundation.Python.3.9_qbz5n2kfra8p0\LocalCache\local-packages\Python39\site-packages\urllib3\connection.py", line 730, in connect
    sock_and_verified = _ssl_wrap_socket_and_match_hostname(
  File "C:\Users\robeb\AppData\Local\Packages\PythonSoftwareFoundation.Python.3.9_qbz5n2kfra8p0\LocalCache\local-packages\Python39\site-packages\urllib3\connection.py", line 909, in _ssl_wrap_socket_and_match_hostname
    ssl_sock = ssl_wrap_socket(
  File "C:\Users\robeb\AppData\Local\Packages\PythonSoftwareFoundation.Python.3.9_qbz5n2kfra8p0\LocalCache\local-packages\Python39\site-packages\urllib3\util\ssl_.py", line 469, in ssl_wrap_socket
    ssl_sock = _ssl_wrap_socket_impl(sock, context, tls_in_tls, server_hostname)
  File "C:\Users\robeb\AppData\Local\Packages\PythonSoftwareFoundation.Python.3.9_qbz5n2kfra8p0\LocalCache\local-packages\Python39\site-packages\urllib3\util\ssl_.py", line 513, in _ssl_wrap_socket_impl
    return ssl_context.wrap_socket(sock, server_hostname=server_hostname)
  File "C:\Program Files\WindowsApps\PythonSoftwareFoundation.Python.3.9_3.9.3568.0_x64__qbz5n2kfra8p0\lib\ssl.py", line 501, in wrap_socket
    return self.sslsocket_class._create(
  File "C:\Program Files\WindowsApps\PythonSoftwareFoundation.Python.3.9_3.9.3568.0_x64__qbz5n2kfra8p0\lib\ssl.py", line 1041, in _create
    self.do_handshake()
  File "C:\Program Files\WindowsApps\PythonSoftwareFoundation.Python.3.9_3.9.3568.0_x64__qbz5n2kfra8p0\lib\ssl.py", line 1310, in do_handshake
    self._sslobj.do_handshake()
ssl.SSLCertVerificationError: [SSL: CERTIFICATE_VERIFY_FAILED] certificate verify failed: self signed certificate (_ssl.c:1129)

During handling of the above exception, another exception occurred:

Traceback (most recent call last):
  File "C:\Users\robeb\AppData\Local\Packages\PythonSoftwareFoundation.Python.3.9_qbz5n2kfra8p0\LocalCache\local-packages\Python39\site-packages\urllib3\connectionpool.py", line 789, in urlopen
    response = self._make_request(
  File "C:\Users\robeb\AppData\Local\Packages\PythonSoftwareFoundation.Python.3.9_qbz5n2kfra8p0\LocalCache\local-packages\Python39\site-packages\urllib3\connectionpool.py", line 490, in _make_request
    raise new_e
urllib3.exceptions.SSLError: [SSL: CERTIFICATE_VERIFY_FAILED] certificate verify failed: self signed certificate (_ssl.c:1129)

The above exception was the direct cause of the following exception:

Traceback (most recent call last):
  File "C:\Users\robeb\AppData\Local\Packages\PythonSoftwareFoundation.Python.3.9_qbz5n2kfra8p0\LocalCache\local-packages\Python39\site-packages\requests\adapters.py", line 667, in send
    resp = conn.urlopen(
  File "C:\Users\robeb\AppData\Local\Packages\PythonSoftwareFoundation.Python.3.9_qbz5n2kfra8p0\LocalCache\local-packages\Python39\site-packages\urllib3\connectionpool.py", line 843, in urlopen
    retries = retries.increment(
  File "C:\Users\robeb\AppData\Local\Packages\PythonSoftwareFoundation.Python.3.9_qbz5n2kfra8p0\LocalCache\local-packages\Python39\site-packages\urllib3\util\retry.py", line 519, in increment
    raise MaxRetryError(_pool, url, reason) from reason  # type: ignore[arg-type]
urllib3.exceptions.MaxRetryError: HTTPSConnectionPool(host='api.telegram.org', port=443): Max retries exceeded with url: /bot8002951108:AAEeUXPdNKVPc7_wdAiFGAgXyV0InsJMDhk/sendMessage?chat_id=7880397584&text=Error+processing+link%3A+Page.wait_for_selector%3A+Timeout+30000ms+exceeded.%0ACall+log%3A%0Awaiting+for+locator%28%22button.cc-button-component.cc-button-primary.cc-button-xx-large%22%29+to+be+visible%0A++-+++locator+resolved+to+2+elements.+Proceeding+with+the+first+one%3A+%3Cbutton+type%3D%22button%22+class%3D%22cc-button-component+cc-button-primary+cc-button-xx-large+cc-bg-primary+cc-button-full%22%3E%E2%80%A6%3C%2Fbutton%3E%0A++-+++locator+resolved+to+2+elements.+Proceeding+with+the+first+one%3A+%3Cbutton+type%3D%22button%22+class%3D%22cc-button-component+cc-button-primary+cc-button-xx-large+cc-bg-primary+cc-button-full%22%3E%E2%80%A6%3C%2Fbutton%3E%0A++-+++locator+resolved+to+2+elements.+Proceeding+with+the+first+one%3A+%3Cbutton+type%3D%22button%22+class%3D%22cc-button-component+cc-button-primary+cc-button-xx-large+cc-bg-primary+cc-button-full%22%3E%E2%80%A6%3C%2Fbutton%3E%0A++-+++locator+resolved+to+2+elements.+Proceeding+with+the+first+one%3A+%3Cbutton+type%3D%22button%22+class%3D%22cc-button-component+cc-button-primary+cc-button-xx-large+cc-bg-primary+cc-button-full%22%3E%E2%80%A6%3C%2Fbutton%3E%0A++-+++locator+resolved+to+2+elements.+Proceeding+with+the+first+one%3A+%3Cbutton+type%3D%22button%22+class%3D%22cc-button-component+cc-button-primary+cc-button-xx-large+cc-bg-primary+cc-button-full%22%3E%E2%80%A6%3C%2Fbutton%3E%0A++-+++locator+resolved+to+2+elements.+Proceeding+with+the+first+one%3A+%3Cbutton+type%3D%22button%22+class%3D%22cc-button-component+cc-button-primary+cc-button-xx-large+cc-bg-primary+cc-button-full%22%3E%E2%80%A6%3C%2Fbutton%3E%0A++-+++locator+resolved+to+2+elements.+Proceeding+with+the+first+one%3A+%3Cbutton+type%3D%22button%22+class%3D%22cc-button-component+cc-button-primary+cc-button-xx-large+cc-bg-primary+cc-button-full%22%3E%E2%80%A6%3C%2Fbutton%3E%0A++-+++locator+resolved+to+2+elements.+Proceeding+with+the+first+one%3A+%3Cbutton+type%3D%22button%22+class%3D%22cc-button-component+cc-button-primary+cc-button-xx-large+cc-bg-primary+cc-button-full%22%3E%E2%80%A6%3C%2Fbutton%3E%0A++-+++locator+resolved+to+2+elements.+Proceeding+with+the+first+one%3A+%3Cbutton+type%3D%22button%22+class%3D%22cc-button-component+cc-button-primary+cc-button-xx-large+cc-bg-primary+cc-button-full%22%3E%E2%80%A6%3C%2Fbutton%3E%0A++-+++locator+resolved+to+2+elements.+Proceeding+with+the+first+one%3A+%3Cbutton+type%3D%22button%22+class%3D%22cc-button-component+cc-button-primary+cc-button-xx-large+cc-bg-primary+cc-button-full%22%3E%E2%80%A6%3C%2Fbutton%3E%0A++-+++locator+resolved+to+2+elements.+Proceeding+with+the+first+one%3A+%3Cbutton+type%3D%22button%22+class%3D%22cc-button-component+cc-button-primary+cc-button-xx-large+cc-bg-primary+cc-button-full%22%3E%E2%80%A6%3C%2Fbutton%3E%0A++-+++locator+resolved+to+2+elements.+Proceeding+with+the+first+one%3A+%3Cbutton+type%3D%22button%22+class%3D%22cc-button-component+cc-button-primary+cc-button-xx-large+cc-bg-primary+cc-button-full%22%3E%E2%80%A6%3C%2Fbutton%3E%0A++-+++locator+resolved+to+2+elements.+Proceeding+with+the+first+one%3A+%3Cbutton+type%3D%22button%22+class%3D%22cc-button-component+cc-button-primary+cc-button-xx-large+cc-bg-primary+cc-button-full%22%3E%E2%80%A6%3C%2Fbutton%3E%0A++-+++locator+resolved+to+2+elements.+Proceeding+with+the+first+one%3A+%3Cbutton+type%3D%22button%22+class%3D%22cc-button-component+cc-button-primary+cc-button-xx-large+cc-bg-primary+cc-button-full%22%3E%E2%80%A6%3C%2Fbutton%3E%0A++-+++locator+resolved+to+2+elements.+Proceeding+with+the+first+one%3A+%3Cbutton+type%3D%22button%22+class%3D%22cc-button-component+cc-button-primary+cc-button-xx-large+cc-bg-primary+cc-button-full%22%3E%E2%80%A6%3C%2Fbutton%3E%0A++-+++locator+resolved+to+2+elements.+Proceeding+with+the+first+one%3A+%3Cbutton+type%3D%22button%22+class%3D%22cc-button-component+cc-button-primary+cc-button-xx-large+cc-bg-primary+cc-button-full%22%3E%E2%80%A6%3C%2Fbutton%3E%0A++-+++locator+resolved+to+2+elements.+Proceeding+with+the+first+one%3A+%3Cbutton+type%3D%22button%22+class%3D%22cc-button-component+cc-button-primary+cc-button-xx-large+cc-bg-primary+cc-button-full%22%3E%E2%80%A6%3C%2Fbutton%3E%0A++-+++locator+resolved+to+2+elements.+Proceeding+with+the+first+one%3A+%3Cbutton+type%3D%22button%22+class%3D%22cc-button-component+cc-button-primary+cc-button-xx-large+cc-bg-primary+cc-button-full%22%3E%E2%80%A6%3C%2Fbutton%3E%0A++-+++locator+resolved+to+2+elements.+Proceeding+with+the+first+one%3A+%3Cbutton+type%3D%22button%22+class%3D%22cc-button-component+cc-button-primary+cc-button-xx-large+cc-bg-primary+cc-button-full%22%3E%E2%80%A6%3C%2Fbutton%3E%0A++-+++locator+resolved+to+2+elements.+Proceeding+with+the+first+one%3A+%3Cbutton+type%3D%22button%22+class%3D%22cc-button-component+cc-button-primary+cc-button-xx-large+cc-bg-primary+cc-button-full%22%3E%E2%80%A6%3C%2Fbutton%3E%0A++-+++locator+resolved+to+2+elements.+Proceeding+with+the+first+one%3A+%3Cbutton+type%3D%22button%22+class%3D%22cc-button-component+cc-button-primary+cc-button-xx-large+cc-bg-primary+cc-button-full%22%3E%E2%80%A6%3C%2Fbutton%3E%0A++-+++locator+resolved+to+2+elements.+Proceeding+with+the+first+one%3A+%3Cbutton+type%3D%22button%22+class%3D%22cc-button-component+cc-button-primary+cc-button-xx-large+cc-bg-primary+cc-button-full%22%3E%E2%80%A6%3C%2Fbutton%3E%0A++-+++locator+resolved+to+2+elements.+Proceeding+with+the+first+one%3A+%3Cbutton+type%3D%22button%22+class%3D%22cc-button-component+cc-button-primary+cc-button-xx-large+cc-bg-primary+cc-button-full%22%3E%E2%80%A6%3C%2Fbutton%3E%0A++-+++locator+resolved+to+2+elements.+Proceeding+with+the+first+one%3A+%3Cbutton+type%3D%22button%22+class%3D%22cc-button-component+cc-button-primary+cc-button-xx-large+cc-bg-primary+cc-button-full%22%3E%E2%80%A6%3C%2Fbutton%3E%0A++-+++locator+resolved+to+2+elements.+Proceeding+with+the+first+one%3A+%3Cbutton+type%3D%22button%22+class%3D%22cc-button-component+cc-button-primary+cc-button-xx-large+cc-bg-primary+cc-button-full%22%3E%E2%80%A6%3C%2Fbutton%3E%0A++-+++locator+resolved+to+2+elements.+Proceeding+with+the+first+one%3A+%3Cbutton+type%3D%22button%22+class%3D%22cc-button-component+cc-button-primary+cc-button-xx-large+cc-bg-primary+cc-button-full%22%3E%E2%80%A6%3C%2Fbutton%3E%0A++-+++locator+resolved+to+2+elements.+Proceeding+with+the+first+one%3A+%3Cbutton+type%3D%22button%22+class%3D%22cc-button-component+cc-button-primary+cc-button-xx-large+cc-bg-primary+cc-button-full%22%3E%E2%80%A6%3C%2Fbutton%3E%0A++-+++locator+resolved+to+2+elements.+Proceeding+with+the+first+one%3A+%3Cbutton+type%3D%22button%22+class%3D%22cc-button-component+cc-button-primary+cc-button-xx-large+cc-bg-primary+cc-button-full%22%3E%E2%80%A6%3C%2Fbutton%3E%0A++-+++locator+resolved+to+2+elements.+Proceeding+with+the+first+one%3A+%3Cbutton+type%3D%22button%22+class%3D%22cc-button-component+cc-button-primary+cc-button-xx-large+cc-bg-primary+cc-button-full%22%3E%E2%80%A6%3C%2Fbutton%3E%0A++-+++locator+resolved+to+2+elements.+Proceeding+with+the+first+one%3A+%3Cbutton+type%3D%22button%22+class%3D%22cc-button-component+cc-button-primary+cc-button-xx-large+cc-bg-primary+cc-button-full%22%3E%E2%80%A6%3C%2Fbutton%3E%0A++-+++locator+resolved+to+2+elements.+Proceeding+with+the+first+one%3A+%3Cbutton+type%3D%22button%22+class%3D%22cc-button-component+cc-button-primary+cc-button-xx-large+cc-bg-primary+cc-button-full%22%3E%E2%80%A6%3C%2Fbutton%3E%0A++-+++locator+resolved+to+2+elements.+Proceeding+with+the+first+one%3A+%3Cbutton+type%3D%22button%22+class%3D%22cc-button-component+cc-button-primary+cc-button-xx-large+cc-bg-primary+cc-button-full%22%3E%E2%80%A6%3C%2Fbutton%3E%0A++-+++locator+resolved+to+2+elements.+Proceeding+with+the+first+one%3A+%3Cbutton+type%3D%22button%22+class%3D%22cc-button-component+cc-button-primary+cc-button-xx-large+cc-bg-primary+cc-button-full%22%3E%E2%80%A6%3C%2Fbutton%3E%0A++-+++locator+resolved+to+2+elements.+Proceeding+with+the+first+one%3A+%3Cbutton+type%3D%22button%22+class%3D%22cc-button-component+cc-button-primary+cc-button-xx-large+cc-bg-primary+cc-button-full%22%3E%E2%80%A6%3C%2Fbutton%3E%0A++-+++locator+resolved+to+2+elements.+Proceeding+with+the+first+one%3A+%3Cbutton+type%3D%22button%22+class%3D%22cc-button-component+cc-button-primary+cc-button-xx-large+cc-bg-primary+cc-button-full%22%3E%E2%80%A6%3C%2Fbutton%3E%0A++-+++locator+resolved+to+2+elements.+Proceeding+with+the+first+one%3A+%3Cbutton+type%3D%22button%22+class%3D%22cc-button-component+cc-button-primary+cc-button-xx-large+cc-bg-primary+cc-button-full%22%3E%E2%80%A6%3C%2Fbutton%3E%0A++-+++locator+resolved+to+2+elements.+Proceeding+with+the+first+one%3A+%3Cbutton+type%3D%22button%22+class%3D%22cc-button-component+cc-button-primary+cc-button-xx-large+cc-bg-primary+cc-button-full%22%3E%E2%80%A6%3C%2Fbutton%3E%0A++-+++locator+resolved+to+2+elements.+Proceeding+with+the+first+one%3A+%3Cbutton+type%3D%22button%22+class%3D%22cc-button-component+cc-button-primary+cc-button-xx-large+cc-bg-primary+cc-button-full%22%3E%E2%80%A6%3C%2Fbutton%3E%0A++-+++locator+resolved+to+2+elements.+Proceeding+with+the+first+one%3A+%3Cbutton+type%3D%22button%22+class%3D%22cc-button-component+cc-button-primary+cc-button-xx-large+cc-bg-primary+cc-button-full%22%3E%E2%80%A6%3C%2Fbutton%3E%0A++-+++locator+resolved+to+2+elements.+Proceeding+with+the+first+one%3A+%3Cbutton+type%3D%22button%22+class%3D%22cc-button-component+cc-button-primary+cc-button-xx-large+cc-bg-primary+cc-button-full%22%3E%E2%80%A6%3C%2Fbutton%3E%0A++-+++locator+resolved+to+2+elements.+Proceeding+with+the+first+one%3A+%3Cbutton+type%3D%22button%22+class%3D%22cc-button-component+cc-button-primary+cc-button-xx-large+cc-bg-primary+cc-button-full%22%3E%E2%80%A6%3C%2Fbutton%3E%0A++-+++locator+resolved+to+2+elements.+Proceeding+with+the+first+one%3A+%3Cbutton+type%3D%22button%22+class%3D%22cc-button-component+cc-button-primary+cc-button-xx-large+cc-bg-primary+cc-button-full%22%3E%E2%80%A6%3C%2Fbutton%3E%0A++-+++locator+resolved+to+2+elements.+Proceeding+with+the+first+one%3A+%3Cbutton+type%3D%22button%22+class%3D%22cc-button-component+cc-button-primary+cc-button-xx-large+cc-bg-primary+cc-button-full%22%3E%E2%80%A6%3C%2Fbutton%3E%0A++-+++locator+resolved+to+2+elements.+Proceeding+with+the+first+one%3A+%3Cbutton+type%3D%22button%22+class%3D%22cc-button-component+cc-button-primary+cc-button-xx-large+cc-bg-primary+cc-button-full%22%3E%E2%80%A6%3C%2Fbutton%3E%0A++-+++locator+resolved+to+2+elements.+Proceeding+with+the+first+one%3A+%3Cbutton+type%3D%22button%22+class%3D%22cc-button-component+cc-button-primary+cc-button-xx-large+cc-bg-primary+cc-button-full%22%3E%E2%80%A6%3C%2Fbutton%3E%0A++-+++locator+resolved+to+2+elements.+Proceeding+with+the+first+one%3A+%3Cbutton+type%3D%22button%22+class%3D%22cc-button-component+cc-button-primary+cc-button-xx-large+cc-bg-primary+cc-button-full%22%3E%E2%80%A6%3C%2Fbutton%3E%0A++-+++locator+resolved+to+2+elements.+Proceeding+with+the+first+one%3A+%3Cbutton+type%3D%22button%22+class%3D%22cc-button-component+cc-button-primary+cc-button-xx-large+cc-bg-primary+cc-button-full%22%3E%E2%80%A6%3C%2Fbutton%3E%0A++-+++locator+resolved+to+2+elements.+Proceeding+with+the+first+one%3A+%3Cbutton+type%3D%22button%22+class%3D%22cc-button-component+cc-button-primary+cc-button-xx-large+cc-bg-primary+cc-button-full%22%3E%E2%80%A6%3C%2Fbutton%3E%0A++-+++locator+resolved+to+2+elements.+Proceeding+with+the+first+one%3A+%3Cbutton+type%3D%22button%22+class%3D%22cc-button-component+cc-button-primary+cc-button-xx-large+cc-bg-primary+cc-button-full%22%3E%E2%80%A6%3C%2Fbutton%3E%0A++-+++locator+resolved+to+2+elements.+Proceeding+with+the+first+one%3A+%3Cbutton+type%3D%22button%22+class%3D%22cc-button-component+cc-button-primary+cc-button-xx-large+cc-bg-primary+cc-button-full%22%3E%E2%80%A6%3C%2Fbutton%3E%0A++-+++locator+resolved+to+2+elements.+Proceeding+with+the+first+one%3A+%3Cbutton+type%3D%22button%22+class%3D%22cc-button-component+cc-button-primary+cc-button-xx-large+cc-bg-primary+cc-button-full%22%3E%E2%80%A6%3C%2Fbutton%3E%0A++-+++locator+resolved+to+2+elements.+Proceeding+with+the+first+one%3A+%3Cbutton+type%3D%22button%22+class%3D%22cc-button-component+cc-button-primary+cc-button-xx-large+cc-bg-primary+cc-button-full%22%3E%E2%80%A6%3C%2Fbutton%3E%0A++-+++locator+resolved+to+2+elements.+Proceeding+with+the+first+one%3A+%3Cbutton+type%3D%22button%22+class%3D%22cc-button-component+cc-button-primary+cc-button-xx-large+cc-bg-primary+cc-button-full%22%3E%E2%80%A6%3C%2Fbutton%3E%0A++-+++locator+resolved+to+2+elements.+Proceeding+with+the+first+one%3A+%3Cbutton+type%3D%22button%22+class%3D%22cc-button-component+cc-button-primary+cc-button-xx-large+cc-bg-primary+cc-button-full%22%3E%E2%80%A6%3C%2Fbutton%3E%0A (Caused by SSLError(SSLCertVerificationError(1, '[SSL: CERTIFICATE_VERIFY_FAILED] certificate verify failed: self signed certificate (_ssl.c:1129)')))

During handling of the above exception, another exception occurred:

Traceback (most recent call last):
  File "D:\Python\BsVinh\Chess\Chess Analysis Sever\Chrome Server Deep PGN\.\main.py", line 999, in run
    send_telegram_bot(f"Error processing link: {e}")
  File "D:\Python\BsVinh\Chess\Chess Analysis Sever\Chrome Server Deep PGN\.\main.py", line 1058, in send_telegram_bot
    response = requests.get(url, params=params)
  File "C:\Users\robeb\AppData\Local\Packages\PythonSoftwareFoundation.Python.3.9_qbz5n2kfra8p0\LocalCache\local-packages\Python39\site-packages\requests\api.py", line 73, in get
    return request("get", url, params=params, **kwargs)
  File "C:\Users\robeb\AppData\Local\Packages\PythonSoftwareFoundation.Python.3.9_qbz5n2kfra8p0\LocalCache\local-packages\Python39\site-packages\requests\api.py", line 59, in request
    return session.request(method=method, url=url, **kwargs)
  File "C:\Users\robeb\AppData\Local\Packages\PythonSoftwareFoundation.Python.3.9_qbz5n2kfra8p0\LocalCache\local-packages\Python39\site-packages\requests\sessions.py", line 589, in request
    resp = self.send(prep, **send_kwargs)
  File "C:\Users\robeb\AppData\Local\Packages\PythonSoftwareFoundation.Python.3.9_qbz5n2kfra8p0\LocalCache\local-packages\Python39\site-packages\requests\sessions.py", line 703, in send
    r = adapter.send(request, **kwargs)
  File "C:\Users\robeb\AppData\Local\Packages\PythonSoftwareFoundation.Python.3.9_qbz5n2kfra8p0\LocalCache\local-packages\Python39\site-packages\requests\adapters.py", line 698, in send
    raise SSLError(e, request=request)
requests.exceptions.SSLError: HTTPSConnectionPool(host='api.telegram.org', port=443): Max retries exceeded with url: /bot8002951108:AAEeUXPdNKVPc7_wdAiFGAgXyV0InsJMDhk/sendMessage?chat_id=7880397584&text=Error+processing+link%3A+Page.wait_for_selector%3A+Timeout+30000ms+exceeded.%0ACall+log%3A%0Awaiting+for+locator%28%22button.cc-button-component.cc-button-primary.cc-button-xx-large%22%29+to+be+visible%0A++-+++locator+resolved+to+2+elements.+Proceeding+with+the+first+one%3A+%3Cbutton+type%3D%22button%22+class%3D%22cc-button-component+cc-button-primary+cc-button-xx-large+cc-bg-primary+cc-button-full%22%3E%E2%80%A6%3C%2Fbutton%3E%0A++-+++locator+resolved+to+2+elements.+Proceeding+with+the+first+one%3A+%3Cbutton+type%3D%22button%22+class%3D%22cc-button-component+cc-button-primary+cc-button-xx-large+cc-bg-primary+cc-button-full%22%3E%E2%80%A6%3C%2Fbutton%3E%0A++-+++locator+resolved+to+2+elements.+Proceeding+with+the+first+one%3A+%3Cbutton+type%3D%22button%22+class%3D%22cc-button-component+cc-button-primary+cc-button-xx-large+cc-bg-primary+cc-button-full%22%3E%E2%80%A6%3C%2Fbutton%3E%0A++-+++locator+resolved+to+2+elements.+Proceeding+with+the+first+one%3A+%3Cbutton+type%3D%22button%22+class%3D%22cc-button-component+cc-button-primary+cc-button-xx-large+cc-bg-primary+cc-button-full%22%3E%E2%80%A6%3C%2Fbutton%3E%0A++-+++locator+resolved+to+2+elements.+Proceeding+with+the+first+one%3A+%3Cbutton+type%3D%22button%22+class%3D%22cc-button-component+cc-button-primary+cc-button-xx-large+cc-bg-primary+cc-button-full%22%3E%E2%80%A6%3C%2Fbutton%3E%0A++-+++locator+resolved+to+2+elements.+Proceeding+with+the+first+one%3A+%3Cbutton+type%3D%22button%22+class%3D%22cc-button-component+cc-button-primary+cc-button-xx-large+cc-bg-primary+cc-button-full%22%3E%E2%80%A6%3C%2Fbutton%3E%0A++-+++locator+resolved+to+2+elements.+Proceeding+with+the+first+one%3A+%3Cbutton+type%3D%22button%22+class%3D%22cc-button-component+cc-button-primary+cc-button-xx-large+cc-bg-primary+cc-button-full%22%3E%E2%80%A6%3C%2Fbutton%3E%0A++-+++locator+resolved+to+2+elements.+Proceeding+with+the+first+one%3A+%3Cbutton+type%3D%22button%22+class%3D%22cc-button-component+cc-button-primary+cc-button-xx-large+cc-bg-primary+cc-button-full%22%3E%E2%80%A6%3C%2Fbutton%3E%0A++-+++locator+resolved+to+2+elements.+Proceeding+with+the+first+one%3A+%3Cbutton+type%3D%22button%22+class%3D%22cc-button-component+cc-button-primary+cc-button-xx-large+cc-bg-primary+cc-button-full%22%3E%E2%80%A6%3C%2Fbutton%3E%0A++-+++locator+resolved+to+2+elements.+Proceeding+with+the+first+one%3A+%3Cbutton+type%3D%22button%22+class%3D%22cc-button-component+cc-button-primary+cc-button-xx-large+cc-bg-primary+cc-button-full%22%3E%E2%80%A6%3C%2Fbutton%3E%0A++-+++locator+resolved+to+2+elements.+Proceeding+with+the+first+one%3A+%3Cbutton+type%3D%22button%22+class%3D%22cc-button-component+cc-button-primary+cc-button-xx-large+cc-bg-primary+cc-button-full%22%3E%E2%80%A6%3C%2Fbutton%3E%0A++-+++locator+resolved+to+2+elements.+Proceeding+with+the+first+one%3A+%3Cbutton+type%3D%22button%22+class%3D%22cc-button-component+cc-button-primary+cc-button-xx-large+cc-bg-primary+cc-button-full%22%3E%E2%80%A6%3C%2Fbutton%3E%0A++-+++locator+resolved+to+2+elements.+Proceeding+with+the+first+one%3A+%3Cbutton+type%3D%22button%22+class%3D%22cc-button-component+cc-button-primary+cc-button-xx-large+cc-bg-primary+cc-button-full%22%3E%E2%80%A6%3C%2Fbutton%3E%0A++-+++locator+resolved+to+2+elements.+Proceeding+with+the+first+one%3A+%3Cbutton+type%3D%22button%22+class%3D%22cc-button-component+cc-button-primary+cc-button-xx-large+cc-bg-primary+cc-button-full%22%3E%E2%80%A6%3C%2Fbutton%3E%0A++-+++locator+resolved+to+2+elements.+Proceeding+with+the+first+one%3A+%3Cbutton+type%3D%22button%22+class%3D%22cc-button-component+cc-button-primary+cc-button-xx-large+cc-bg-primary+cc-button-full%22%3E%E2%80%A6%3C%2Fbutton%3E%0A++-+++locator+resolved+to+2+elements.+Proceeding+with+the+first+one%3A+%3Cbutton+type%3D%22button%22+class%3D%22cc-button-component+cc-button-primary+cc-button-xx-large+cc-bg-primary+cc-button-full%22%3E%E2%80%A6%3C%2Fbutton%3E%0A++-+++locator+resolved+to+2+elements.+Proceeding+with+the+first+one%3A+%3Cbutton+type%3D%22button%22+class%3D%22cc-button-component+cc-button-primary+cc-button-xx-large+cc-bg-primary+cc-button-full%22%3E%E2%80%A6%3C%2Fbutton%3E%0A++-+++locator+resolved+to+2+elements.+Proceeding+with+the+first+one%3A+%3Cbutton+type%3D%22button%22+class%3D%22cc-button-component+cc-button-primary+cc-button-xx-large+cc-bg-primary+cc-button-full%22%3E%E2%80%A6%3C%2Fbutton%3E%0A++-+++locator+resolved+to+2+elements.+Proceeding+with+the+first+one%3A+%3Cbutton+type%3D%22button%22+class%3D%22cc-button-component+cc-button-primary+cc-button-xx-large+cc-bg-primary+cc-button-full%22%3E%E2%80%A6%3C%2Fbutton%3E%0A++-+++locator+resolved+to+2+elements.+Proceeding+with+the+first+one%3A+%3Cbutton+type%3D%22button%22+class%3D%22cc-button-component+cc-button-primary+cc-button-xx-large+cc-bg-primary+cc-button-full%22%3E%E2%80%A6%3C%2Fbutton%3E%0A++-+++locator+resolved+to+2+elements.+Proceeding+with+the+first+one%3A+%3Cbutton+type%3D%22button%22+class%3D%22cc-button-component+cc-button-primary+cc-button-xx-large+cc-bg-primary+cc-button-full%22%3E%E2%80%A6%3C%2Fbutton%3E%0A++-+++locator+resolved+to+2+elements.+Proceeding+with+the+first+one%3A+%3Cbutton+type%3D%22button%22+class%3D%22cc-button-component+cc-button-primary+cc-button-xx-large+cc-bg-primary+cc-button-full%22%3E%E2%80%A6%3C%2Fbutton%3E%0A++-+++locator+resolved+to+2+elements.+Proceeding+with+the+first+one%3A+%3Cbutton+type%3D%22button%22+class%3D%22cc-button-component+cc-button-primary+cc-button-xx-large+cc-bg-primary+cc-button-full%22%3E%E2%80%A6%3C%2Fbutton%3E%0A++-+++locator+resolved+to+2+elements.+Proceeding+with+the+first+one%3A+%3Cbutton+type%3D%22button%22+class%3D%22cc-button-component+cc-button-primary+cc-button-xx-large+cc-bg-primary+cc-button-full%22%3E%E2%80%A6%3C%2Fbutton%3E%0A++-+++locator+resolved+to+2+elements.+Proceeding+with+the+first+one%3A+%3Cbutton+type%3D%22button%22+class%3D%22cc-button-component+cc-button-primary+cc-button-xx-large+cc-bg-primary+cc-button-full%22%3E%E2%80%A6%3C%2Fbutton%3E%0A++-+++locator+resolved+to+2+elements.+Proceeding+with+the+first+one%3A+%3Cbutton+type%3D%22button%22+class%3D%22cc-button-component+cc-button-primary+cc-button-xx-large+cc-bg-primary+cc-button-full%22%3E%E2%80%A6%3C%2Fbutton%3E%0A++-+++locator+resolved+to+2+elements.+Proceeding+with+the+first+one%3A+%3Cbutton+type%3D%22button%22+class%3D%22cc-button-component+cc-button-primary+cc-button-xx-large+cc-bg-primary+cc-button-full%22%3E%E2%80%A6%3C%2Fbutton%3E%0A++-+++locator+resolved+to+2+elements.+Proceeding+with+the+first+one%3A+%3Cbutton+type%3D%22button%22+class%3D%22cc-button-component+cc-button-primary+cc-button-xx-large+cc-bg-primary+cc-button-full%22%3E%E2%80%A6%3C%2Fbutton%3E%0A++-+++locator+resolved+to+2+elements.+Proceeding+with+the+first+one%3A+%3Cbutton+type%3D%22button%22+class%3D%22cc-button-component+cc-button-primary+cc-button-xx-large+cc-bg-primary+cc-button-full%22%3E%E2%80%A6%3C%2Fbutton%3E%0A++-+++locator+resolved+to+2+elements.+Proceeding+with+the+first+one%3A+%3Cbutton+type%3D%22button%22+class%3D%22cc-button-component+cc-button-primary+cc-button-xx-large+cc-bg-primary+cc-button-full%22%3E%E2%80%A6%3C%2Fbutton%3E%0A++-+++locator+resolved+to+2+elements.+Proceeding+with+the+first+one%3A+%3Cbutton+type%3D%22button%22+class%3D%22cc-button-component+cc-button-primary+cc-button-xx-large+cc-bg-primary+cc-button-full%22%3E%E2%80%A6%3C%2Fbutton%3E%0A++-+++locator+resolved+to+2+elements.+Proceeding+with+the+first+one%3A+%3Cbutton+type%3D%22button%22+class%3D%22cc-button-component+cc-button-primary+cc-button-xx-large+cc-bg-primary+cc-button-full%22%3E%E2%80%A6%3C%2Fbutton%3E%0A++-+++locator+resolved+to+2+elements.+Proceeding+with+the+first+one%3A+%3Cbutton+type%3D%22button%22+class%3D%22cc-button-component+cc-button-primary+cc-button-xx-large+cc-bg-primary+cc-button-full%22%3E%E2%80%A6%3C%2Fbutton%3E%0A++-+++locator+resolved+to+2+elements.+Proceeding+with+the+first+one%3A+%3Cbutton+type%3D%22button%22+class%3D%22cc-button-component+cc-button-primary+cc-button-xx-large+cc-bg-primary+cc-button-full%22%3E%E2%80%A6%3C%2Fbutton%3E%0A++-+++locator+resolved+to+2+elements.+Proceeding+with+the+first+one%3A+%3Cbutton+type%3D%22button%22+class%3D%22cc-button-component+cc-button-primary+cc-button-xx-large+cc-bg-primary+cc-button-full%22%3E%E2%80%A6%3C%2Fbutton%3E%0A++-+++locator+resolved+to+2+elements.+Proceeding+with+the+first+one%3A+%3Cbutton+type%3D%22button%22+class%3D%22cc-button-component+cc-button-primary+cc-button-xx-large+cc-bg-primary+cc-button-full%22%3E%E2%80%A6%3C%2Fbutton%3E%0A++-+++locator+resolved+to+2+elements.+Proceeding+with+the+first+one%3A+%3Cbutton+type%3D%22button%22+class%3D%22cc-button-component+cc-button-primary+cc-button-xx-large+cc-bg-primary+cc-button-full%22%3E%E2%80%A6%3C%2Fbutton%3E%0A++-+++locator+resolved+to+2+elements.+Proceeding+with+the+first+one%3A+%3Cbutton+type%3D%22button%22+class%3D%22cc-button-component+cc-button-primary+cc-button-xx-large+cc-bg-primary+cc-button-full%22%3E%E2%80%A6%3C%2Fbutton%3E%0A++-+++locator+resolved+to+2+elements.+Proceeding+with+the+first+one%3A+%3Cbutton+type%3D%22button%22+class%3D%22cc-button-component+cc-button-primary+cc-button-xx-large+cc-bg-primary+cc-button-full%22%3E%E2%80%A6%3C%2Fbutton%3E%0A++-+++locator+resolved+to+2+elements.+Proceeding+with+the+first+one%3A+%3Cbutton+type%3D%22button%22+class%3D%22cc-button-component+cc-button-primary+cc-button-xx-large+cc-bg-primary+cc-button-full%22%3E%E2%80%A6%3C%2Fbutton%3E%0A++-+++locator+resolved+to+2+elements.+Proceeding+with+the+first+one%3A+%3Cbutton+type%3D%22button%22+class%3D%22cc-button-component+cc-button-primary+cc-button-xx-large+cc-bg-primary+cc-button-full%22%3E%E2%80%A6%3C%2Fbutton%3E%0A++-+++locator+resolved+to+2+elements.+Proceeding+with+the+first+one%3A+%3Cbutton+type%3D%22button%22+class%3D%22cc-button-component+cc-button-primary+cc-button-xx-large+cc-bg-primary+cc-button-full%22%3E%E2%80%A6%3C%2Fbutton%3E%0A++-+++locator+resolved+to+2+elements.+Proceeding+with+the+first+one%3A+%3Cbutton+type%3D%22button%22+class%3D%22cc-button-component+cc-button-primary+cc-button-xx-large+cc-bg-primary+cc-button-full%22%3E%E2%80%A6%3C%2Fbutton%3E%0A++-+++locator+resolved+to+2+elements.+Proceeding+with+the+first+one%3A+%3Cbutton+type%3D%22button%22+class%3D%22cc-button-component+cc-button-primary+cc-button-xx-large+cc-bg-primary+cc-button-full%22%3E%E2%80%A6%3C%2Fbutton%3E%0A++-+++locator+resolved+to+2+elements.+Proceeding+with+the+first+one%3A+%3Cbutton+type%3D%22button%22+class%3D%22cc-button-component+cc-button-primary+cc-button-xx-large+cc-bg-primary+cc-button-full%22%3E%E2%80%A6%3C%2Fbutton%3E%0A++-+++locator+resolved+to+2+elements.+Proceeding+with+the+first+one%3A+%3Cbutton+type%3D%22button%22+class%3D%22cc-button-component+cc-button-primary+cc-button-xx-large+cc-bg-primary+cc-button-full%22%3E%E2%80%A6%3C%2Fbutton%3E%0A++-+++locator+resolved+to+2+elements.+Proceeding+with+the+first+one%3A+%3Cbutton+type%3D%22button%22+class%3D%22cc-button-component+cc-button-primary+cc-button-xx-large+cc-bg-primary+cc-button-full%22%3E%E2%80%A6%3C%2Fbutton%3E%0A++-+++locator+resolved+to+2+elements.+Proceeding+with+the+first+one%3A+%3Cbutton+type%3D%22button%22+class%3D%22cc-button-component+cc-button-primary+cc-button-xx-large+cc-bg-primary+cc-button-full%22%3E%E2%80%A6%3C%2Fbutton%3E%0A++-+++locator+resolved+to+2+elements.+Proceeding+with+the+first+one%3A+%3Cbutton+type%3D%22button%22+class%3D%22cc-button-component+cc-button-primary+cc-button-xx-large+cc-bg-primary+cc-button-full%22%3E%E2%80%A6%3C%2Fbutton%3E%0A++-+++locator+resolved+to+2+elements.+Proceeding+with+the+first+one%3A+%3Cbutton+type%3D%22button%22+class%3D%22cc-button-component+cc-button-primary+cc-button-xx-large+cc-bg-primary+cc-button-full%22%3E%E2%80%A6%3C%2Fbutton%3E%0A++-+++locator+resolved+to+2+elements.+Proceeding+with+the+first+one%3A+%3Cbutton+type%3D%22button%22+class%3D%22cc-button-component+cc-button-primary+cc-button-xx-large+cc-bg-primary+cc-button-full%22%3E%E2%80%A6%3C%2Fbutton%3E%0A++-+++locator+resolved+to+2+elements.+Proceeding+with+the+first+one%3A+%3Cbutton+type%3D%22button%22+class%3D%22cc-button-component+cc-button-primary+cc-button-xx-large+cc-bg-primary+cc-button-full%22%3E%E2%80%A6%3C%2Fbutton%3E%0A++-+++locator+resolved+to+2+elements.+Proceeding+with+the+first+one%3A+%3Cbutton+type%3D%22button%22+class%3D%22cc-button-component+cc-button-primary+cc-button-xx-large+cc-bg-primary+cc-button-full%22%3E%E2%80%A6%3C%2Fbutton%3E%0A++-+++locator+resolved+to+2+elements.+Proceeding+with+the+first+one%3A+%3Cbutton+type%3D%22button%22+class%3D%22cc-button-component+cc-button-primary+cc-button-xx-large+cc-bg-primary+cc-button-full%22%3E%E2%80%A6%3C%2Fbutton%3E%0A (Caused by SSLError(SSLCertVerificationError(1, '[SSL: CERTIFICATE_VERIFY_FAILED] certificate verify failed: self signed certificate (_ssl.c:1129)')))

During handling of the above exception, another exception occurred:

Traceback (most recent call last):
  File "C:\Users\robeb\AppData\Local\Packages\PythonSoftwareFoundation.Python.3.9_qbz5n2kfra8p0\LocalCache\local-packages\Python39\site-packages\urllib3\connectionpool.py", line 466, in _make_request
    self._validate_conn(conn)
  File "C:\Users\robeb\AppData\Local\Packages\PythonSoftwareFoundation.Python.3.9_qbz5n2kfra8p0\LocalCache\local-packages\Python39\site-packages\urllib3\connectionpool.py", line 1095, in _validate_conn
    conn.connect()
  File "C:\Users\robeb\AppData\Local\Packages\PythonSoftwareFoundation.Python.3.9_qbz5n2kfra8p0\LocalCache\local-packages\Python39\site-packages\urllib3\connection.py", line 730, in connect
    sock_and_verified = _ssl_wrap_socket_and_match_hostname(
  File "C:\Users\robeb\AppData\Local\Packages\PythonSoftwareFoundation.Python.3.9_qbz5n2kfra8p0\LocalCache\local-packages\Python39\site-packages\urllib3\connection.py", line 909, in _ssl_wrap_socket_and_match_hostname
    ssl_sock = ssl_wrap_socket(
  File "C:\Users\robeb\AppData\Local\Packages\PythonSoftwareFoundation.Python.3.9_qbz5n2kfra8p0\LocalCache\local-packages\Python39\site-packages\urllib3\util\ssl_.py", line 469, in ssl_wrap_socket
    ssl_sock = _ssl_wrap_socket_impl(sock, context, tls_in_tls, server_hostname)
  File "C:\Users\robeb\AppData\Local\Packages\PythonSoftwareFoundation.Python.3.9_qbz5n2kfra8p0\LocalCache\local-packages\Python39\site-packages\urllib3\util\ssl_.py", line 513, in _ssl_wrap_socket_impl
    return ssl_context.wrap_socket(sock, server_hostname=server_hostname)
  File "C:\Program Files\WindowsApps\PythonSoftwareFoundation.Python.3.9_3.9.3568.0_x64__qbz5n2kfra8p0\lib\ssl.py", line 501, in wrap_socket
    return self.sslsocket_class._create(
  File "C:\Program Files\WindowsApps\PythonSoftwareFoundation.Python.3.9_3.9.3568.0_x64__qbz5n2kfra8p0\lib\ssl.py", line 1041, in _create
    self.do_handshake()
  File "C:\Program Files\WindowsApps\PythonSoftwareFoundation.Python.3.9_3.9.3568.0_x64__qbz5n2kfra8p0\lib\ssl.py", line 1310, in do_handshake
    self._sslobj.do_handshake()
ssl.SSLCertVerificationError: [SSL: CERTIFICATE_VERIFY_FAILED] certificate verify failed: self signed certificate (_ssl.c:1129)

During handling of the above exception, another exception occurred:

Traceback (most recent call last):
  File "C:\Users\robeb\AppData\Local\Packages\PythonSoftwareFoundation.Python.3.9_qbz5n2kfra8p0\LocalCache\local-packages\Python39\site-packages\urllib3\connectionpool.py", line 789, in urlopen
    response = self._make_request(
  File "C:\Users\robeb\AppData\Local\Packages\PythonSoftwareFoundation.Python.3.9_qbz5n2kfra8p0\LocalCache\local-packages\Python39\site-packages\urllib3\connectionpool.py", line 490, in _make_request
    raise new_e
urllib3.exceptions.SSLError: [SSL: CERTIFICATE_VERIFY_FAILED] certificate verify failed: self signed certificate (_ssl.c:1129)

The above exception was the direct cause of the following exception:

Traceback (most recent call last):
  File "C:\Users\robeb\AppData\Local\Packages\PythonSoftwareFoundation.Python.3.9_qbz5n2kfra8p0\LocalCache\local-packages\Python39\site-packages\requests\adapters.py", line 667, in send
    resp = conn.urlopen(
  File "C:\Users\robeb\AppData\Local\Packages\PythonSoftwareFoundation.Python.3.9_qbz5n2kfra8p0\LocalCache\local-packages\Python39\site-packages\urllib3\connectionpool.py", line 843, in urlopen
    retries = retries.increment(
  File "C:\Users\robeb\AppData\Local\Packages\PythonSoftwareFoundation.Python.3.9_qbz5n2kfra8p0\LocalCache\local-packages\Python39\site-packages\urllib3\util\retry.py", line 519, in increment
    raise MaxRetryError(_pool, url, reason) from reason  # type: ignore[arg-type]
urllib3.exceptions.MaxRetryError: HTTPSConnectionPool(host='api.telegram.org', port=443): Max retries exceeded with url: /bot8002951108:AAEeUXPdNKVPc7_wdAiFGAgXyV0InsJMDhk/sendMessage?chat_id=7880397584&text=Error+in+run+function+for+link+%3A+HTTPSConnectionPool%28host%3D%27api.telegram.org%27%2C+port%3D443%29%3A+Max+retries+exceeded+with+url%3A+%2Fbot8002951108%3AAAEeUXPdNKVPc7_wdAiFGAgXyV0InsJMDhk%2FsendMessage%3Fchat_id%3D7880397584%26text%3DError%2Bprocessing%2Blink%253A%2BPage.wait_for_selector%253A%2BTimeout%2B30000ms%2Bexceeded.%250ACall%2Blog%253A%250Awaiting%2Bfor%2Blocator%2528%2522button.cc-button-component.cc-button-primary.cc-button-xx-large%2522%2529%2Bto%2Bbe%2Bvisible%250A%2B%2B-%2B%2B%2Blocator%2Bresolved%2Bto%2B2%2Belements.%2BProceeding%2Bwith%2Bthe%2Bfirst%2Bone%253A%2B%253Cbutton%2Btype%253D%2522button%2522%2Bclass%253D%2522cc-button-component%2Bcc-button-primary%2Bcc-button-xx-large%2Bcc-bg-primary%2Bcc-button-full%2522%253E%25E2%2580%25A6%253C%252Fbutton%253E%250A%2B%2B-%2B%2B%2Blocator%2Bresolved%2Bto%2B2%2Belements.%2BProceeding%2Bwith%2Bthe%2Bfirst%2Bone%253A%2B%253Cbutton%2Btype%253D%2522button%2522%2Bclass%253D%2522cc-button-component%2Bcc-button-primary%2Bcc-button-xx-large%2Bcc-bg-primary%2Bcc-button-full%2522%253E%25E2%2580%25A6%253C%252Fbutton%253E%250A%2B%2B-%2B%2B%2Blocator%2Bresolved%2Bto%2B2%2Belements.%2BProceeding%2Bwith%2Bthe%2Bfirst%2Bone%253A%2B%253Cbutton%2Btype%253D%2522button%2522%2Bclass%253D%2522cc-button-component%2Bcc-button-primary%2Bcc-button-xx-large%2Bcc-bg-primary%2Bcc-button-full%2522%253E%25E2%2580%25A6%253C%252Fbutton%253E%250A%2B%2B-%2B%2B%2Blocator%2Bresolved%2Bto%2B2%2Belements.%2BProceeding%2Bwith%2Bthe%2Bfirst%2Bone%253A%2B%253Cbutton%2Btype%253D%2522button%2522%2Bclass%253D%2522cc-button-component%2Bcc-button-primary%2Bcc-button-xx-large%2Bcc-bg-primary%2Bcc-button-full%2522%253E%25E2%2580%25A6%253C%252Fbutton%253E%250A%2B%2B-%2B%2B%2Blocator%2Bresolved%2Bto%2B2%2Belements.%2BProceeding%2Bwith%2Bthe%2Bfirst%2Bone%253A%2B%253Cbutton%2Btype%253D%2522button%2522%2Bclass%253D%2522cc-button-component%2Bcc-button-primary%2Bcc-button-xx-large%2Bcc-bg-primary%2Bcc-button-full%2522%253E%25E2%2580%25A6%253C%252Fbutton%253E%250A%2B%2B-%2B%2B%2Blocator%2Bresolved%2Bto%2B2%2Belements.%2BProceeding%2Bwith%2Bthe%2Bfirst%2Bone%253A%2B%253Cbutton%2Btype%253D%2522button%2522%2Bclass%253D%2522cc-button-component%2Bcc-button-primary%2Bcc-button-xx-large%2Bcc-bg-primary%2Bcc-button-full%2522%253E%25E2%2580%25A6%253C%252Fbutton%253E%250A%2B%2B-%2B%2B%2Blocator%2Bresolved%2Bto%2B2%2Belements.%2BProceeding%2Bwith%2Bthe%2Bfirst%2Bone%253A%2B%253Cbutton%2Btype%253D%2522button%2522%2Bclass%253D%2522cc-button-component%2Bcc-button-primary%2Bcc-button-xx-large%2Bcc-bg-primary%2Bcc-button-full%2522%253E%25E2%2580%25A6%253C%252Fbutton%253E%250A%2B%2B-%2B%2B%2Blocator%2Bresolved%2Bto%2B2%2Belements.%2BProceeding%2Bwith%2Bthe%2Bfirst%2Bone%253A%2B%253Cbutton%2Btype%253D%2522button%2522%2Bclass%253D%2522cc-button-component%2Bcc-button-primary%2Bcc-button-xx-large%2Bcc-bg-primary%2Bcc-button-full%2522%253E%25E2%2580%25A6%253C%252Fbutton%253E%250A%2B%2B-%2B%2B%2Blocator%2Bresolved%2Bto%2B2%2Belements.%2BProceeding%2Bwith%2Bthe%2Bfirst%2Bone%253A%2B%253Cbutton%2Btype%253D%2522button%2522%2Bclass%253D%2522cc-button-component%2Bcc-button-primary%2Bcc-button-xx-large%2Bcc-bg-primary%2Bcc-button-full%2522%253E%25E2%2580%25A6%253C%252Fbutton%253E%250A%2B%2B-%2B%2B%2Blocator%2Bresolved%2Bto%2B2%2Belements.%2BProceeding%2Bwith%2Bthe%2Bfirst%2Bone%253A%2B%253Cbutton%2Btype%253D%2522button%2522%2Bclass%253D%2522cc-button-component%2Bcc-button-primary%2Bcc-button-xx-large%2Bcc-bg-primary%2Bcc-button-full%2522%253E%25E2%2580%25A6%253C%252Fbutton%253E%250A%2B%2B-%2B%2B%2Blocator%2Bresolved%2Bto%2B2%2Belements.%2BProceeding%2Bwith%2Bthe%2Bfirst%2Bone%253A%2B%253Cbutton%2Btype%253D%2522button%2522%2Bclass%253D%2522cc-button-component%2Bcc-button-primary%2Bcc-button-xx-large%2Bcc-bg-primary%2Bcc-button-full%2522%253E%25E2%2580%25A6%253C%252Fbutton%253E%250A%2B%2B-%2B%2B%2Blocator%2Bresolved%2Bto%2B2%2Belements.%2BProceeding%2Bwith%2Bthe%2Bfirst%2Bone%253A%2B%253Cbutton%2Btype%253D%2522button%2522%2Bclass%253D%2522cc-button-component%2Bcc-button-primary%2Bcc-button-xx-large%2Bcc-bg-primary%2Bcc-button-full%2522%253E%25E2%2580%25A6%253C%252Fbutton%253E%250A%2B%2B-%2B%2B%2Blocator%2Bresolved%2Bto%2B2%2Belements.%2BProceeding%2Bwith%2Bthe%2Bfirst%2Bone%253A%2B%253Cbutton%2Btype%253D%2522button%2522%2Bclass%253D%2522cc-button-component%2Bcc-button-primary%2Bcc-button-xx-large%2Bcc-bg-primary%2Bcc-button-full%2522%253E%25E2%2580%25A6%253C%252Fbutton%253E%250A%2B%2B-%2B%2B%2Blocator%2Bresolved%2Bto%2B2%2Belements.%2BProceeding%2Bwith%2Bthe%2Bfirst%2Bone%253A%2B%253Cbutton%2Btype%253D%2522button%2522%2Bclass%253D%2522cc-button-component%2Bcc-button-primary%2Bcc-button-xx-large%2Bcc-bg-primary%2Bcc-button-full%2522%253E%25E2%2580%25A6%253C%252Fbutton%253E%250A%2B%2B-%2B%2B%2Blocator%2Bresolved%2Bto%2B2%2Belements.%2BProceeding%2Bwith%2Bthe%2Bfirst%2Bone%253A%2B%253Cbutton%2Btype%253D%2522button%2522%2Bclass%253D%2522cc-button-component%2Bcc-button-primary%2Bcc-button-xx-large%2Bcc-bg-primary%2Bcc-button-full%2522%253E%25E2%2580%25A6%253C%252Fbutton%253E%250A%2B%2B-%2B%2B%2Blocator%2Bresolved%2Bto%2B2%2Belements.%2BProceeding%2Bwith%2Bthe%2Bfirst%2Bone%253A%2B%253Cbutton%2Btype%253D%2522button%2522%2Bclass%253D%2522cc-button-component%2Bcc-button-primary%2Bcc-button-xx-large%2Bcc-bg-primary%2Bcc-button-full%2522%253E%25E2%2580%25A6%253C%252Fbutton%253E%250A%2B%2B-%2B%2B%2Blocator%2Bresolved%2Bto%2B2%2Belements.%2BProceeding%2Bwith%2Bthe%2Bfirst%2Bone%253A%2B%253Cbutton%2Btype%253D%2522button%2522%2Bclass%253D%2522cc-button-component%2Bcc-button-primary%2Bcc-button-xx-large%2Bcc-bg-primary%2Bcc-button-full%2522%253E%25E2%2580%25A6%253C%252Fbutton%253E%250A%2B%2B-%2B%2B%2Blocator%2Bresolved%2Bto%2B2%2Belements.%2BProceeding%2Bwith%2Bthe%2Bfirst%2Bone%253A%2B%253Cbutton%2Btype%253D%2522button%2522%2Bclass%253D%2522cc-button-component%2Bcc-button-primary%2Bcc-button-xx-large%2Bcc-bg-primary%2Bcc-button-full%2522%253E%25E2%2580%25A6%253C%252Fbutton%253E%250A%2B%2B-%2B%2B%2Blocator%2Bresolved%2Bto%2B2%2Belements.%2BProceeding%2Bwith%2Bthe%2Bfirst%2Bone%253A%2B%253Cbutton%2Btype%253D%2522button%2522%2Bclass%253D%2522cc-button-component%2Bcc-button-primary%2Bcc-button-xx-large%2Bcc-bg-primary%2Bcc-button-full%2522%253E%25E2%2580%25A6%253C%252Fbutton%253E%250A%2B%2B-%2B%2B%2Blocator%2Bresolved%2Bto%2B2%2Belements.%2BProceeding%2Bwith%2Bthe%2Bfirst%2Bone%253A%2B%253Cbutton%2Btype%253D%2522button%2522%2Bclass%253D%2522cc-button-component%2Bcc-button-primary%2Bcc-button-xx-large%2Bcc-bg-primary%2Bcc-button-full%2522%253E%25E2%2580%25A6%253C%252Fbutton%253E%250A%2B%2B-%2B%2B%2Blocator%2Bresolved%2Bto%2B2%2Belements.%2BProceeding%2Bwith%2Bthe%2Bfirst%2Bone%253A%2B%253Cbutton%2Btype%253D%2522button%2522%2Bclass%253D%2522cc-button-component%2Bcc-button-primary%2Bcc-button-xx-large%2Bcc-bg-primary%2Bcc-button-full%2522%253E%25E2%2580%25A6%253C%252Fbutton%253E%250A%2B%2B-%2B%2B%2Blocator%2Bresolved%2Bto%2B2%2Belements.%2BProceeding%2Bwith%2Bthe%2Bfirst%2Bone%253A%2B%253Cbutton%2Btype%253D%2522button%2522%2Bclass%253D%2522cc-button-component%2Bcc-button-primary%2Bcc-button-xx-large%2Bcc-bg-primary%2Bcc-button-full%2522%253E%25E2%2580%25A6%253C%252Fbutton%253E%250A%2B%2B-%2B%2B%2Blocator%2Bresolved%2Bto%2B2%2Belements.%2BProceeding%2Bwith%2Bthe%2Bfirst%2Bone%253A%2B%253Cbutton%2Btype%253D%2522button%2522%2Bclass%253D%2522cc-button-component%2Bcc-button-primary%2Bcc-button-xx-large%2Bcc-bg-primary%2Bcc-button-full%2522%253E%25E2%2580%25A6%253C%252Fbutton%253E%250A%2B%2B-%2B%2B%2Blocator%2Bresolved%2Bto%2B2%2Belements.%2BProceeding%2Bwith%2Bthe%2Bfirst%2Bone%253A%2B%253Cbutton%2Btype%253D%2522button%2522%2Bclass%253D%2522cc-button-component%2Bcc-button-primary%2Bcc-button-xx-large%2Bcc-bg-primary%2Bcc-button-full%2522%253E%25E2%2580%25A6%253C%252Fbutton%253E%250A%2B%2B-%2B%2B%2Blocator%2Bresolved%2Bto%2B2%2Belements.%2BProceeding%2Bwith%2Bthe%2Bfirst%2Bone%253A%2B%253Cbutton%2Btype%253D%2522button%2522%2Bclass%253D%2522cc-button-component%2Bcc-button-primary%2Bcc-button-xx-large%2Bcc-bg-primary%2Bcc-button-full%2522%253E%25E2%2580%25A6%253C%252Fbutton%253E%250A%2B%2B-%2B%2B%2Blocator%2Bresolved%2Bto%2B2%2Belements.%2BProceeding%2Bwith%2Bthe%2Bfirst%2Bone%253A%2B%253Cbutton%2Btype%253D%2522button%2522%2Bclass%253D%2522cc-button-component%2Bcc-button-primary%2Bcc-button-xx-large%2Bcc-bg-primary%2Bcc-button-full%2522%253E%25E2%2580%25A6%253C%252Fbutton%253E%250A%2B%2B-%2B%2B%2Blocator%2Bresolved%2Bto%2B2%2Belements.%2BProceeding%2Bwith%2Bthe%2Bfirst%2Bone%253A%2B%253Cbutton%2Btype%253D%2522button%2522%2Bclass%253D%2522cc-button-component%2Bcc-button-primary%2Bcc-button-xx-large%2Bcc-bg-primary%2Bcc-button-full%2522%253E%25E2%2580%25A6%253C%252Fbutton%253E%250A%2B%2B-%2B%2B%2Blocator%2Bresolved%2Bto%2B2%2Belements.%2BProceeding%2Bwith%2Bthe%2Bfirst%2Bone%253A%2B%253Cbutton%2Btype%253D%2522button%2522%2Bclass%253D%2522cc-button-component%2Bcc-button-primary%2Bcc-button-xx-large%2Bcc-bg-primary%2Bcc-button-full%2522%253E%25E2%2580%25A6%253C%252Fbutton%253E%250A%2B%2B-%2B%2B%2Blocator%2Bresolved%2Bto%2B2%2Belements.%2BProceeding%2Bwith%2Bthe%2Bfirst%2Bone%253A%2B%253Cbutton%2Btype%253D%2522button%2522%2Bclass%253D%2522cc-button-component%2Bcc-button-primary%2Bcc-button-xx-large%2Bcc-bg-primary%2Bcc-button-full%2522%253E%25E2%2580%25A6%253C%252Fbutton%253E%250A%2B%2B-%2B%2B%2Blocator%2Bresolved%2Bto%2B2%2Belements.%2BProceeding%2Bwith%2Bthe%2Bfirst%2Bone%253A%2B%253Cbutton%2Btype%253D%2522button%2522%2Bclass%253D%2522cc-button-component%2Bcc-button-primary%2Bcc-button-xx-large%2Bcc-bg-primary%2Bcc-button-full%2522%253E%25E2%2580%25A6%253C%252Fbutton%253E%250A%2B%2B-%2B%2B%2Blocator%2Bresolved%2Bto%2B2%2Belements.%2BProceeding%2Bwith%2Bthe%2Bfirst%2Bone%253A%2B%253Cbutton%2Btype%253D%2522button%2522%2Bclass%253D%2522cc-button-component%2Bcc-button-primary%2Bcc-button-xx-large%2Bcc-bg-primary%2Bcc-button-full%2522%253E%25E2%2580%25A6%253C%252Fbutton%253E%250A%2B%2B-%2B%2B%2Blocator%2Bresolved%2Bto%2B2%2Belements.%2BProceeding%2Bwith%2Bthe%2Bfirst%2Bone%253A%2B%253Cbutton%2Btype%253D%2522button%2522%2Bclass%253D%2522cc-button-component%2Bcc-button-primary%2Bcc-button-xx-large%2Bcc-bg-primary%2Bcc-button-full%2522%253E%25E2%2580%25A6%253C%252Fbutton%253E%250A%2B%2B-%2B%2B%2Blocator%2Bresolved%2Bto%2B2%2Belements.%2BProceeding%2Bwith%2Bthe%2Bfirst%2Bone%253A%2B%253Cbutton%2Btype%253D%2522button%2522%2Bclass%253D%2522cc-button-component%2Bcc-button-primary%2Bcc-button-xx-large%2Bcc-bg-primary%2Bcc-button-full%2522%253E%25E2%2580%25A6%253C%252Fbutton%253E%250A%2B%2B-%2B%2B%2Blocator%2Bresolved%2Bto%2B2%2Belements.%2BProceeding%2Bwith%2Bthe%2Bfirst%2Bone%253A%2B%253Cbutton%2Btype%253D%2522button%2522%2Bclass%253D%2522cc-button-component%2Bcc-button-primary%2Bcc-button-xx-large%2Bcc-bg-primary%2Bcc-button-full%2522%253E%25E2%2580%25A6%253C%252Fbutton%253E%250A%2B%2B-%2B%2B%2Blocator%2Bresolved%2Bto%2B2%2Belements.%2BProceeding%2Bwith%2Bthe%2Bfirst%2Bone%253A%2B%253Cbutton%2Btype%253D%2522button%2522%2Bclass%253D%2522cc-button-component%2Bcc-button-primary%2Bcc-button-xx-large%2Bcc-bg-primary%2Bcc-button-full%2522%253E%25E2%2580%25A6%253C%252Fbutton%253E%250A%2B%2B-%2B%2B%2Blocator%2Bresolved%2Bto%2B2%2Belements.%2BProceeding%2Bwith%2Bthe%2Bfirst%2Bone%253A%2B%253Cbutton%2Btype%253D%2522button%2522%2Bclass%253D%2522cc-button-component%2Bcc-button-primary%2Bcc-button-xx-large%2Bcc-bg-primary%2Bcc-button-full%2522%253E%25E2%2580%25A6%253C%252Fbutton%253E%250A%2B%2B-%2B%2B%2Blocator%2Bresolved%2Bto%2B2%2Belements.%2BProceeding%2Bwith%2Bthe%2Bfirst%2Bone%253A%2B%253Cbutton%2Btype%253D%2522button%2522%2Bclass%253D%2522cc-button-component%2Bcc-button-primary%2Bcc-button-xx-large%2Bcc-bg-primary%2Bcc-button-full%2522%253E%25E2%2580%25A6%253C%252Fbutton%253E%250A%2B%2B-%2B%2B%2Blocator%2Bresolved%2Bto%2B2%2Belements.%2BProceeding%2Bwith%2Bthe%2Bfirst%2Bone%253A%2B%253Cbutton%2Btype%253D%2522button%2522%2Bclass%253D%2522cc-button-component%2Bcc-button-primary%2Bcc-button-xx-large%2Bcc-bg-primary%2Bcc-button-full%2522%253E%25E2%2580%25A6%253C%252Fbutton%253E%250A%2B%2B-%2B%2B%2Blocator%2Bresolved%2Bto%2B2%2Belements.%2BProceeding%2Bwith%2Bthe%2Bfirst%2Bone%253A%2B%253Cbutton%2Btype%253D%2522button%2522%2Bclass%253D%2522cc-button-component%2Bcc-button-primary%2Bcc-button-xx-large%2Bcc-bg-primary%2Bcc-button-full%2522%253E%25E2%2580%25A6%253C%252Fbutton%253E%250A%2B%2B-%2B%2B%2Blocator%2Bresolved%2Bto%2B2%2Belements.%2BProceeding%2Bwith%2Bthe%2Bfirst%2Bone%253A%2B%253Cbutton%2Btype%253D%2522button%2522%2Bclass%253D%2522cc-button-component%2Bcc-button-primary%2Bcc-button-xx-large%2Bcc-bg-primary%2Bcc-button-full%2522%253E%25E2%2580%25A6%253C%252Fbutton%253E%250A%2B%2B-%2B%2B%2Blocator%2Bresolved%2Bto%2B2%2Belements.%2BProceeding%2Bwith%2Bthe%2Bfirst%2Bone%253A%2B%253Cbutton%2Btype%253D%2522button%2522%2Bclass%253D%2522cc-button-component%2Bcc-button-primary%2Bcc-button-xx-large%2Bcc-bg-primary%2Bcc-button-full%2522%253E%25E2%2580%25A6%253C%252Fbutton%253E%250A%2B%2B-%2B%2B%2Blocator%2Bresolved%2Bto%2B2%2Belements.%2BProceeding%2Bwith%2Bthe%2Bfirst%2Bone%253A%2B%253Cbutton%2Btype%253D%2522button%2522%2Bclass%253D%2522cc-button-component%2Bcc-button-primary%2Bcc-button-xx-large%2Bcc-bg-primary%2Bcc-button-full%2522%253E%25E2%2580%25A6%253C%252Fbutton%253E%250A%2B%2B-%2B%2B%2Blocator%2Bresolved%2Bto%2B2%2Belements.%2BProceeding%2Bwith%2Bthe%2Bfirst%2Bone%253A%2B%253Cbutton%2Btype%253D%2522button%2522%2Bclass%253D%2522cc-button-component%2Bcc-button-primary%2Bcc-button-xx-large%2Bcc-bg-primary%2Bcc-button-full%2522%253E%25E2%2580%25A6%253C%252Fbutton%253E%250A%2B%2B-%2B%2B%2Blocator%2Bresolved%2Bto%2B2%2Belements.%2BProceeding%2Bwith%2Bthe%2Bfirst%2Bone%253A%2B%253Cbutton%2Btype%253D%2522button%2522%2Bclass%253D%2522cc-button-component%2Bcc-button-primary%2Bcc-button-xx-large%2Bcc-bg-primary%2Bcc-button-full%2522%253E%25E2%2580%25A6%253C%252Fbutton%253E%250A%2B%2B-%2B%2B%2Blocator%2Bresolved%2Bto%2B2%2Belements.%2BProceeding%2Bwith%2Bthe%2Bfirst%2Bone%253A%2B%253Cbutton%2Btype%253D%2522button%2522%2Bclass%253D%2522cc-button-component%2Bcc-button-primary%2Bcc-button-xx-large%2Bcc-bg-primary%2Bcc-button-full%2522%253E%25E2%2580%25A6%253C%252Fbutton%253E%250A%2B%2B-%2B%2B%2Blocator%2Bresolved%2Bto%2B2%2Belements.%2BProceeding%2Bwith%2Bthe%2Bfirst%2Bone%253A%2B%253Cbutton%2Btype%253D%2522button%2522%2Bclass%253D%2522cc-button-component%2Bcc-button-primary%2Bcc-button-xx-large%2Bcc-bg-primary%2Bcc-button-full%2522%253E%25E2%2580%25A6%253C%252Fbutton%253E%250A%2B%2B-%2B%2B%2Blocator%2Bresolved%2Bto%2B2%2Belements.%2BProceeding%2Bwith%2Bthe%2Bfirst%2Bone%253A%2B%253Cbutton%2Btype%253D%2522button%2522%2Bclass%253D%2522cc-button-component%2Bcc-button-primary%2Bcc-button-xx-large%2Bcc-bg-primary%2Bcc-button-full%2522%253E%25E2%2580%25A6%253C%252Fbutton%253E%250A%2B%2B-%2B%2B%2Blocator%2Bresolved%2Bto%2B2%2Belements.%2BProceeding%2Bwith%2Bthe%2Bfirst%2Bone%253A%2B%253Cbutton%2Btype%253D%2522button%2522%2Bclass%253D%2522cc-button-component%2Bcc-button-primary%2Bcc-button-xx-large%2Bcc-bg-primary%2Bcc-button-full%2522%253E%25E2%2580%25A6%253C%252Fbutton%253E%250A%2B%2B-%2B%2B%2Blocator%2Bresolved%2Bto%2B2%2Belements.%2BProceeding%2Bwith%2Bthe%2Bfirst%2Bone%253A%2B%253Cbutton%2Btype%253D%2522button%2522%2Bclass%253D%2522cc-button-component%2Bcc-button-primary%2Bcc-button-xx-large%2Bcc-bg-primary%2Bcc-button-full%2522%253E%25E2%2580%25A6%253C%252Fbutton%253E%250A%2B%2B-%2B%2B%2Blocator%2Bresolved%2Bto%2B2%2Belements.%2BProceeding%2Bwith%2Bthe%2Bfirst%2Bone%253A%2B%253Cbutton%2Btype%253D%2522button%2522%2Bclass%253D%2522cc-button-component%2Bcc-button-primary%2Bcc-button-xx-large%2Bcc-bg-primary%2Bcc-button-full%2522%253E%25E2%2580%25A6%253C%252Fbutton%253E%250A%2B%2B-%2B%2B%2Blocator%2Bresolved%2Bto%2B2%2Belements.%2BProceeding%2Bwith%2Bthe%2Bfirst%2Bone%253A%2B%253Cbutton%2Btype%253D%2522button%2522%2Bclass%253D%2522cc-button-component%2Bcc-button-primary%2Bcc-button-xx-large%2Bcc-bg-primary%2Bcc-button-full%2522%253E%25E2%2580%25A6%253C%252Fbutton%253E%250A%2B%2B-%2B%2B%2Blocator%2Bresolved%2Bto%2B2%2Belements.%2BProceeding%2Bwith%2Bthe%2Bfirst%2Bone%253A%2B%253Cbutton%2Btype%253D%2522button%2522%2Bclass%253D%2522cc-button-component%2Bcc-button-primary%2Bcc-button-xx-large%2Bcc-bg-primary%2Bcc-button-full%2522%253E%25E2%2580%25A6%253C%252Fbutton%253E%250A%2B%2B-%2B%2B%2Blocator%2Bresolved%2Bto%2B2%2Belements.%2BProceeding%2Bwith%2Bthe%2Bfirst%2Bone%253A%2B%253Cbutton%2Btype%253D%2522button%2522%2Bclass%253D%2522cc-button-component%2Bcc-button-primary%2Bcc-button-xx-large%2Bcc-bg-primary%2Bcc-button-full%2522%253E%25E2%2580%25A6%253C%252Fbutton%253E%250A%2B%2B-%2B%2B%2Blocator%2Bresolved%2Bto%2B2%2Belements.%2BProceeding%2Bwith%2Bthe%2Bfirst%2Bone%253A%2B%253Cbutton%2Btype%253D%2522button%2522%2Bclass%253D%2522cc-button-component%2Bcc-button-primary%2Bcc-button-xx-large%2Bcc-bg-primary%2Bcc-button-full%2522%253E%25E2%2580%25A6%253C%252Fbutton%253E%250A+%28Caused+by+SSLError%28SSLCertVerificationError%281%2C+%27%5BSSL%3A+CERTIFICATE_VERIFY_FAILED%5D+certificate+verify+failed%3A+self+signed+certificate+%28_ssl.c%3A1129%29%27%29%29%29 (Caused by SSLError(SSLCertVerificationError(1, '[SSL: CERTIFICATE_VERIFY_FAILED] certificate verify failed: self signed certificate (_ssl.c:1129)')))

During handling of the above exception, another exception occurred:

Traceback (most recent call last):
  File "D:\Python\BsVinh\Chess\Chess Analysis Sever\Chrome Server Deep PGN\.\main.py", line 1024, in process_link
    value = asyncio.run(run(link))
  File "C:\Program Files\WindowsApps\PythonSoftwareFoundation.Python.3.9_3.9.3568.0_x64__qbz5n2kfra8p0\lib\asyncio\runners.py", line 44, in run
    return loop.run_until_complete(main)
  File "C:\Program Files\WindowsApps\PythonSoftwareFoundation.Python.3.9_3.9.3568.0_x64__qbz5n2kfra8p0\lib\asyncio\base_events.py", line 647, in run_until_complete
    return future.result()
  File "D:\Python\BsVinh\Chess\Chess Analysis Sever\Chrome Server Deep PGN\.\main.py", line 1011, in run
    send_telegram_bot(f"Error in run function for link : {e}")
  File "D:\Python\BsVinh\Chess\Chess Analysis Sever\Chrome Server Deep PGN\.\main.py", line 1058, in send_telegram_bot
    response = requests.get(url, params=params)
  File "C:\Users\robeb\AppData\Local\Packages\PythonSoftwareFoundation.Python.3.9_qbz5n2kfra8p0\LocalCache\local-packages\Python39\site-packages\requests\api.py", line 73, in get
    return request("get", url, params=params, **kwargs)
  File "C:\Users\robeb\AppData\Local\Packages\PythonSoftwareFoundation.Python.3.9_qbz5n2kfra8p0\LocalCache\local-packages\Python39\site-packages\requests\api.py", line 59, in request
    return session.request(method=method, url=url, **kwargs)
  File "C:\Users\robeb\AppData\Local\Packages\PythonSoftwareFoundation.Python.3.9_qbz5n2kfra8p0\LocalCache\local-packages\Python39\site-packages\requests\sessions.py", line 589, in request
    resp = self.send(prep, **send_kwargs)
  File "C:\Users\robeb\AppData\Local\Packages\PythonSoftwareFoundation.Python.3.9_qbz5n2kfra8p0\LocalCache\local-packages\Python39\site-packages\requests\sessions.py", line 703, in send
    r = adapter.send(request, **kwargs)
  File "C:\Users\robeb\AppData\Local\Packages\PythonSoftwareFoundation.Python.3.9_qbz5n2kfra8p0\LocalCache\local-packages\Python39\site-packages\requests\adapters.py", line 698, in send
    raise SSLError(e, request=request)
requests.exceptions.SSLError: HTTPSConnectionPool(host='api.telegram.org', port=443): Max retries exceeded with url: /bot8002951108:AAEeUXPdNKVPc7_wdAiFGAgXyV0InsJMDhk/sendMessage?chat_id=7880397584&text=Error+in+run+function+for+link+%3A+HTTPSConnectionPool%28host%3D%27api.telegram.org%27%2C+port%3D443%29%3A+Max+retries+exceeded+with+url%3A+%2Fbot8002951108%3AAAEeUXPdNKVPc7_wdAiFGAgXyV0InsJMDhk%2FsendMessage%3Fchat_id%3D7880397584%26text%3DError%2Bprocessing%2Blink%253A%2BPage.wait_for_selector%253A%2BTimeout%2B30000ms%2Bexceeded.%250ACall%2Blog%253A%250Awaiting%2Bfor%2Blocator%2528%2522button.cc-button-component.cc-button-primary.cc-button-xx-large%2522%2529%2Bto%2Bbe%2Bvisible%250A%2B%2B-%2B%2B%2Blocator%2Bresolved%2Bto%2B2%2Belements.%2BProceeding%2Bwith%2Bthe%2Bfirst%2Bone%253A%2B%253Cbutton%2Btype%253D%2522button%2522%2Bclass%253D%2522cc-button-component%2Bcc-button-primary%2Bcc-button-xx-large%2Bcc-bg-primary%2Bcc-button-full%2522%253E%25E2%2580%25A6%253C%252Fbutton%253E%250A%2B%2B-%2B%2B%2Blocator%2Bresolved%2Bto%2B2%2Belements.%2BProceeding%2Bwith%2Bthe%2Bfirst%2Bone%253A%2B%253Cbutton%2Btype%253D%2522button%2522%2Bclass%253D%2522cc-button-component%2Bcc-button-primary%2Bcc-button-xx-large%2Bcc-bg-primary%2Bcc-button-full%2522%253E%25E2%2580%25A6%253C%252Fbutton%253E%250A%2B%2B-%2B%2B%2Blocator%2Bresolved%2Bto%2B2%2Belements.%2BProceeding%2Bwith%2Bthe%2Bfirst%2Bone%253A%2B%253Cbutton%2Btype%253D%2522button%2522%2Bclass%253D%2522cc-button-component%2Bcc-button-primary%2Bcc-button-xx-large%2Bcc-bg-primary%2Bcc-button-full%2522%253E%25E2%2580%25A6%253C%252Fbutton%253E%250A%2B%2B-%2B%2B%2Blocator%2Bresolved%2Bto%2B2%2Belements.%2BProceeding%2Bwith%2Bthe%2Bfirst%2Bone%253A%2B%253Cbutton%2Btype%253D%2522button%2522%2Bclass%253D%2522cc-button-component%2Bcc-button-primary%2Bcc-button-xx-large%2Bcc-bg-primary%2Bcc-button-full%2522%253E%25E2%2580%25A6%253C%252Fbutton%253E%250A%2B%2B-%2B%2B%2Blocator%2Bresolved%2Bto%2B2%2Belements.%2BProceeding%2Bwith%2Bthe%2Bfirst%2Bone%253A%2B%253Cbutton%2Btype%253D%2522button%2522%2Bclass%253D%2522cc-button-component%2Bcc-button-primary%2Bcc-button-xx-large%2Bcc-bg-primary%2Bcc-button-full%2522%253E%25E2%2580%25A6%253C%252Fbutton%253E%250A%2B%2B-%2B%2B%2Blocator%2Bresolved%2Bto%2B2%2Belements.%2BProceeding%2Bwith%2Bthe%2Bfirst%2Bone%253A%2B%253Cbutton%2Btype%253D%2522button%2522%2Bclass%253D%2522cc-button-component%2Bcc-button-primary%2Bcc-button-xx-large%2Bcc-bg-primary%2Bcc-button-full%2522%253E%25E2%2580%25A6%253C%252Fbutton%253E%250A%2B%2B-%2B%2B%2Blocator%2Bresolved%2Bto%2B2%2Belements.%2BProceeding%2Bwith%2Bthe%2Bfirst%2Bone%253A%2B%253Cbutton%2Btype%253D%2522button%2522%2Bclass%253D%2522cc-button-component%2Bcc-button-primary%2Bcc-button-xx-large%2Bcc-bg-primary%2Bcc-button-full%2522%253E%25E2%2580%25A6%253C%252Fbutton%253E%250A%2B%2B-%2B%2B%2Blocator%2Bresolved%2Bto%2B2%2Belements.%2BProceeding%2Bwith%2Bthe%2Bfirst%2Bone%253A%2B%253Cbutton%2Btype%253D%2522button%2522%2Bclass%253D%2522cc-button-component%2Bcc-button-primary%2Bcc-button-xx-large%2Bcc-bg-primary%2Bcc-button-full%2522%253E%25E2%2580%25A6%253C%252Fbutton%253E%250A%2B%2B-%2B%2B%2Blocator%2Bresolved%2Bto%2B2%2Belements.%2BProceeding%2Bwith%2Bthe%2Bfirst%2Bone%253A%2B%253Cbutton%2Btype%253D%2522button%2522%2Bclass%253D%2522cc-button-component%2Bcc-button-primary%2Bcc-button-xx-large%2Bcc-bg-primary%2Bcc-button-full%2522%253E%25E2%2580%25A6%253C%252Fbutton%253E%250A%2B%2B-%2B%2B%2Blocator%2Bresolved%2Bto%2B2%2Belements.%2BProceeding%2Bwith%2Bthe%2Bfirst%2Bone%253A%2B%253Cbutton%2Btype%253D%2522button%2522%2Bclass%253D%2522cc-button-component%2Bcc-button-primary%2Bcc-button-xx-large%2Bcc-bg-primary%2Bcc-button-full%2522%253E%25E2%2580%25A6%253C%252Fbutton%253E%250A%2B%2B-%2B%2B%2Blocator%2Bresolved%2Bto%2B2%2Belements.%2BProceeding%2Bwith%2Bthe%2Bfirst%2Bone%253A%2B%253Cbutton%2Btype%253D%2522button%2522%2Bclass%253D%2522cc-button-component%2Bcc-button-primary%2Bcc-button-xx-large%2Bcc-bg-primary%2Bcc-button-full%2522%253E%25E2%2580%25A6%253C%252Fbutton%253E%250A%2B%2B-%2B%2B%2Blocator%2Bresolved%2Bto%2B2%2Belements.%2BProceeding%2Bwith%2Bthe%2Bfirst%2Bone%253A%2B%253Cbutton%2Btype%253D%2522button%2522%2Bclass%253D%2522cc-button-component%2Bcc-button-primary%2Bcc-button-xx-large%2Bcc-bg-primary%2Bcc-button-full%2522%253E%25E2%2580%25A6%253C%252Fbutton%253E%250A%2B%2B-%2B%2B%2Blocator%2Bresolved%2Bto%2B2%2Belements.%2BProceeding%2Bwith%2Bthe%2Bfirst%2Bone%253A%2B%253Cbutton%2Btype%253D%2522button%2522%2Bclass%253D%2522cc-button-component%2Bcc-button-primary%2Bcc-button-xx-large%2Bcc-bg-primary%2Bcc-button-full%2522%253E%25E2%2580%25A6%253C%252Fbutton%253E%250A%2B%2B-%2B%2B%2Blocator%2Bresolved%2Bto%2B2%2Belements.%2BProceeding%2Bwith%2Bthe%2Bfirst%2Bone%253A%2B%253Cbutton%2Btype%253D%2522button%2522%2Bclass%253D%2522cc-button-component%2Bcc-button-primary%2Bcc-button-xx-large%2Bcc-bg-primary%2Bcc-button-full%2522%253E%25E2%2580%25A6%253C%252Fbutton%253E%250A%2B%2B-%2B%2B%2Blocator%2Bresolved%2Bto%2B2%2Belements.%2BProceeding%2Bwith%2Bthe%2Bfirst%2Bone%253A%2B%253Cbutton%2Btype%253D%2522button%2522%2Bclass%253D%2522cc-button-component%2Bcc-button-primary%2Bcc-button-xx-large%2Bcc-bg-primary%2Bcc-button-full%2522%253E%25E2%2580%25A6%253C%252Fbutton%253E%250A%2B%2B-%2B%2B%2Blocator%2Bresolved%2Bto%2B2%2Belements.%2BProceeding%2Bwith%2Bthe%2Bfirst%2Bone%253A%2B%253Cbutton%2Btype%253D%2522button%2522%2Bclass%253D%2522cc-button-component%2Bcc-button-primary%2Bcc-button-xx-large%2Bcc-bg-primary%2Bcc-button-full%2522%253E%25E2%2580%25A6%253C%252Fbutton%253E%250A%2B%2B-%2B%2B%2Blocator%2Bresolved%2Bto%2B2%2Belements.%2BProceeding%2Bwith%2Bthe%2Bfirst%2Bone%253A%2B%253Cbutton%2Btype%253D%2522button%2522%2Bclass%253D%2522cc-button-component%2Bcc-button-primary%2Bcc-button-xx-large%2Bcc-bg-primary%2Bcc-button-full%2522%253E%25E2%2580%25A6%253C%252Fbutton%253E%250A%2B%2B-%2B%2B%2Blocator%2Bresolved%2Bto%2B2%2Belements.%2BProceeding%2Bwith%2Bthe%2Bfirst%2Bone%253A%2B%253Cbutton%2Btype%253D%2522button%2522%2Bclass%253D%2522cc-button-component%2Bcc-button-primary%2Bcc-button-xx-large%2Bcc-bg-primary%2Bcc-button-full%2522%253E%25E2%2580%25A6%253C%252Fbutton%253E%250A%2B%2B-%2B%2B%2Blocator%2Bresolved%2Bto%2B2%2Belements.%2BProceeding%2Bwith%2Bthe%2Bfirst%2Bone%253A%2B%253Cbutton%2Btype%253D%2522button%2522%2Bclass%253D%2522cc-button-component%2Bcc-button-primary%2Bcc-button-xx-large%2Bcc-bg-primary%2Bcc-button-full%2522%253E%25E2%2580%25A6%253C%252Fbutton%253E%250A%2B%2B-%2B%2B%2Blocator%2Bresolved%2Bto%2B2%2Belements.%2BProceeding%2Bwith%2Bthe%2Bfirst%2Bone%253A%2B%253Cbutton%2Btype%253D%2522button%2522%2Bclass%253D%2522cc-button-component%2Bcc-button-primary%2Bcc-button-xx-large%2Bcc-bg-primary%2Bcc-button-full%2522%253E%25E2%2580%25A6%253C%252Fbutton%253E%250A%2B%2B-%2B%2B%2Blocator%2Bresolved%2Bto%2B2%2Belements.%2BProceeding%2Bwith%2Bthe%2Bfirst%2Bone%253A%2B%253Cbutton%2Btype%253D%2522button%2522%2Bclass%253D%2522cc-button-component%2Bcc-button-primary%2Bcc-button-xx-large%2Bcc-bg-primary%2Bcc-button-full%2522%253E%25E2%2580%25A6%253C%252Fbutton%253E%250A%2B%2B-%2B%2B%2Blocator%2Bresolved%2Bto%2B2%2Belements.%2BProceeding%2Bwith%2Bthe%2Bfirst%2Bone%253A%2B%253Cbutton%2Btype%253D%2522button%2522%2Bclass%253D%2522cc-button-component%2Bcc-button-primary%2Bcc-button-xx-large%2Bcc-bg-primary%2Bcc-button-full%2522%253E%25E2%2580%25A6%253C%252Fbutton%253E%250A%2B%2B-%2B%2B%2Blocator%2Bresolved%2Bto%2B2%2Belements.%2BProceeding%2Bwith%2Bthe%2Bfirst%2Bone%253A%2B%253Cbutton%2Btype%253D%2522button%2522%2Bclass%253D%2522cc-button-component%2Bcc-button-primary%2Bcc-button-xx-large%2Bcc-bg-primary%2Bcc-button-full%2522%253E%25E2%2580%25A6%253C%252Fbutton%253E%250A%2B%2B-%2B%2B%2Blocator%2Bresolved%2Bto%2B2%2Belements.%2BProceeding%2Bwith%2Bthe%2Bfirst%2Bone%253A%2B%253Cbutton%2Btype%253D%2522button%2522%2Bclass%253D%2522cc-button-component%2Bcc-button-primary%2Bcc-button-xx-large%2Bcc-bg-primary%2Bcc-button-full%2522%253E%25E2%2580%25A6%253C%252Fbutton%253E%250A%2B%2B-%2B%2B%2Blocator%2Bresolved%2Bto%2B2%2Belements.%2BProceeding%2Bwith%2Bthe%2Bfirst%2Bone%253A%2B%253Cbutton%2Btype%253D%2522button%2522%2Bclass%253D%2522cc-button-component%2Bcc-button-primary%2Bcc-button-xx-large%2Bcc-bg-primary%2Bcc-button-full%2522%253E%25E2%2580%25A6%253C%252Fbutton%253E%250A%2B%2B-%2B%2B%2Blocator%2Bresolved%2Bto%2B2%2Belements.%2BProceeding%2Bwith%2Bthe%2Bfirst%2Bone%253A%2B%253Cbutton%2Btype%253D%2522button%2522%2Bclass%253D%2522cc-button-component%2Bcc-button-primary%2Bcc-button-xx-large%2Bcc-bg-primary%2Bcc-button-full%2522%253E%25E2%2580%25A6%253C%252Fbutton%253E%250A%2B%2B-%2B%2B%2Blocator%2Bresolved%2Bto%2B2%2Belements.%2BProceeding%2Bwith%2Bthe%2Bfirst%2Bone%253A%2B%253Cbutton%2Btype%253D%2522button%2522%2Bclass%253D%2522cc-button-component%2Bcc-button-primary%2Bcc-button-xx-large%2Bcc-bg-primary%2Bcc-button-full%2522%253E%25E2%2580%25A6%253C%252Fbutton%253E%250A%2B%2B-%2B%2B%2Blocator%2Bresolved%2Bto%2B2%2Belements.%2BProceeding%2Bwith%2Bthe%2Bfirst%2Bone%253A%2B%253Cbutton%2Btype%253D%2522button%2522%2Bclass%253D%2522cc-button-component%2Bcc-button-primary%2Bcc-button-xx-large%2Bcc-bg-primary%2Bcc-button-full%2522%253E%25E2%2580%25A6%253C%252Fbutton%253E%250A%2B%2B-%2B%2B%2Blocator%2Bresolved%2Bto%2B2%2Belements.%2BProceeding%2Bwith%2Bthe%2Bfirst%2Bone%253A%2B%253Cbutton%2Btype%253D%2522button%2522%2Bclass%253D%2522cc-button-component%2Bcc-button-primary%2Bcc-button-xx-large%2Bcc-bg-primary%2Bcc-button-full%2522%253E%25E2%2580%25A6%253C%252Fbutton%253E%250A%2B%2B-%2B%2B%2Blocator%2Bresolved%2Bto%2B2%2Belements.%2BProceeding%2Bwith%2Bthe%2Bfirst%2Bone%253A%2B%253Cbutton%2Btype%253D%2522button%2522%2Bclass%253D%2522cc-button-component%2Bcc-button-primary%2Bcc-button-xx-large%2Bcc-bg-primary%2Bcc-button-full%2522%253E%25E2%2580%25A6%253C%252Fbutton%253E%250A%2B%2B-%2B%2B%2Blocator%2Bresolved%2Bto%2B2%2Belements.%2BProceeding%2Bwith%2Bthe%2Bfirst%2Bone%253A%2B%253Cbutton%2Btype%253D%2522button%2522%2Bclass%253D%2522cc-button-component%2Bcc-button-primary%2Bcc-button-xx-large%2Bcc-bg-primary%2Bcc-button-full%2522%253E%25E2%2580%25A6%253C%252Fbutton%253E%250A%2B%2B-%2B%2B%2Blocator%2Bresolved%2Bto%2B2%2Belements.%2BProceeding%2Bwith%2Bthe%2Bfirst%2Bone%253A%2B%253Cbutton%2Btype%253D%2522button%2522%2Bclass%253D%2522cc-button-component%2Bcc-button-primary%2Bcc-button-xx-large%2Bcc-bg-primary%2Bcc-button-full%2522%253E%25E2%2580%25A6%253C%252Fbutton%253E%250A%2B%2B-%2B%2B%2Blocator%2Bresolved%2Bto%2B2%2Belements.%2BProceeding%2Bwith%2Bthe%2Bfirst%2Bone%253A%2B%253Cbutton%2Btype%253D%2522button%2522%2Bclass%253D%2522cc-button-component%2Bcc-button-primary%2Bcc-button-xx-large%2Bcc-bg-primary%2Bcc-button-full%2522%253E%25E2%2580%25A6%253C%252Fbutton%253E%250A%2B%2B-%2B%2B%2Blocator%2Bresolved%2Bto%2B2%2Belements.%2BProceeding%2Bwith%2Bthe%2Bfirst%2Bone%253A%2B%253Cbutton%2Btype%253D%2522button%2522%2Bclass%253D%2522cc-button-component%2Bcc-button-primary%2Bcc-button-xx-large%2Bcc-bg-primary%2Bcc-button-full%2522%253E%25E2%2580%25A6%253C%252Fbutton%253E%250A%2B%2B-%2B%2B%2Blocator%2Bresolved%2Bto%2B2%2Belements.%2BProceeding%2Bwith%2Bthe%2Bfirst%2Bone%253A%2B%253Cbutton%2Btype%253D%2522button%2522%2Bclass%253D%2522cc-button-component%2Bcc-button-primary%2Bcc-button-xx-large%2Bcc-bg-primary%2Bcc-button-full%2522%253E%25E2%2580%25A6%253C%252Fbutton%253E%250A%2B%2B-%2B%2B%2Blocator%2Bresolved%2Bto%2B2%2Belements.%2BProceeding%2Bwith%2Bthe%2Bfirst%2Bone%253A%2B%253Cbutton%2Btype%253D%2522button%2522%2Bclass%253D%2522cc-button-component%2Bcc-button-primary%2Bcc-button-xx-large%2Bcc-bg-primary%2Bcc-button-full%2522%253E%25E2%2580%25A6%253C%252Fbutton%253E%250A%2B%2B-%2B%2B%2Blocator%2Bresolved%2Bto%2B2%2Belements.%2BProceeding%2Bwith%2Bthe%2Bfirst%2Bone%253A%2B%253Cbutton%2Btype%253D%2522button%2522%2Bclass%253D%2522cc-button-component%2Bcc-button-primary%2Bcc-button-xx-large%2Bcc-bg-primary%2Bcc-button-full%2522%253E%25E2%2580%25A6%253C%252Fbutton%253E%250A%2B%2B-%2B%2B%2Blocator%2Bresolved%2Bto%2B2%2Belements.%2BProceeding%2Bwith%2Bthe%2Bfirst%2Bone%253A%2B%253Cbutton%2Btype%253D%2522button%2522%2Bclass%253D%2522cc-button-component%2Bcc-button-primary%2Bcc-button-xx-large%2Bcc-bg-primary%2Bcc-button-full%2522%253E%25E2%2580%25A6%253C%252Fbutton%253E%250A%2B%2B-%2B%2B%2Blocator%2Bresolved%2Bto%2B2%2Belements.%2BProceeding%2Bwith%2Bthe%2Bfirst%2Bone%253A%2B%253Cbutton%2Btype%253D%2522button%2522%2Bclass%253D%2522cc-button-component%2Bcc-button-primary%2Bcc-button-xx-large%2Bcc-bg-primary%2Bcc-button-full%2522%253E%25E2%2580%25A6%253C%252Fbutton%253E%250A%2B%2B-%2B%2B%2Blocator%2Bresolved%2Bto%2B2%2Belements.%2BProceeding%2Bwith%2Bthe%2Bfirst%2Bone%253A%2B%253Cbutton%2Btype%253D%2522button%2522%2Bclass%253D%2522cc-button-component%2Bcc-button-primary%2Bcc-button-xx-large%2Bcc-bg-primary%2Bcc-button-full%2522%253E%25E2%2580%25A6%253C%252Fbutton%253E%250A%2B%2B-%2B%2B%2Blocator%2Bresolved%2Bto%2B2%2Belements.%2BProceeding%2Bwith%2Bthe%2Bfirst%2Bone%253A%2B%253Cbutton%2Btype%253D%2522button%2522%2Bclass%253D%2522cc-button-component%2Bcc-button-primary%2Bcc-button-xx-large%2Bcc-bg-primary%2Bcc-button-full%2522%253E%25E2%2580%25A6%253C%252Fbutton%253E%250A%2B%2B-%2B%2B%2Blocator%2Bresolved%2Bto%2B2%2Belements.%2BProceeding%2Bwith%2Bthe%2Bfirst%2Bone%253A%2B%253Cbutton%2Btype%253D%2522button%2522%2Bclass%253D%2522cc-button-component%2Bcc-button-primary%2Bcc-button-xx-large%2Bcc-bg-primary%2Bcc-button-full%2522%253E%25E2%2580%25A6%253C%252Fbutton%253E%250A%2B%2B-%2B%2B%2Blocator%2Bresolved%2Bto%2B2%2Belements.%2BProceeding%2Bwith%2Bthe%2Bfirst%2Bone%253A%2B%253Cbutton%2Btype%253D%2522button%2522%2Bclass%253D%2522cc-button-component%2Bcc-button-primary%2Bcc-button-xx-large%2Bcc-bg-primary%2Bcc-button-full%2522%253E%25E2%2580%25A6%253C%252Fbutton%253E%250A%2B%2B-%2B%2B%2Blocator%2Bresolved%2Bto%2B2%2Belements.%2BProceeding%2Bwith%2Bthe%2Bfirst%2Bone%253A%2B%253Cbutton%2Btype%253D%2522button%2522%2Bclass%253D%2522cc-button-component%2Bcc-button-primary%2Bcc-button-xx-large%2Bcc-bg-primary%2Bcc-button-full%2522%253E%25E2%2580%25A6%253C%252Fbutton%253E%250A%2B%2B-%2B%2B%2Blocator%2Bresolved%2Bto%2B2%2Belements.%2BProceeding%2Bwith%2Bthe%2Bfirst%2Bone%253A%2B%253Cbutton%2Btype%253D%2522button%2522%2Bclass%253D%2522cc-button-component%2Bcc-button-primary%2Bcc-button-xx-large%2Bcc-bg-primary%2Bcc-button-full%2522%253E%25E2%2580%25A6%253C%252Fbutton%253E%250A%2B%2B-%2B%2B%2Blocator%2Bresolved%2Bto%2B2%2Belements.%2BProceeding%2Bwith%2Bthe%2Bfirst%2Bone%253A%2B%253Cbutton%2Btype%253D%2522button%2522%2Bclass%253D%2522cc-button-component%2Bcc-button-primary%2Bcc-button-xx-large%2Bcc-bg-primary%2Bcc-button-full%2522%253E%25E2%2580%25A6%253C%252Fbutton%253E%250A%2B%2B-%2B%2B%2Blocator%2Bresolved%2Bto%2B2%2Belements.%2BProceeding%2Bwith%2Bthe%2Bfirst%2Bone%253A%2B%253Cbutton%2Btype%253D%2522button%2522%2Bclass%253D%2522cc-button-component%2Bcc-button-primary%2Bcc-button-xx-large%2Bcc-bg-primary%2Bcc-button-full%2522%253E%25E2%2580%25A6%253C%252Fbutton%253E%250A%2B%2B-%2B%2B%2Blocator%2Bresolved%2Bto%2B2%2Belements.%2BProceeding%2Bwith%2Bthe%2Bfirst%2Bone%253A%2B%253Cbutton%2Btype%253D%2522button%2522%2Bclass%253D%2522cc-button-component%2Bcc-button-primary%2Bcc-button-xx-large%2Bcc-bg-primary%2Bcc-button-full%2522%253E%25E2%2580%25A6%253C%252Fbutton%253E%250A%2B%2B-%2B%2B%2Blocator%2Bresolved%2Bto%2B2%2Belements.%2BProceeding%2Bwith%2Bthe%2Bfirst%2Bone%253A%2B%253Cbutton%2Btype%253D%2522button%2522%2Bclass%253D%2522cc-button-component%2Bcc-button-primary%2Bcc-button-xx-large%2Bcc-bg-primary%2Bcc-button-full%2522%253E%25E2%2580%25A6%253C%252Fbutton%253E%250A%2B%2B-%2B%2B%2Blocator%2Bresolved%2Bto%2B2%2Belements.%2BProceeding%2Bwith%2Bthe%2Bfirst%2Bone%253A%2B%253Cbutton%2Btype%253D%2522button%2522%2Bclass%253D%2522cc-button-component%2Bcc-button-primary%2Bcc-button-xx-large%2Bcc-bg-primary%2Bcc-button-full%2522%253E%25E2%2580%25A6%253C%252Fbutton%253E%250A%2B%2B-%2B%2B%2Blocator%2Bresolved%2Bto%2B2%2Belements.%2BProceeding%2Bwith%2Bthe%2Bfirst%2Bone%253A%2B%253Cbutton%2Btype%253D%2522button%2522%2Bclass%253D%2522cc-button-component%2Bcc-button-primary%2Bcc-button-xx-large%2Bcc-bg-primary%2Bcc-button-full%2522%253E%25E2%2580%25A6%253C%252Fbutton%253E%250A%2B%2B-%2B%2B%2Blocator%2Bresolved%2Bto%2B2%2Belements.%2BProceeding%2Bwith%2Bthe%2Bfirst%2Bone%253A%2B%253Cbutton%2Btype%253D%2522button%2522%2Bclass%253D%2522cc-button-component%2Bcc-button-primary%2Bcc-button-xx-large%2Bcc-bg-primary%2Bcc-button-full%2522%253E%25E2%2580%25A6%253C%252Fbutton%253E%250A%2B%2B-%2B%2B%2Blocator%2Bresolved%2Bto%2B2%2Belements.%2BProceeding%2Bwith%2Bthe%2Bfirst%2Bone%253A%2B%253Cbutton%2Btype%253D%2522button%2522%2Bclass%253D%2522cc-button-component%2Bcc-button-primary%2Bcc-button-xx-large%2Bcc-bg-primary%2Bcc-button-full%2522%253E%25E2%2580%25A6%253C%252Fbutton%253E%250A%2B%2B-%2B%2B%2Blocator%2Bresolved%2Bto%2B2%2Belements.%2BProceeding%2Bwith%2Bthe%2Bfirst%2Bone%253A%2B%253Cbutton%2Btype%253D%2522button%2522%2Bclass%253D%2522cc-button-component%2Bcc-button-primary%2Bcc-button-xx-large%2Bcc-bg-primary%2Bcc-button-full%2522%253E%25E2%2580%25A6%253C%252Fbutton%253E%250A+%28Caused+by+SSLError%28SSLCertVerificationError%281%2C+%27%5BSSL%3A+CERTIFICATE_VERIFY_FAILED%5D+certificate+verify+failed%3A+self+signed+certificate+%28_ssl.c%3A1129%29%27%29%29%29 (Caused by SSLError(SSLCertVerificationError(1, '[SSL: CERTIFICATE_VERIFY_FAILED] certificate verify failed: self signed certificate (_ssl.c:1129)')))

During handling of the above exception, another exception occurred:

Traceback (most recent call last):
  File "C:\Users\robeb\AppData\Local\Packages\PythonSoftwareFoundation.Python.3.9_qbz5n2kfra8p0\LocalCache\local-packages\Python39\site-packages\urllib3\connectionpool.py", line 466, in _make_request
    self._validate_conn(conn)
  File "C:\Users\robeb\AppData\Local\Packages\PythonSoftwareFoundation.Python.3.9_qbz5n2kfra8p0\LocalCache\local-packages\Python39\site-packages\urllib3\connectionpool.py", line 1095, in _validate_conn
    conn.connect()
  File "C:\Users\robeb\AppData\Local\Packages\PythonSoftwareFoundation.Python.3.9_qbz5n2kfra8p0\LocalCache\local-packages\Python39\site-packages\urllib3\connection.py", line 730, in connect
    sock_and_verified = _ssl_wrap_socket_and_match_hostname(
  File "C:\Users\robeb\AppData\Local\Packages\PythonSoftwareFoundation.Python.3.9_qbz5n2kfra8p0\LocalCache\local-packages\Python39\site-packages\urllib3\connection.py", line 909, in _ssl_wrap_socket_and_match_hostname
    ssl_sock = ssl_wrap_socket(
  File "C:\Users\robeb\AppData\Local\Packages\PythonSoftwareFoundation.Python.3.9_qbz5n2kfra8p0\LocalCache\local-packages\Python39\site-packages\urllib3\util\ssl_.py", line 469, in ssl_wrap_socket
    ssl_sock = _ssl_wrap_socket_impl(sock, context, tls_in_tls, server_hostname)
  File "C:\Users\robeb\AppData\Local\Packages\PythonSoftwareFoundation.Python.3.9_qbz5n2kfra8p0\LocalCache\local-packages\Python39\site-packages\urllib3\util\ssl_.py", line 513, in _ssl_wrap_socket_impl
    return ssl_context.wrap_socket(sock, server_hostname=server_hostname)
  File "C:\Program Files\WindowsApps\PythonSoftwareFoundation.Python.3.9_3.9.3568.0_x64__qbz5n2kfra8p0\lib\ssl.py", line 501, in wrap_socket
    return self.sslsocket_class._create(
  File "C:\Program Files\WindowsApps\PythonSoftwareFoundation.Python.3.9_3.9.3568.0_x64__qbz5n2kfra8p0\lib\ssl.py", line 1041, in _create
    self.do_handshake()
  File "C:\Program Files\WindowsApps\PythonSoftwareFoundation.Python.3.9_3.9.3568.0_x64__qbz5n2kfra8p0\lib\ssl.py", line 1310, in do_handshake
    self._sslobj.do_handshake()
ssl.SSLCertVerificationError: [SSL: CERTIFICATE_VERIFY_FAILED] certificate verify failed: self signed certificate (_ssl.c:1129)

During handling of the above exception, another exception occurred:

Traceback (most recent call last):
  File "C:\Users\robeb\AppData\Local\Packages\PythonSoftwareFoundation.Python.3.9_qbz5n2kfra8p0\LocalCache\local-packages\Python39\site-packages\urllib3\connectionpool.py", line 789, in urlopen
    response = self._make_request(
  File "C:\Users\robeb\AppData\Local\Packages\PythonSoftwareFoundation.Python.3.9_qbz5n2kfra8p0\LocalCache\local-packages\Python39\site-packages\urllib3\connectionpool.py", line 490, in _make_request
    raise new_e
urllib3.exceptions.SSLError: [SSL: CERTIFICATE_VERIFY_FAILED] certificate verify failed: self signed certificate (_ssl.c:1129)

The above exception was the direct cause of the following exception:

Traceback (most recent call last):
  File "C:\Users\robeb\AppData\Local\Packages\PythonSoftwareFoundation.Python.3.9_qbz5n2kfra8p0\LocalCache\local-packages\Python39\site-packages\requests\adapters.py", line 667, in send
    resp = conn.urlopen(
  File "C:\Users\robeb\AppData\Local\Packages\PythonSoftwareFoundation.Python.3.9_qbz5n2kfra8p0\LocalCache\local-packages\Python39\site-packages\urllib3\connectionpool.py", line 843, in urlopen
    retries = retries.increment(
  File "C:\Users\robeb\AppData\Local\Packages\PythonSoftwareFoundation.Python.3.9_qbz5n2kfra8p0\LocalCache\local-packages\Python39\site-packages\urllib3\util\retry.py", line 519, in increment
    raise MaxRetryError(_pool, url, reason) from reason  # type: ignore[arg-type]
urllib3.exceptions.MaxRetryError: HTTPSConnectionPool(host='api.telegram.org', port=443): Max retries exceeded with url: /bot8002951108:AAEeUXPdNKVPc7_wdAiFGAgXyV0InsJMDhk/sendMessage?chat_id=7880397584&text=Error+processing+link%3A+HTTPSConnectionPool%28host%3D%27api.telegram.org%27%2C+port%3D443%29%3A+Max+retries+exceeded+with+url%3A+%2Fbot8002951108%3AAAEeUXPdNKVPc7_wdAiFGAgXyV0InsJMDhk%2FsendMessage%3Fchat_id%3D7880397584%26text%3DError%2Bin%2Brun%2Bfunction%2Bfor%2Blink%2B%253A%2BHTTPSConnectionPool%2528host%253D%2527api.telegram.org%2527%252C%2Bport%253D443%2529%253A%2BMax%2Bretries%2Bexceeded%2Bwith%2Burl%253A%2B%252Fbot8002951108%253AAAEeUXPdNKVPc7_wdAiFGAgXyV0InsJMDhk%252FsendMessage%253Fchat_id%253D7880397584%2526text%253DError%252Bprocessing%252Blink%25253A%252BPage.wait_for_selector%25253A%252BTimeout%252B30000ms%252Bexceeded.%25250ACall%252Blog%25253A%25250Awaiting%252Bfor%252Blocator%252528%252522button.cc-button-component.cc-button-primary.cc-button-xx-large%252522%252529%252Bto%252Bbe%252Bvisible%25250A%252B%252B-%252B%252B%252Blocator%252Bresolved%252Bto%252B2%252Belements.%252BProceeding%252Bwith%252Bthe%252Bfirst%252Bone%25253A%252B%25253Cbutton%252Btype%25253D%252522button%252522%252Bclass%25253D%252522cc-button-component%252Bcc-button-primary%252Bcc-button-xx-large%252Bcc-bg-primary%252Bcc-button-full%252522%25253E%2525E2%252580%2525A6%25253C%25252Fbutton%25253E%25250A%252B%252B-%252B%252B%252Blocator%252Bresolved%252Bto%252B2%252Belements.%252BProceeding%252Bwith%252Bthe%252Bfirst%252Bone%25253A%252B%25253Cbutton%252Btype%25253D%252522button%252522%252Bclass%25253D%252522cc-button-component%252Bcc-button-primary%252Bcc-button-xx-large%252Bcc-bg-primary%252Bcc-button-full%252522%25253E%2525E2%252580%2525A6%25253C%25252Fbutton%25253E%25250A%252B%252B-%252B%252B%252Blocator%252Bresolved%252Bto%252B2%252Belements.%252BProceeding%252Bwith%252Bthe%252Bfirst%252Bone%25253A%252B%25253Cbutton%252Btype%25253D%252522button%252522%252Bclass%25253D%252522cc-button-component%252Bcc-button-primary%252Bcc-button-xx-large%252Bcc-bg-primary%252Bcc-button-full%252522%25253E%2525E2%252580%2525A6%25253C%25252Fbutton%25253E%25250A%252B%252B-%252B%252B%252Blocator%252Bresolved%252Bto%252B2%252Belements.%252BProceeding%252Bwith%252Bthe%252Bfirst%252Bone%25253A%252B%25253Cbutton%252Btype%25253D%252522button%252522%252Bclass%25253D%252522cc-button-component%252Bcc-button-primary%252Bcc-button-xx-large%252Bcc-bg-primary%252Bcc-button-full%252522%25253E%2525E2%252580%2525A6%25253C%25252Fbutton%25253E%25250A%252B%252B-%252B%252B%252Blocator%252Bresolved%252Bto%252B2%252Belements.%252BProceeding%252Bwith%252Bthe%252Bfirst%252Bone%25253A%252B%25253Cbutton%252Btype%25253D%252522button%252522%252Bclass%25253D%252522cc-button-component%252Bcc-button-primary%252Bcc-button-xx-large%252Bcc-bg-primary%252Bcc-button-full%252522%25253E%2525E2%252580%2525A6%25253C%25252Fbutton%25253E%25250A%252B%252B-%252B%252B%252Blocator%252Bresolved%252Bto%252B2%252Belements.%252BProceeding%252Bwith%252Bthe%252Bfirst%252Bone%25253A%252B%25253Cbutton%252Btype%25253D%252522button%252522%252Bclass%25253D%252522cc-button-component%252Bcc-button-primary%252Bcc-button-xx-large%252Bcc-bg-primary%252Bcc-button-full%252522%25253E%2525E2%252580%2525A6%25253C%25252Fbutton%25253E%25250A%252B%252B-%252B%252B%252Blocator%252Bresolved%252Bto%252B2%252Belements.%252BProceeding%252Bwith%252Bthe%252Bfirst%252Bone%25253A%252B%25253Cbutton%252Btype%25253D%252522button%252522%252Bclass%25253D%252522cc-button-component%252Bcc-button-primary%252Bcc-button-xx-large%252Bcc-bg-primary%252Bcc-button-full%252522%25253E%2525E2%252580%2525A6%25253C%25252Fbutton%25253E%25250A%252B%252B-%252B%252B%252Blocator%252Bresolved%252Bto%252B2%252Belements.%252BProceeding%252Bwith%252Bthe%252Bfirst%252Bone%25253A%252B%25253Cbutton%252Btype%25253D%252522button%252522%252Bclass%25253D%252522cc-button-component%252Bcc-button-primary%252Bcc-button-xx-large%252Bcc-bg-primary%252Bcc-button-full%252522%25253E%2525E2%252580%2525A6%25253C%25252Fbutton%25253E%25250A%252B%252B-%252B%252B%252Blocator%252Bresolved%252Bto%252B2%252Belements.%252BProceeding%252Bwith%252Bthe%252Bfirst%252Bone%25253A%252B%25253Cbutton%252Btype%25253D%252522button%252522%252Bclass%25253D%252522cc-button-component%252Bcc-button-primary%252Bcc-button-xx-large%252Bcc-bg-primary%252Bcc-button-full%252522%25253E%2525E2%252580%2525A6%25253C%25252Fbutton%25253E%25250A%252B%252B-%252B%252B%252Blocator%252Bresolved%252Bto%252B2%252Belements.%252BProceeding%252Bwith%252Bthe%252Bfirst%252Bone%25253A%252B%25253Cbutton%252Btype%25253D%252522button%252522%252Bclass%25253D%252522cc-button-component%252Bcc-button-primary%252Bcc-button-xx-large%252Bcc-bg-primary%252Bcc-button-full%252522%25253E%2525E2%252580%2525A6%25253C%25252Fbutton%25253E%25250A%252B%252B-%252B%252B%252Blocator%252Bresolved%252Bto%252B2%252Belements.%252BProceeding%252Bwith%252Bthe%252Bfirst%252Bone%25253A%252B%25253Cbutton%252Btype%25253D%252522button%252522%252Bclass%25253D%252522cc-button-component%252Bcc-button-primary%252Bcc-button-xx-large%252Bcc-bg-primary%252Bcc-button-full%252522%25253E%2525E2%252580%2525A6%25253C%25252Fbutton%25253E%25250A%252B%252B-%252B%252B%252Blocator%252Bresolved%252Bto%252B2%252Belements.%252BProceeding%252Bwith%252Bthe%252Bfirst%252Bone%25253A%252B%25253Cbutton%252Btype%25253D%252522button%252522%252Bclass%25253D%252522cc-button-component%252Bcc-button-primary%252Bcc-button-xx-large%252Bcc-bg-primary%252Bcc-button-full%252522%25253E%2525E2%252580%2525A6%25253C%25252Fbutton%25253E%25250A%252B%252B-%252B%252B%252Blocator%252Bresolved%252Bto%252B2%252Belements.%252BProceeding%252Bwith%252Bthe%252Bfirst%252Bone%25253A%252B%25253Cbutton%252Btype%25253D%252522button%252522%252Bclass%25253D%252522cc-button-component%252Bcc-button-primary%252Bcc-button-xx-large%252Bcc-bg-primary%252Bcc-button-full%252522%25253E%2525E2%252580%2525A6%25253C%25252Fbutton%25253E%25250A%252B%252B-%252B%252B%252Blocator%252Bresolved%252Bto%252B2%252Belements.%252BProceeding%252Bwith%252Bthe%252Bfirst%252Bone%25253A%252B%25253Cbutton%252Btype%25253D%252522button%252522%252Bclass%25253D%252522cc-button-component%252Bcc-button-primary%252Bcc-button-xx-large%252Bcc-bg-primary%252Bcc-button-full%252522%25253E%2525E2%252580%2525A6%25253C%25252Fbutton%25253E%25250A%252B%252B-%252B%252B%252Blocator%252Bresolved%252Bto%252B2%252Belements.%252BProceeding%252Bwith%252Bthe%252Bfirst%252Bone%25253A%252B%25253Cbutton%252Btype%25253D%252522button%252522%252Bclass%25253D%252522cc-button-component%252Bcc-button-primary%252Bcc-button-xx-large%252Bcc-bg-primary%252Bcc-button-full%252522%25253E%2525E2%252580%2525A6%25253C%25252Fbutton%25253E%25250A%252B%252B-%252B%252B%252Blocator%252Bresolved%252Bto%252B2%252Belements.%252BProceeding%252Bwith%252Bthe%252Bfirst%252Bone%25253A%252B%25253Cbutton%252Btype%25253D%252522button%252522%252Bclass%25253D%252522cc-button-component%252Bcc-button-primary%252Bcc-button-xx-large%252Bcc-bg-primary%252Bcc-button-full%252522%25253E%2525E2%252580%2525A6%25253C%25252Fbutton%25253E%25250A%252B%252B-%252B%252B%252Blocator%252Bresolved%252Bto%252B2%252Belements.%252BProceeding%252Bwith%252Bthe%252Bfirst%252Bone%25253A%252B%25253Cbutton%252Btype%25253D%252522button%252522%252Bclass%25253D%252522cc-button-component%252Bcc-button-primary%252Bcc-button-xx-large%252Bcc-bg-primary%252Bcc-button-full%252522%25253E%2525E2%252580%2525A6%25253C%25252Fbutton%25253E%25250A%252B%252B-%252B%252B%252Blocator%252Bresolved%252Bto%252B2%252Belements.%252BProceeding%252Bwith%252Bthe%252Bfirst%252Bone%25253A%252B%25253Cbutton%252Btype%25253D%252522button%252522%252Bclass%25253D%252522cc-button-component%252Bcc-button-primary%252Bcc-button-xx-large%252Bcc-bg-primary%252Bcc-button-full%252522%25253E%2525E2%252580%2525A6%25253C%25252Fbutton%25253E%25250A%252B%252B-%252B%252B%252Blocator%252Bresolved%252Bto%252B2%252Belements.%252BProceeding%252Bwith%252Bthe%252Bfirst%252Bone%25253A%252B%25253Cbutton%252Btype%25253D%252522button%252522%252Bclass%25253D%252522cc-button-component%252Bcc-button-primary%252Bcc-button-xx-large%252Bcc-bg-primary%252Bcc-button-full%252522%25253E%2525E2%252580%2525A6%25253C%25252Fbutton%25253E%25250A%252B%252B-%252B%252B%252Blocator%252Bresolved%252Bto%252B2%252Belements.%252BProceeding%252Bwith%252Bthe%252Bfirst%252Bone%25253A%252B%25253Cbutton%252Btype%25253D%252522button%252522%252Bclass%25253D%252522cc-button-component%252Bcc-button-primary%252Bcc-button-xx-large%252Bcc-bg-primary%252Bcc-button-full%252522%25253E%2525E2%252580%2525A6%25253C%25252Fbutton%25253E%25250A%252B%252B-%252B%252B%252Blocator%252Bresolved%252Bto%252B2%252Belements.%252BProceeding%252Bwith%252Bthe%252Bfirst%252Bone%25253A%252B%25253Cbutton%252Btype%25253D%252522button%252522%252Bclass%25253D%252522cc-button-component%252Bcc-button-primary%252Bcc-button-xx-large%252Bcc-bg-primary%252Bcc-button-full%252522%25253E%2525E2%252580%2525A6%25253C%25252Fbutton%25253E%25250A%252B%252B-%252B%252B%252Blocator%252Bresolved%252Bto%252B2%252Belements.%252BProceeding%252Bwith%252Bthe%252Bfirst%252Bone%25253A%252B%25253Cbutton%252Btype%25253D%252522button%252522%252Bclass%25253D%252522cc-button-component%252Bcc-button-primary%252Bcc-button-xx-large%252Bcc-bg-primary%252Bcc-button-full%252522%25253E%2525E2%252580%2525A6%25253C%25252Fbutton%25253E%25250A%252B%252B-%252B%252B%252Blocator%252Bresolved%252Bto%252B2%252Belements.%252BProceeding%252Bwith%252Bthe%252Bfirst%252Bone%25253A%252B%25253Cbutton%252Btype%25253D%252522button%252522%252Bclass%25253D%252522cc-button-component%252Bcc-button-primary%252Bcc-button-xx-large%252Bcc-bg-primary%252Bcc-button-full%252522%25253E%2525E2%252580%2525A6%25253C%25252Fbutton%25253E%25250A%252B%252B-%252B%252B%252Blocator%252Bresolved%252Bto%252B2%252Belements.%252BProceeding%252Bwith%252Bthe%252Bfirst%252Bone%25253A%252B%25253Cbutton%252Btype%25253D%252522button%252522%252Bclass%25253D%252522cc-button-component%252Bcc-button-primary%252Bcc-button-xx-large%252Bcc-bg-primary%252Bcc-button-full%252522%25253E%2525E2%252580%2525A6%25253C%25252Fbutton%25253E%25250A%252B%252B-%252B%252B%252Blocator%252Bresolved%252Bto%252B2%252Belements.%252BProceeding%252Bwith%252Bthe%252Bfirst%252Bone%25253A%252B%25253Cbutton%252Btype%25253D%252522button%252522%252Bclass%25253D%252522cc-button-component%252Bcc-button-primary%252Bcc-button-xx-large%252Bcc-bg-primary%252Bcc-button-full%252522%25253E%2525E2%252580%2525A6%25253C%25252Fbutton%25253E%25250A%252B%252B-%252B%252B%252Blocator%252Bresolved%252Bto%252B2%252Belements.%252BProceeding%252Bwith%252Bthe%252Bfirst%252Bone%25253A%252B%25253Cbutton%252Btype%25253D%252522button%252522%252Bclass%25253D%252522cc-button-component%252Bcc-button-primary%252Bcc-button-xx-large%252Bcc-bg-primary%252Bcc-button-full%252522%25253E%2525E2%252580%2525A6%25253C%25252Fbutton%25253E%25250A%252B%252B-%252B%252B%252Blocator%252Bresolved%252Bto%252B2%252Belements.%252BProceeding%252Bwith%252Bthe%252Bfirst%252Bone%25253A%252B%25253Cbutton%252Btype%25253D%252522button%252522%252Bclass%25253D%252522cc-button-component%252Bcc-button-primary%252Bcc-button-xx-large%252Bcc-bg-primary%252Bcc-button-full%252522%25253E%2525E2%252580%2525A6%25253C%25252Fbutton%25253E%25250A%252B%252B-%252B%252B%252Blocator%252Bresolved%252Bto%252B2%252Belements.%252BProceeding%252Bwith%252Bthe%252Bfirst%252Bone%25253A%252B%25253Cbutton%252Btype%25253D%252522button%252522%252Bclass%25253D%252522cc-button-component%252Bcc-button-primary%252Bcc-button-xx-large%252Bcc-bg-primary%252Bcc-button-full%252522%25253E%2525E2%252580%2525A6%25253C%25252Fbutton%25253E%25250A%252B%252B-%252B%252B%252Blocator%252Bresolved%252Bto%252B2%252Belements.%252BProceeding%252Bwith%252Bthe%252Bfirst%252Bone%25253A%252B%25253Cbutton%252Btype%25253D%252522button%252522%252Bclass%25253D%252522cc-button-component%252Bcc-button-primary%252Bcc-button-xx-large%252Bcc-bg-primary%252Bcc-button-full%252522%25253E%2525E2%252580%2525A6%25253C%25252Fbutton%25253E%25250A%252B%252B-%252B%252B%252Blocator%252Bresolved%252Bto%252B2%252Belements.%252BProceeding%252Bwith%252Bthe%252Bfirst%252Bone%25253A%252B%25253Cbutton%252Btype%25253D%252522button%252522%252Bclass%25253D%252522cc-button-component%252Bcc-button-primary%252Bcc-button-xx-large%252Bcc-bg-primary%252Bcc-button-full%252522%25253E%2525E2%252580%2525A6%25253C%25252Fbutton%25253E%25250A%252B%252B-%252B%252B%252Blocator%252Bresolved%252Bto%252B2%252Belements.%252BProceeding%252Bwith%252Bthe%252Bfirst%252Bone%25253A%252B%25253Cbutton%252Btype%25253D%252522button%252522%252Bclass%25253D%252522cc-button-component%252Bcc-button-primary%252Bcc-button-xx-large%252Bcc-bg-primary%252Bcc-button-full%252522%25253E%2525E2%252580%2525A6%25253C%25252Fbutton%25253E%25250A%252B%252B-%252B%252B%252Blocator%252Bresolved%252Bto%252B2%252Belements.%252BProceeding%252Bwith%252Bthe%252Bfirst%252Bone%25253A%252B%25253Cbutton%252Btype%25253D%252522button%252522%252Bclass%25253D%252522cc-button-component%252Bcc-button-primary%252Bcc-button-xx-large%252Bcc-bg-primary%252Bcc-button-full%252522%25253E%2525E2%252580%2525A6%25253C%25252Fbutton%25253E%25250A%252B%252B-%252B%252B%252Blocator%252Bresolved%252Bto%252B2%252Belements.%252BProceeding%252Bwith%252Bthe%252Bfirst%252Bone%25253A%252B%25253Cbutton%252Btype%25253D%252522button%252522%252Bclass%25253D%252522cc-button-component%252Bcc-button-primary%252Bcc-button-xx-large%252Bcc-bg-primary%252Bcc-button-full%252522%25253E%2525E2%252580%2525A6%25253C%25252Fbutton%25253E%25250A%252B%252B-%252B%252B%252Blocator%252Bresolved%252Bto%252B2%252Belements.%252BProceeding%252Bwith%252Bthe%252Bfirst%252Bone%25253A%252B%25253Cbutton%252Btype%25253D%252522button%252522%252Bclass%25253D%252522cc-button-component%252Bcc-button-primary%252Bcc-button-xx-large%252Bcc-bg-primary%252Bcc-button-full%252522%25253E%2525E2%252580%2525A6%25253C%25252Fbutton%25253E%25250A%252B%252B-%252B%252B%252Blocator%252Bresolved%252Bto%252B2%252Belements.%252BProceeding%252Bwith%252Bthe%252Bfirst%252Bone%25253A%252B%25253Cbutton%252Btype%25253D%252522button%252522%252Bclass%25253D%252522cc-button-component%252Bcc-button-primary%252Bcc-button-xx-large%252Bcc-bg-primary%252Bcc-button-full%252522%25253E%2525E2%252580%2525A6%25253C%25252Fbutton%25253E%25250A%252B%252B-%252B%252B%252Blocator%252Bresolved%252Bto%252B2%252Belements.%252BProceeding%252Bwith%252Bthe%252Bfirst%252Bone%25253A%252B%25253Cbutton%252Btype%25253D%252522button%252522%252Bclass%25253D%252522cc-button-component%252Bcc-button-primary%252Bcc-button-xx-large%252Bcc-bg-primary%252Bcc-button-full%252522%25253E%2525E2%252580%2525A6%25253C%25252Fbutton%25253E%25250A%252B%252B-%252B%252B%252Blocator%252Bresolved%252Bto%252B2%252Belements.%252BProceeding%252Bwith%252Bthe%252Bfirst%252Bone%25253A%252B%25253Cbutton%252Btype%25253D%252522button%252522%252Bclass%25253D%252522cc-button-component%252Bcc-button-primary%252Bcc-button-xx-large%252Bcc-bg-primary%252Bcc-button-full%252522%25253E%2525E2%252580%2525A6%25253C%25252Fbutton%25253E%25250A%252B%252B-%252B%252B%252Blocator%252Bresolved%252Bto%252B2%252Belements.%252BProceeding%252Bwith%252Bthe%252Bfirst%252Bone%25253A%252B%25253Cbutton%252Btype%25253D%252522button%252522%252Bclass%25253D%252522cc-button-component%252Bcc-button-primary%252Bcc-button-xx-large%252Bcc-bg-primary%252Bcc-button-full%252522%25253E%2525E2%252580%2525A6%25253C%25252Fbutton%25253E%25250A%252B%252B-%252B%252B%252Blocator%252Bresolved%252Bto%252B2%252Belements.%252BProceeding%252Bwith%252Bthe%252Bfirst%252Bone%25253A%252B%25253Cbutton%252Btype%25253D%252522button%252522%252Bclass%25253D%252522cc-button-component%252Bcc-button-primary%252Bcc-button-xx-large%252Bcc-bg-primary%252Bcc-button-full%252522%25253E%2525E2%252580%2525A6%25253C%25252Fbutton%25253E%25250A%252B%252B-%252B%252B%252Blocator%252Bresolved%252Bto%252B2%252Belements.%252BProceeding%252Bwith%252Bthe%252Bfirst%252Bone%25253A%252B%25253Cbutton%252Btype%25253D%252522button%252522%252Bclass%25253D%252522cc-button-component%252Bcc-button-primary%252Bcc-button-xx-large%252Bcc-bg-primary%252Bcc-button-full%252522%25253E%2525E2%252580%2525A6%25253C%25252Fbutton%25253E%25250A%252B%252B-%252B%252B%252Blocator%252Bresolved%252Bto%252B2%252Belements.%252BProceeding%252Bwith%252Bthe%252Bfirst%252Bone%25253A%252B%25253Cbutton%252Btype%25253D%252522button%252522%252Bclass%25253D%252522cc-button-component%252Bcc-button-primary%252Bcc-button-xx-large%252Bcc-bg-primary%252Bcc-button-full%252522%25253E%2525E2%252580%2525A6%25253C%25252Fbutton%25253E%25250A%252B%252B-%252B%252B%252Blocator%252Bresolved%252Bto%252B2%252Belements.%252BProceeding%252Bwith%252Bthe%252Bfirst%252Bone%25253A%252B%25253Cbutton%252Btype%25253D%252522button%252522%252Bclass%25253D%252522cc-button-component%252Bcc-button-primary%252Bcc-button-xx-large%252Bcc-bg-primary%252Bcc-button-full%252522%25253E%2525E2%252580%2525A6%25253C%25252Fbutton%25253E%25250A%252B%252B-%252B%252B%252Blocator%252Bresolved%252Bto%252B2%252Belements.%252BProceeding%252Bwith%252Bthe%252Bfirst%252Bone%25253A%252B%25253Cbutton%252Btype%25253D%252522button%252522%252Bclass%25253D%252522cc-button-component%252Bcc-button-primary%252Bcc-button-xx-large%252Bcc-bg-primary%252Bcc-button-full%252522%25253E%2525E2%252580%2525A6%25253C%25252Fbutton%25253E%25250A%252B%252B-%252B%252B%252Blocator%252Bresolved%252Bto%252B2%252Belements.%252BProceeding%252Bwith%252Bthe%252Bfirst%252Bone%25253A%252B%25253Cbutton%252Btype%25253D%252522button%252522%252Bclass%25253D%252522cc-button-component%252Bcc-button-primary%252Bcc-button-xx-large%252Bcc-bg-primary%252Bcc-button-full%252522%25253E%2525E2%252580%2525A6%25253C%25252Fbutton%25253E%25250A%252B%252B-%252B%252B%252Blocator%252Bresolved%252Bto%252B2%252Belements.%252BProceeding%252Bwith%252Bthe%252Bfirst%252Bone%25253A%252B%25253Cbutton%252Btype%25253D%252522button%252522%252Bclass%25253D%252522cc-button-component%252Bcc-button-primary%252Bcc-button-xx-large%252Bcc-bg-primary%252Bcc-button-full%252522%25253E%2525E2%252580%2525A6%25253C%25252Fbutton%25253E%25250A%252B%252B-%252B%252B%252Blocator%252Bresolved%252Bto%252B2%252Belements.%252BProceeding%252Bwith%252Bthe%252Bfirst%252Bone%25253A%252B%25253Cbutton%252Btype%25253D%252522button%252522%252Bclass%25253D%252522cc-button-component%252Bcc-button-primary%252Bcc-button-xx-large%252Bcc-bg-primary%252Bcc-button-full%252522%25253E%2525E2%252580%2525A6%25253C%25252Fbutton%25253E%25250A%252B%252B-%252B%252B%252Blocator%252Bresolved%252Bto%252B2%252Belements.%252BProceeding%252Bwith%252Bthe%252Bfirst%252Bone%25253A%252B%25253Cbutton%252Btype%25253D%252522button%252522%252Bclass%25253D%252522cc-button-component%252Bcc-button-primary%252Bcc-button-xx-large%252Bcc-bg-primary%252Bcc-button-full%252522%25253E%2525E2%252580%2525A6%25253C%25252Fbutton%25253E%25250A%252B%252B-%252B%252B%252Blocator%252Bresolved%252Bto%252B2%252Belements.%252BProceeding%252Bwith%252Bthe%252Bfirst%252Bone%25253A%252B%25253Cbutton%252Btype%25253D%252522button%252522%252Bclass%25253D%252522cc-button-component%252Bcc-button-primary%252Bcc-button-xx-large%252Bcc-bg-primary%252Bcc-button-full%252522%25253E%2525E2%252580%2525A6%25253C%25252Fbutton%25253E%25250A%252B%252B-%252B%252B%252Blocator%252Bresolved%252Bto%252B2%252Belements.%252BProceeding%252Bwith%252Bthe%252Bfirst%252Bone%25253A%252B%25253Cbutton%252Btype%25253D%252522button%252522%252Bclass%25253D%252522cc-button-component%252Bcc-button-primary%252Bcc-button-xx-large%252Bcc-bg-primary%252Bcc-button-full%252522%25253E%2525E2%252580%2525A6%25253C%25252Fbutton%25253E%25250A%252B%252B-%252B%252B%252Blocator%252Bresolved%252Bto%252B2%252Belements.%252BProceeding%252Bwith%252Bthe%252Bfirst%252Bone%25253A%252B%25253Cbutton%252Btype%25253D%252522button%252522%252Bclass%25253D%252522cc-button-component%252Bcc-button-primary%252Bcc-button-xx-large%252Bcc-bg-primary%252Bcc-button-full%252522%25253E%2525E2%252580%2525A6%25253C%25252Fbutton%25253E%25250A%252B%252B-%252B%252B%252Blocator%252Bresolved%252Bto%252B2%252Belements.%252BProceeding%252Bwith%252Bthe%252Bfirst%252Bone%25253A%252B%25253Cbutton%252Btype%25253D%252522button%252522%252Bclass%25253D%252522cc-button-component%252Bcc-button-primary%252Bcc-button-xx-large%252Bcc-bg-primary%252Bcc-button-full%252522%25253E%2525E2%252580%2525A6%25253C%25252Fbutton%25253E%25250A%252B%252B-%252B%252B%252Blocator%252Bresolved%252Bto%252B2%252Belements.%252BProceeding%252Bwith%252Bthe%252Bfirst%252Bone%25253A%252B%25253Cbutton%252Btype%25253D%252522button%252522%252Bclass%25253D%252522cc-button-component%252Bcc-button-primary%252Bcc-button-xx-large%252Bcc-bg-primary%252Bcc-button-full%252522%25253E%2525E2%252580%2525A6%25253C%25252Fbutton%25253E%25250A%252B%252B-%252B%252B%252Blocator%252Bresolved%252Bto%252B2%252Belements.%252BProceeding%252Bwith%252Bthe%252Bfirst%252Bone%25253A%252B%25253Cbutton%252Btype%25253D%252522button%252522%252Bclass%25253D%252522cc-button-component%252Bcc-button-primary%252Bcc-button-xx-large%252Bcc-bg-primary%252Bcc-button-full%252522%25253E%2525E2%252580%2525A6%25253C%25252Fbutton%25253E%25250A%252B%252B-%252B%252B%252Blocator%252Bresolved%252Bto%252B2%252Belements.%252BProceeding%252Bwith%252Bthe%252Bfirst%252Bone%25253A%252B%25253Cbutton%252Btype%25253D%252522button%252522%252Bclass%25253D%252522cc-button-component%252Bcc-button-primary%252Bcc-button-xx-large%252Bcc-bg-primary%252Bcc-button-full%252522%25253E%2525E2%252580%2525A6%25253C%25252Fbutton%25253E%25250A%2B%2528Caused%2Bby%2BSSLError%2528SSLCertVerificationError%25281%252C%2B%2527%255BSSL%253A%2BCERTIFICATE_VERIFY_FAILED%255D%2Bcertificate%2Bverify%2Bfailed%253A%2Bself%2Bsigned%2Bcertificate%2B%2528_ssl.c%253A1129%2529%2527%2529%2529%2529+%28Caused+by+SSLError%28SSLCertVerificationError%281%2C+%27%5BSSL%3A+CERTIFICATE_VERIFY_FAILED%5D+certificate+verify+failed%3A+self+signed+certificate+%28_ssl.c%3A1129%29%27%29%29%29 (Caused by SSLError(SSLCertVerificationError(1, '[SSL: CERTIFICATE_VERIFY_FAILED] certificate verify failed: self signed certificate (_ssl.c:1129)')))

During handling of the above exception, another exception occurred:

Traceback (most recent call last):
  File "C:\Users\robeb\AppData\Local\Packages\PythonSoftwareFoundation.Python.3.9_qbz5n2kfra8p0\LocalCache\local-packages\Python39\site-packages\flask\app.py", line 1473, in wsgi_app
    response = self.full_dispatch_request()
  File "C:\Users\robeb\AppData\Local\Packages\PythonSoftwareFoundation.Python.3.9_qbz5n2kfra8p0\LocalCache\local-packages\Python39\site-packages\flask\app.py", line 882, in full_dispatch_request
    rv = self.handle_user_exception(e)
  File "C:\Users\robeb\AppData\Local\Packages\PythonSoftwareFoundation.Python.3.9_qbz5n2kfra8p0\LocalCache\local-packages\Python39\site-packages\flask_cors\extension.py", line 194, in wrapped_function
    return cors_after_request(app.make_response(f(*args, **kwargs)))
  File "C:\Users\robeb\AppData\Local\Packages\PythonSoftwareFoundation.Python.3.9_qbz5n2kfra8p0\LocalCache\local-packages\Python39\site-packages\flask\app.py", line 880, in full_dispatch_request
    rv = self.dispatch_request()
  File "C:\Users\robeb\AppData\Local\Packages\PythonSoftwareFoundation.Python.3.9_qbz5n2kfra8p0\LocalCache\local-packages\Python39\site-packages\flask\app.py", line 865, in dispatch_request
    return self.ensure_sync(self.view_functions[rule.endpoint])(**view_args)  # type: ignore[no-any-return]
  File "D:\Python\BsVinh\Chess\Chess Analysis Sever\Chrome Server Deep PGN\.\main.py", line 1066, in receive_message
    process_link(message)
  File "D:\Python\BsVinh\Chess\Chess Analysis Sever\Chrome Server Deep PGN\.\main.py", line 1028, in process_link
    send_telegram_bot(f"Error processing link: {e}")
  File "D:\Python\BsVinh\Chess\Chess Analysis Sever\Chrome Server Deep PGN\.\main.py", line 1058, in send_telegram_bot
    response = requests.get(url, params=params)
  File "C:\Users\robeb\AppData\Local\Packages\PythonSoftwareFoundation.Python.3.9_qbz5n2kfra8p0\LocalCache\local-packages\Python39\site-packages\requests\api.py", line 73, in get
    return request("get", url, params=params, **kwargs)
  File "C:\Users\robeb\AppData\Local\Packages\PythonSoftwareFoundation.Python.3.9_qbz5n2kfra8p0\LocalCache\local-packages\Python39\site-packages\requests\api.py", line 59, in request
    return session.request(method=method, url=url, **kwargs)
  File "C:\Users\robeb\AppData\Local\Packages\PythonSoftwareFoundation.Python.3.9_qbz5n2kfra8p0\LocalCache\local-packages\Python39\site-packages\requests\sessions.py", line 589, in request
    resp = self.send(prep, **send_kwargs)
  File "C:\Users\robeb\AppData\Local\Packages\PythonSoftwareFoundation.Python.3.9_qbz5n2kfra8p0\LocalCache\local-packages\Python39\site-packages\requests\sessions.py", line 703, in send
    r = adapter.send(request, **kwargs)
  File "C:\Users\robeb\AppData\Local\Packages\PythonSoftwareFoundation.Python.3.9_qbz5n2kfra8p0\LocalCache\local-packages\Python39\site-packages\requests\adapters.py", line 698, in send
    raise SSLError(e, request=request)
requests.exceptions.SSLError: HTTPSConnectionPool(host='api.telegram.org', port=443): Max retries exceeded with url: /bot8002951108:AAEeUXPdNKVPc7_wdAiFGAgXyV0InsJMDhk/sendMessage?chat_id=7880397584&text=Error+processing+link%3A+HTTPSConnectionPool%28host%3D%27api.telegram.org%27%2C+port%3D443%29%3A+Max+retries+exceeded+with+url%3A+%2Fbot8002951108%3AAAEeUXPdNKVPc7_wdAiFGAgXyV0InsJMDhk%2FsendMessage%3Fchat_id%3D7880397584%26text%3DError%2Bin%2Brun%2Bfunction%2Bfor%2Blink%2B%253A%2BHTTPSConnectionPool%2528host%253D%2527api.telegram.org%2527%252C%2Bport%253D443%2529%253A%2BMax%2Bretries%2Bexceeded%2Bwith%2Burl%253A%2B%252Fbot8002951108%253AAAEeUXPdNKVPc7_wdAiFGAgXyV0InsJMDhk%252FsendMessage%253Fchat_id%253D7880397584%2526text%253DError%252Bprocessing%252Blink%25253A%252BPage.wait_for_selector%25253A%252BTimeout%252B30000ms%252Bexceeded.%25250ACall%252Blog%25253A%25250Awaiting%252Bfor%252Blocator%252528%252522button.cc-button-component.cc-button-primary.cc-button-xx-large%252522%252529%252Bto%252Bbe%252Bvisible%25250A%252B%252B-%252B%252B%252Blocator%252Bresolved%252Bto%252B2%252Belements.%252BProceeding%252Bwith%252Bthe%252Bfirst%252Bone%25253A%252B%25253Cbutton%252Btype%25253D%252522button%252522%252Bclass%25253D%252522cc-button-component%252Bcc-button-primary%252Bcc-button-xx-large%252Bcc-bg-primary%252Bcc-button-full%252522%25253E%2525E2%252580%2525A6%25253C%25252Fbutton%25253E%25250A%252B%252B-%252B%252B%252Blocator%252Bresolved%252Bto%252B2%252Belements.%252BProceeding%252Bwith%252Bthe%252Bfirst%252Bone%25253A%252B%25253Cbutton%252Btype%25253D%252522button%252522%252Bclass%25253D%252522cc-button-component%252Bcc-button-primary%252Bcc-button-xx-large%252Bcc-bg-primary%252Bcc-button-full%252522%25253E%2525E2%252580%2525A6%25253C%25252Fbutton%25253E%25250A%252B%252B-%252B%252B%252Blocator%252Bresolved%252Bto%252B2%252Belements.%252BProceeding%252Bwith%252Bthe%252Bfirst%252Bone%25253A%252B%25253Cbutton%252Btype%25253D%252522button%252522%252Bclass%25253D%252522cc-button-component%252Bcc-button-primary%252Bcc-button-xx-large%252Bcc-bg-primary%252Bcc-button-full%252522%25253E%2525E2%252580%2525A6%25253C%25252Fbutton%25253E%25250A%252B%252B-%252B%252B%252Blocator%252Bresolved%252Bto%252B2%252Belements.%252BProceeding%252Bwith%252Bthe%252Bfirst%252Bone%25253A%252B%25253Cbutton%252Btype%25253D%252522button%252522%252Bclass%25253D%252522cc-button-component%252Bcc-button-primary%252Bcc-button-xx-large%252Bcc-bg-primary%252Bcc-button-full%252522%25253E%2525E2%252580%2525A6%25253C%25252Fbutton%25253E%25250A%252B%252B-%252B%252B%252Blocator%252Bresolved%252Bto%252B2%252Belements.%252BProceeding%252Bwith%252Bthe%252Bfirst%252Bone%25253A%252B%25253Cbutton%252Btype%25253D%252522button%252522%252Bclass%25253D%252522cc-button-component%252Bcc-button-primary%252Bcc-button-xx-large%252Bcc-bg-primary%252Bcc-button-full%252522%25253E%2525E2%252580%2525A6%25253C%25252Fbutton%25253E%25250A%252B%252B-%252B%252B%252Blocator%252Bresolved%252Bto%252B2%252Belements.%252BProceeding%252Bwith%252Bthe%252Bfirst%252Bone%25253A%252B%25253Cbutton%252Btype%25253D%252522button%252522%252Bclass%25253D%252522cc-button-component%252Bcc-button-primary%252Bcc-button-xx-large%252Bcc-bg-primary%252Bcc-button-full%252522%25253E%2525E2%252580%2525A6%25253C%25252Fbutton%25253E%25250A%252B%252B-%252B%252B%252Blocator%252Bresolved%252Bto%252B2%252Belements.%252BProceeding%252Bwith%252Bthe%252Bfirst%252Bone%25253A%252B%25253Cbutton%252Btype%25253D%252522button%252522%252Bclass%25253D%252522cc-button-component%252Bcc-button-primary%252Bcc-button-xx-large%252Bcc-bg-primary%252Bcc-button-full%252522%25253E%2525E2%252580%2525A6%25253C%25252Fbutton%25253E%25250A%252B%252B-%252B%252B%252Blocator%252Bresolved%252Bto%252B2%252Belements.%252BProceeding%252Bwith%252Bthe%252Bfirst%252Bone%25253A%252B%25253Cbutton%252Btype%25253D%252522button%252522%252Bclass%25253D%252522cc-button-component%252Bcc-button-primary%252Bcc-button-xx-large%252Bcc-bg-primary%252Bcc-button-full%252522%25253E%2525E2%252580%2525A6%25253C%25252Fbutton%25253E%25250A%252B%252B-%252B%252B%252Blocator%252Bresolved%252Bto%252B2%252Belements.%252BProceeding%252Bwith%252Bthe%252Bfirst%252Bone%25253A%252B%25253Cbutton%252Btype%25253D%252522button%252522%252Bclass%25253D%252522cc-button-component%252Bcc-button-primary%252Bcc-button-xx-large%252Bcc-bg-primary%252Bcc-button-full%252522%25253E%2525E2%252580%2525A6%25253C%25252Fbutton%25253E%25250A%252B%252B-%252B%252B%252Blocator%252Bresolved%252Bto%252B2%252Belements.%252BProceeding%252Bwith%252Bthe%252Bfirst%252Bone%25253A%252B%25253Cbutton%252Btype%25253D%252522button%252522%252Bclass%25253D%252522cc-button-component%252Bcc-button-primary%252Bcc-button-xx-large%252Bcc-bg-primary%252Bcc-button-full%252522%25253E%2525E2%252580%2525A6%25253C%25252Fbutton%25253E%25250A%252B%252B-%252B%252B%252Blocator%252Bresolved%252Bto%252B2%252Belements.%252BProceeding%252Bwith%252Bthe%252Bfirst%252Bone%25253A%252B%25253Cbutton%252Btype%25253D%252522button%252522%252Bclass%25253D%252522cc-button-component%252Bcc-button-primary%252Bcc-button-xx-large%252Bcc-bg-primary%252Bcc-button-full%252522%25253E%2525E2%252580%2525A6%25253C%25252Fbutton%25253E%25250A%252B%252B-%252B%252B%252Blocator%252Bresolved%252Bto%252B2%252Belements.%252BProceeding%252Bwith%252Bthe%252Bfirst%252Bone%25253A%252B%25253Cbutton%252Btype%25253D%252522button%252522%252Bclass%25253D%252522cc-button-component%252Bcc-button-primary%252Bcc-button-xx-large%252Bcc-bg-primary%252Bcc-button-full%252522%25253E%2525E2%252580%2525A6%25253C%25252Fbutton%25253E%25250A%252B%252B-%252B%252B%252Blocator%252Bresolved%252Bto%252B2%252Belements.%252BProceeding%252Bwith%252Bthe%252Bfirst%252Bone%25253A%252B%25253Cbutton%252Btype%25253D%252522button%252522%252Bclass%25253D%252522cc-button-component%252Bcc-button-primary%252Bcc-button-xx-large%252Bcc-bg-primary%252Bcc-button-full%252522%25253E%2525E2%252580%2525A6%25253C%25252Fbutton%25253E%25250A%252B%252B-%252B%252B%252Blocator%252Bresolved%252Bto%252B2%252Belements.%252BProceeding%252Bwith%252Bthe%252Bfirst%252Bone%25253A%252B%25253Cbutton%252Btype%25253D%252522button%252522%252Bclass%25253D%252522cc-button-component%252Bcc-button-primary%252Bcc-button-xx-large%252Bcc-bg-primary%252Bcc-button-full%252522%25253E%2525E2%252580%2525A6%25253C%25252Fbutton%25253E%25250A%252B%252B-%252B%252B%252Blocator%252Bresolved%252Bto%252B2%252Belements.%252BProceeding%252Bwith%252Bthe%252Bfirst%252Bone%25253A%252B%25253Cbutton%252Btype%25253D%252522button%252522%252Bclass%25253D%252522cc-button-component%252Bcc-button-primary%252Bcc-button-xx-large%252Bcc-bg-primary%252Bcc-button-full%252522%25253E%2525E2%252580%2525A6%25253C%25252Fbutton%25253E%25250A%252B%252B-%252B%252B%252Blocator%252Bresolved%252Bto%252B2%252Belements.%252BProceeding%252Bwith%252Bthe%252Bfirst%252Bone%25253A%252B%25253Cbutton%252Btype%25253D%252522button%252522%252Bclass%25253D%252522cc-button-component%252Bcc-button-primary%252Bcc-button-xx-large%252Bcc-bg-primary%252Bcc-button-full%252522%25253E%2525E2%252580%2525A6%25253C%25252Fbutton%25253E%25250A%252B%252B-%252B%252B%252Blocator%252Bresolved%252Bto%252B2%252Belements.%252BProceeding%252Bwith%252Bthe%252Bfirst%252Bone%25253A%252B%25253Cbutton%252Btype%25253D%252522button%252522%252Bclass%25253D%252522cc-button-component%252Bcc-button-primary%252Bcc-button-xx-large%252Bcc-bg-primary%252Bcc-button-full%252522%25253E%2525E2%252580%2525A6%25253C%25252Fbutton%25253E%25250A%252B%252B-%252B%252B%252Blocator%252Bresolved%252Bto%252B2%252Belements.%252BProceeding%252Bwith%252Bthe%252Bfirst%252Bone%25253A%252B%25253Cbutton%252Btype%25253D%252522button%252522%252Bclass%25253D%252522cc-button-component%252Bcc-button-primary%252Bcc-button-xx-large%252Bcc-bg-primary%252Bcc-button-full%252522%25253E%2525E2%252580%2525A6%25253C%25252Fbutton%25253E%25250A%252B%252B-%252B%252B%252Blocator%252Bresolved%252Bto%252B2%252Belements.%252BProceeding%252Bwith%252Bthe%252Bfirst%252Bone%25253A%252B%25253Cbutton%252Btype%25253D%252522button%252522%252Bclass%25253D%252522cc-button-component%252Bcc-button-primary%252Bcc-button-xx-large%252Bcc-bg-primary%252Bcc-button-full%252522%25253E%2525E2%252580%2525A6%25253C%25252Fbutton%25253E%25250A%252B%252B-%252B%252B%252Blocator%252Bresolved%252Bto%252B2%252Belements.%252BProceeding%252Bwith%252Bthe%252Bfirst%252Bone%25253A%252B%25253Cbutton%252Btype%25253D%252522button%252522%252Bclass%25253D%252522cc-button-component%252Bcc-button-primary%252Bcc-button-xx-large%252Bcc-bg-primary%252Bcc-button-full%252522%25253E%2525E2%252580%2525A6%25253C%25252Fbutton%25253E%25250A%252B%252B-%252B%252B%252Blocator%252Bresolved%252Bto%252B2%252Belements.%252BProceeding%252Bwith%252Bthe%252Bfirst%252Bone%25253A%252B%25253Cbutton%252Btype%25253D%252522button%252522%252Bclass%25253D%252522cc-button-component%252Bcc-button-primary%252Bcc-button-xx-large%252Bcc-bg-primary%252Bcc-button-full%252522%25253E%2525E2%252580%2525A6%25253C%25252Fbutton%25253E%25250A%252B%252B-%252B%252B%252Blocator%252Bresolved%252Bto%252B2%252Belements.%252BProceeding%252Bwith%252Bthe%252Bfirst%252Bone%25253A%252B%25253Cbutton%252Btype%25253D%252522button%252522%252Bclass%25253D%252522cc-button-component%252Bcc-button-primary%252Bcc-button-xx-large%252Bcc-bg-primary%252Bcc-button-full%252522%25253E%2525E2%252580%2525A6%25253C%25252Fbutton%25253E%25250A%252B%252B-%252B%252B%252Blocator%252Bresolved%252Bto%252B2%252Belements.%252BProceeding%252Bwith%252Bthe%252Bfirst%252Bone%25253A%252B%25253Cbutton%252Btype%25253D%252522button%252522%252Bclass%25253D%252522cc-button-component%252Bcc-button-primary%252Bcc-button-xx-large%252Bcc-bg-primary%252Bcc-button-full%252522%25253E%2525E2%252580%2525A6%25253C%25252Fbutton%25253E%25250A%252B%252B-%252B%252B%252Blocator%252Bresolved%252Bto%252B2%252Belements.%252BProceeding%252Bwith%252Bthe%252Bfirst%252Bone%25253A%252B%25253Cbutton%252Btype%25253D%252522button%252522%252Bclass%25253D%252522cc-button-component%252Bcc-button-primary%252Bcc-button-xx-large%252Bcc-bg-primary%252Bcc-button-full%252522%25253E%2525E2%252580%2525A6%25253C%25252Fbutton%25253E%25250A%252B%252B-%252B%252B%252Blocator%252Bresolved%252Bto%252B2%252Belements.%252BProceeding%252Bwith%252Bthe%252Bfirst%252Bone%25253A%252B%25253Cbutton%252Btype%25253D%252522button%252522%252Bclass%25253D%252522cc-button-component%252Bcc-button-primary%252Bcc-button-xx-large%252Bcc-bg-primary%252Bcc-button-full%252522%25253E%2525E2%252580%2525A6%25253C%25252Fbutton%25253E%25250A%252B%252B-%252B%252B%252Blocator%252Bresolved%252Bto%252B2%252Belements.%252BProceeding%252Bwith%252Bthe%252Bfirst%252Bone%25253A%252B%25253Cbutton%252Btype%25253D%252522button%252522%252Bclass%25253D%252522cc-button-component%252Bcc-button-primary%252Bcc-button-xx-large%252Bcc-bg-primary%252Bcc-button-full%252522%25253E%2525E2%252580%2525A6%25253C%25252Fbutton%25253E%25250A%252B%252B-%252B%252B%252Blocator%252Bresolved%252Bto%252B2%252Belements.%252BProceeding%252Bwith%252Bthe%252Bfirst%252Bone%25253A%252B%25253Cbutton%252Btype%25253D%252522button%252522%252Bclass%25253D%252522cc-button-component%252Bcc-button-primary%252Bcc-button-xx-large%252Bcc-bg-primary%252Bcc-button-full%252522%25253E%2525E2%252580%2525A6%25253C%25252Fbutton%25253E%25250A%252B%252B-%252B%252B%252Blocator%252Bresolved%252Bto%252B2%252Belements.%252BProceeding%252Bwith%252Bthe%252Bfirst%252Bone%25253A%252B%25253Cbutton%252Btype%25253D%252522button%252522%252Bclass%25253D%252522cc-button-component%252Bcc-button-primary%252Bcc-button-xx-large%252Bcc-bg-primary%252Bcc-button-full%252522%25253E%2525E2%252580%2525A6%25253C%25252Fbutton%25253E%25250A%252B%252B-%252B%252B%252Blocator%252Bresolved%252Bto%252B2%252Belements.%252BProceeding%252Bwith%252Bthe%252Bfirst%252Bone%25253A%252B%25253Cbutton%252Btype%25253D%252522button%252522%252Bclass%25253D%252522cc-button-component%252Bcc-button-primary%252Bcc-button-xx-large%252Bcc-bg-primary%252Bcc-button-full%252522%25253E%2525E2%252580%2525A6%25253C%25252Fbutton%25253E%25250A%252B%252B-%252B%252B%252Blocator%252Bresolved%252Bto%252B2%252Belements.%252BProceeding%252Bwith%252Bthe%252Bfirst%252Bone%25253A%252B%25253Cbutton%252Btype%25253D%252522button%252522%252Bclass%25253D%252522cc-button-component%252Bcc-button-primary%252Bcc-button-xx-large%252Bcc-bg-primary%252Bcc-button-full%252522%25253E%2525E2%252580%2525A6%25253C%25252Fbutton%25253E%25250A%252B%252B-%252B%252B%252Blocator%252Bresolved%252Bto%252B2%252Belements.%252BProceeding%252Bwith%252Bthe%252Bfirst%252Bone%25253A%252B%25253Cbutton%252Btype%25253D%252522button%252522%252Bclass%25253D%252522cc-button-component%252Bcc-button-primary%252Bcc-button-xx-large%252Bcc-bg-primary%252Bcc-button-full%252522%25253E%2525E2%252580%2525A6%25253C%25252Fbutton%25253E%25250A%252B%252B-%252B%252B%252Blocator%252Bresolved%252Bto%252B2%252Belements.%252BProceeding%252Bwith%252Bthe%252Bfirst%252Bone%25253A%252B%25253Cbutton%252Btype%25253D%252522button%252522%252Bclass%25253D%252522cc-button-component%252Bcc-button-primary%252Bcc-button-xx-large%252Bcc-bg-primary%252Bcc-button-full%252522%25253E%2525E2%252580%2525A6%25253C%25252Fbutton%25253E%25250A%252B%252B-%252B%252B%252Blocator%252Bresolved%252Bto%252B2%252Belements.%252BProceeding%252Bwith%252Bthe%252Bfirst%252Bone%25253A%252B%25253Cbutton%252Btype%25253D%252522button%252522%252Bclass%25253D%252522cc-button-component%252Bcc-button-primary%252Bcc-button-xx-large%252Bcc-bg-primary%252Bcc-button-full%252522%25253E%2525E2%252580%2525A6%25253C%25252Fbutton%25253E%25250A%252B%252B-%252B%252B%252Blocator%252Bresolved%252Bto%252B2%252Belements.%252BProceeding%252Bwith%252Bthe%252Bfirst%252Bone%25253A%252B%25253Cbutton%252Btype%25253D%252522button%252522%252Bclass%25253D%252522cc-button-component%252Bcc-button-primary%252Bcc-button-xx-large%252Bcc-bg-primary%252Bcc-button-full%252522%25253E%2525E2%252580%2525A6%25253C%25252Fbutton%25253E%25250A%252B%252B-%252B%252B%252Blocator%252Bresolved%252Bto%252B2%252Belements.%252BProceeding%252Bwith%252Bthe%252Bfirst%252Bone%25253A%252B%25253Cbutton%252Btype%25253D%252522button%252522%252Bclass%25253D%252522cc-button-component%252Bcc-button-primary%252Bcc-button-xx-large%252Bcc-bg-primary%252Bcc-button-full%252522%25253E%2525E2%252580%2525A6%25253C%25252Fbutton%25253E%25250A%252B%252B-%252B%252B%252Blocator%252Bresolved%252Bto%252B2%252Belements.%252BProceeding%252Bwith%252Bthe%252Bfirst%252Bone%25253A%252B%25253Cbutton%252Btype%25253D%252522button%252522%252Bclass%25253D%252522cc-button-component%252Bcc-button-primary%252Bcc-button-xx-large%252Bcc-bg-primary%252Bcc-button-full%252522%25253E%2525E2%252580%2525A6%25253C%25252Fbutton%25253E%25250A%252B%252B-%252B%252B%252Blocator%252Bresolved%252Bto%252B2%252Belements.%252BProceeding%252Bwith%252Bthe%252Bfirst%252Bone%25253A%252B%25253Cbutton%252Btype%25253D%252522button%252522%252Bclass%25253D%252522cc-button-component%252Bcc-button-primary%252Bcc-button-xx-large%252Bcc-bg-primary%252Bcc-button-full%252522%25253E%2525E2%252580%2525A6%25253C%25252Fbutton%25253E%25250A%252B%252B-%252B%252B%252Blocator%252Bresolved%252Bto%252B2%252Belements.%252BProceeding%252Bwith%252Bthe%252Bfirst%252Bone%25253A%252B%25253Cbutton%252Btype%25253D%252522button%252522%252Bclass%25253D%252522cc-button-component%252Bcc-button-primary%252Bcc-button-xx-large%252Bcc-bg-primary%252Bcc-button-full%252522%25253E%2525E2%252580%2525A6%25253C%25252Fbutton%25253E%25250A%252B%252B-%252B%252B%252Blocator%252Bresolved%252Bto%252B2%252Belements.%252BProceeding%252Bwith%252Bthe%252Bfirst%252Bone%25253A%252B%25253Cbutton%252Btype%25253D%252522button%252522%252Bclass%25253D%252522cc-button-component%252Bcc-button-primary%252Bcc-button-xx-large%252Bcc-bg-primary%252Bcc-button-full%252522%25253E%2525E2%252580%2525A6%25253C%25252Fbutton%25253E%25250A%252B%252B-%252B%252B%252Blocator%252Bresolved%252Bto%252B2%252Belements.%252BProceeding%252Bwith%252Bthe%252Bfirst%252Bone%25253A%252B%25253Cbutton%252Btype%25253D%252522button%252522%252Bclass%25253D%252522cc-button-component%252Bcc-button-primary%252Bcc-button-xx-large%252Bcc-bg-primary%252Bcc-button-full%252522%25253E%2525E2%252580%2525A6%25253C%25252Fbutton%25253E%25250A%252B%252B-%252B%252B%252Blocator%252Bresolved%252Bto%252B2%252Belements.%252BProceeding%252Bwith%252Bthe%252Bfirst%252Bone%25253A%252B%25253Cbutton%252Btype%25253D%252522button%252522%252Bclass%25253D%252522cc-button-component%252Bcc-button-primary%252Bcc-button-xx-large%252Bcc-bg-primary%252Bcc-button-full%252522%25253E%2525E2%252580%2525A6%25253C%25252Fbutton%25253E%25250A%252B%252B-%252B%252B%252Blocator%252Bresolved%252Bto%252B2%252Belements.%252BProceeding%252Bwith%252Bthe%252Bfirst%252Bone%25253A%252B%25253Cbutton%252Btype%25253D%252522button%252522%252Bclass%25253D%252522cc-button-component%252Bcc-button-primary%252Bcc-button-xx-large%252Bcc-bg-primary%252Bcc-button-full%252522%25253E%2525E2%252580%2525A6%25253C%25252Fbutton%25253E%25250A%252B%252B-%252B%252B%252Blocator%252Bresolved%252Bto%252B2%252Belements.%252BProceeding%252Bwith%252Bthe%252Bfirst%252Bone%25253A%252B%25253Cbutton%252Btype%25253D%252522button%252522%252Bclass%25253D%252522cc-button-component%252Bcc-button-primary%252Bcc-button-xx-large%252Bcc-bg-primary%252Bcc-button-full%252522%25253E%2525E2%252580%2525A6%25253C%25252Fbutton%25253E%25250A%252B%252B-%252B%252B%252Blocator%252Bresolved%252Bto%252B2%252Belements.%252BProceeding%252Bwith%252Bthe%252Bfirst%252Bone%25253A%252B%25253Cbutton%252Btype%25253D%252522button%252522%252Bclass%25253D%252522cc-button-component%252Bcc-button-primary%252Bcc-button-xx-large%252Bcc-bg-primary%252Bcc-button-full%252522%25253E%2525E2%252580%2525A6%25253C%25252Fbutton%25253E%25250A%252B%252B-%252B%252B%252Blocator%252Bresolved%252Bto%252B2%252Belements.%252BProceeding%252Bwith%252Bthe%252Bfirst%252Bone%25253A%252B%25253Cbutton%252Btype%25253D%252522button%252522%252Bclass%25253D%252522cc-button-component%252Bcc-button-primary%252Bcc-button-xx-large%252Bcc-bg-primary%252Bcc-button-full%252522%25253E%2525E2%252580%2525A6%25253C%25252Fbutton%25253E%25250A%252B%252B-%252B%252B%252Blocator%252Bresolved%252Bto%252B2%252Belements.%252BProceeding%252Bwith%252Bthe%252Bfirst%252Bone%25253A%252B%25253Cbutton%252Btype%25253D%252522button%252522%252Bclass%25253D%252522cc-button-component%252Bcc-button-primary%252Bcc-button-xx-large%252Bcc-bg-primary%252Bcc-button-full%252522%25253E%2525E2%252580%2525A6%25253C%25252Fbutton%25253E%25250A%252B%252B-%252B%252B%252Blocator%252Bresolved%252Bto%252B2%252Belements.%252BProceeding%252Bwith%252Bthe%252Bfirst%252Bone%25253A%252B%25253Cbutton%252Btype%25253D%252522button%252522%252Bclass%25253D%252522cc-button-component%252Bcc-button-primary%252Bcc-button-xx-large%252Bcc-bg-primary%252Bcc-button-full%252522%25253E%2525E2%252580%2525A6%25253C%25252Fbutton%25253E%25250A%252B%252B-%252B%252B%252Blocator%252Bresolved%252Bto%252B2%252Belements.%252BProceeding%252Bwith%252Bthe%252Bfirst%252Bone%25253A%252B%25253Cbutton%252Btype%25253D%252522button%252522%252Bclass%25253D%252522cc-button-component%252Bcc-button-primary%252Bcc-button-xx-large%252Bcc-bg-primary%252Bcc-button-full%252522%25253E%2525E2%252580%2525A6%25253C%25252Fbutton%25253E%25250A%252B%252B-%252B%252B%252Blocator%252Bresolved%252Bto%252B2%252Belements.%252BProceeding%252Bwith%252Bthe%252Bfirst%252Bone%25253A%252B%25253Cbutton%252Btype%25253D%252522button%252522%252Bclass%25253D%252522cc-button-component%252Bcc-button-primary%252Bcc-button-xx-large%252Bcc-bg-primary%252Bcc-button-full%252522%25253E%2525E2%252580%2525A6%25253C%25252Fbutton%25253E%25250A%252B%252B-%252B%252B%252Blocator%252Bresolved%252Bto%252B2%252Belements.%252BProceeding%252Bwith%252Bthe%252Bfirst%252Bone%25253A%252B%25253Cbutton%252Btype%25253D%252522button%252522%252Bclass%25253D%252522cc-button-component%252Bcc-button-primary%252Bcc-button-xx-large%252Bcc-bg-primary%252Bcc-button-full%252522%25253E%2525E2%252580%2525A6%25253C%25252Fbutton%25253E%25250A%252B%252B-%252B%252B%252Blocator%252Bresolved%252Bto%252B2%252Belements.%252BProceeding%252Bwith%252Bthe%252Bfirst%252Bone%25253A%252B%25253Cbutton%252Btype%25253D%252522button%252522%252Bclass%25253D%252522cc-button-component%252Bcc-button-primary%252Bcc-button-xx-large%252Bcc-bg-primary%252Bcc-button-full%252522%25253E%2525E2%252580%2525A6%25253C%25252Fbutton%25253E%25250A%252B%252B-%252B%252B%252Blocator%252Bresolved%252Bto%252B2%252Belements.%252BProceeding%252Bwith%252Bthe%252Bfirst%252Bone%25253A%252B%25253Cbutton%252Btype%25253D%252522button%252522%252Bclass%25253D%252522cc-button-component%252Bcc-button-primary%252Bcc-button-xx-large%252Bcc-bg-primary%252Bcc-button-full%252522%25253E%2525E2%252580%2525A6%25253C%25252Fbutton%25253E%25250A%252B%252B-%252B%252B%252Blocator%252Bresolved%252Bto%252B2%252Belements.%252BProceeding%252Bwith%252Bthe%252Bfirst%252Bone%25253A%252B%25253Cbutton%252Btype%25253D%252522button%252522%252Bclass%25253D%252522cc-button-component%252Bcc-button-primary%252Bcc-button-xx-large%252Bcc-bg-primary%252Bcc-button-full%252522%25253E%2525E2%252580%2525A6%25253C%25252Fbutton%25253E%25250A%252B%252B-%252B%252B%252Blocator%252Bresolved%252Bto%252B2%252Belements.%252BProceeding%252Bwith%252Bthe%252Bfirst%252Bone%25253A%252B%25253Cbutton%252Btype%25253D%252522button%252522%252Bclass%25253D%252522cc-button-component%252Bcc-button-primary%252Bcc-button-xx-large%252Bcc-bg-primary%252Bcc-button-full%252522%25253E%2525E2%252580%2525A6%25253C%25252Fbutton%25253E%25250A%2B%2528Caused%2Bby%2BSSLError%2528SSLCertVerificationError%25281%252C%2B%2527%255BSSL%253A%2BCERTIFICATE_VERIFY_FAILED%255D%2Bcertificate%2Bverify%2Bfailed%253A%2Bself%2Bsigned%2Bcertificate%2B%2528_ssl.c%253A1129%2529%2527%2529%2529%2529+%28Caused+by+SSLError%28SSLCertVerificationError%281%2C+%27%5BSSL%3A+CERTIFICATE_VERIFY_FAILED%5D+certificate+verify+failed%3A+self+signed+certificate+%28_ssl.c%3A1129%29%27%29%29%29 (Caused by SSLError(SSLCertVerificationError(1, '[SSL: CERTIFICATE_VERIFY_FAILED] certificate verify failed: self signed certificate (_ssl.c:1129)')))
2025-05-25 01:59:51,353 - INFO - Processing link: github